#
# There is insufficient memory for the Java Runtime Environment to continue.
# Native memory allocation (mmap) failed to map 37748736 bytes for Failed to commit area from 0x0000000089e00000 to 0x000000008c200000 of length 37748736.
# Possible reasons:
#   The system is out of physical RAM or swap space
#   The process is running with CompressedOops enabled, and the Java Heap may be blocking the growth of the native heap
# Possible solutions:
#   Reduce memory load on the system
#   Increase physical memory or swap space
#   Check if swap backing store is full
#   Decrease Java heap size (-Xmx/-Xms)
#   Decrease number of Java threads
#   Decrease Java thread stack sizes (-Xss)
#   Set larger code cache with -XX:ReservedCodeCacheSize=
#   JVM is running with Unscaled Compressed Oops mode in which the Java heap is
#     placed in the first 4GB address space. The Java Heap base address is the
#     maximum limit for the native heap growth. Please use -XX:HeapBaseMinAddress
#     to set the Java Heap base and to place the Java Heap above 4GB virtual address.
# This output file may be truncated or incomplete.
#
#  Out of Memory Error (./src/hotspot/os/windows/os_windows.cpp:3301), pid=16604, tid=12644
#
# JRE version: OpenJDK Runtime Environment (11.0.11+9) (build 11.0.11+9-b60-7590822)
# Java VM: OpenJDK 64-Bit Server VM (11.0.11+9-b60-7590822, mixed mode, tiered, compressed oops, g1 gc, windows-amd64)
# No core dump will be written. Minidumps are not enabled by default on client versions of Windows
#

---------------  S U M M A R Y ------------

Command Line: org.jetbrains.kotlin.cli.jvm.K2JVMCompiler @D:\kinjal_work_home\kinjal\work from home\youseff\new code\ReloopApp\app\build\20220809_2566599241668645738.compiler.options

Host: Intel(R) Core(TM) i7-3770 CPU @ 3.40GHz, 8 cores, 7G,  Windows 10 , 64 bit Build 19041 (10.0.19041.1806)
Time: Tue Aug  9 13:11:20 2022 India Standard Time elapsed time: 2.224628 seconds (0d 0h 0m 2s)

---------------  T H R E A D  ---------------

Current thread (0x000001b539f89800):  VMThread "VM Thread" [stack: 0x0000000528e00000,0x0000000528f00000] [id=12644]

Stack: [0x0000000528e00000,0x0000000528f00000]
[error occurred during error reporting (printing stack bounds), id 0xc0000005, EXCEPTION_ACCESS_VIOLATION (0xc0000005) at pc=0x000001b522f10f2d]

Native frames: (J=compiled Java code, j=interpreted, Vv=VM code, C=native code)
V  [jvm.dll+0x5f214a]
V  [jvm.dll+0x726fb5]
V  [jvm.dll+0x7285cd]
V  [jvm.dll+0x728be5]
V  [jvm.dll+0x728b9b]
V  [jvm.dll+0x5f14e8]
V  [jvm.dll+0x5f1c78]
C  [ntdll.dll+0xa229f]
C  [ntdll.dll+0x51454]
C  [ntdll.dll+0xa0dce]
C  0x000001b522f10f2d

VM_Operation (0x00000005288fa760): CollectForMetadataAllocation, mode: safepoint, requested by thread 0x000001b51f3eb000


---------------  P R O C E S S  ---------------

Threads class SMR info:
_java_thread_list=0x000001b53c1091c0, length=12, elements={
0x000001b51f3eb000, 0x000001b539f8b800, 0x000001b539fb5000, 0x000001b53a7d4800,
0x000001b53a7d5800, 0x000001b53a7d6800, 0x000001b53a7db000, 0x000001b53a82a800,
0x000001b53a830800, 0x000001b53a99f800, 0x000001b53a998800, 0x000001b53e24b000
}

Java Threads: ( => current thread )
  0x000001b51f3eb000 JavaThread "main" [_thread_blocked, id=11972, stack(0x0000000528800000,0x0000000528900000)]
  0x000001b539f8b800 JavaThread "Reference Handler" daemon [_thread_blocked, id=7228, stack(0x0000000528f00000,0x0000000529000000)]
  0x000001b539fb5000 JavaThread "Finalizer" daemon [_thread_blocked, id=4212, stack(0x0000000529000000,0x0000000529100000)]
  0x000001b53a7d4800 JavaThread "Signal Dispatcher" daemon [_thread_blocked, id=15820, stack(0x0000000529100000,0x0000000529200000)]
  0x000001b53a7d5800 JavaThread "Attach Listener" daemon [_thread_blocked, id=2520, stack(0x0000000529200000,0x0000000529300000)]
  0x000001b53a7d6800 JavaThread "Service Thread" daemon [_thread_blocked, id=5676, stack(0x0000000529300000,0x0000000529400000)]
  0x000001b53a7db000 JavaThread "C2 CompilerThread0" daemon [_thread_blocked, id=12540, stack(0x0000000529400000,0x0000000529500000)]
  0x000001b53a82a800 JavaThread "C1 CompilerThread0" daemon [_thread_blocked, id=6592, stack(0x0000000529500000,0x0000000529600000)]
  0x000001b53a830800 JavaThread "Sweeper thread" daemon [_thread_blocked, id=15068, stack(0x0000000529600000,0x0000000529700000)]
  0x000001b53a99f800 JavaThread "Common-Cleaner" daemon [_thread_blocked, id=5440, stack(0x0000000529800000,0x0000000529900000)]
  0x000001b53a998800 JavaThread "C2 CompilerThread1" daemon [_thread_blocked, id=7244, stack(0x0000000529900000,0x0000000529a00000)]
  0x000001b53e24b000 JavaThread "C2 CompilerThread2" daemon [_thread_in_native, id=10912, stack(0x0000000529d00000,0x0000000529e00000)]

Other Threads:
=>0x000001b539f89800 VMThread "VM Thread" [stack: 0x0000000528e00000,0x0000000528f00000] [id=12644]
  0x000001b53a994000 WatcherThread [stack: 0x0000000529700000,0x0000000529800000] [id=6288]
  0x000001b51f402800 GCTaskThread "GC Thread#0" [stack: 0x0000000528900000,0x0000000528a00000] [id=8012]
  0x000001b53b168800 GCTaskThread "GC Thread#1" [stack: 0x0000000529a00000,0x0000000529b00000] [id=6020]
  0x000001b53ae0a800 GCTaskThread "GC Thread#2" [stack: 0x0000000529b00000,0x0000000529c00000] [id=9396]
  0x000001b51f433000 ConcurrentGCThread "G1 Main Marker" [stack: 0x0000000528a00000,0x0000000528b00000] [id=8428]
  0x000001b51f434800 ConcurrentGCThread "G1 Conc#0" [stack: 0x0000000528b00000,0x0000000528c00000] [id=14188]
  0x000001b53b28d800 ConcurrentGCThread "G1 Conc#1" [stack: 0x0000000529c00000,0x0000000529d00000] [id=7728]
  0x000001b539df0800 ConcurrentGCThread "G1 Refine#0" [stack: 0x0000000528c00000,0x0000000528d00000] [id=3976]
  0x000001b53bed5800 ConcurrentGCThread "G1 Refine#1" [stack: 0x0000000529e00000,0x0000000529f00000] [id=11596]
  0x000001b53beaa800 ConcurrentGCThread "G1 Refine#2" [stack: 0x0000000529f00000,0x000000052a000000] [id=14716]
  0x000001b53f98d800 ConcurrentGCThread "G1 Refine#3" [stack: 0x000000052a000000,0x000000052a100000] [id=18188]
  0x000001b539df1000 ConcurrentGCThread "G1 Young RemSet Sampling" [stack: 0x0000000528d00000,0x0000000528e00000] [id=6400]

Threads with active compile tasks:
C2 CompilerThread2   2231 2550   !   4       java.net.URL::<init> (543 bytes)

VM state:at safepoint (normal execution)

VM Mutex/Monitor currently owned by a thread:  ([mutex/lock_event])
[0x000001b51f3e6bc0] Threads_lock - owner thread: 0x000001b539f89800
[0x000001b51f3e6f20] Heap_lock - owner thread: 0x000001b51f3eb000

Heap address: 0x0000000081e00000, size: 2018 MB, Compressed Oops mode: 32-bit
Narrow klass base: 0x0000000000000000, Narrow klass shift: 3
Compressed class space size: 1073741824 Address: 0x0000000100000000

Heap:
 garbage-first heap   total 167936K, used 25596K [0x0000000081e00000, 0x0000000100000000)
  region size 1024K, 2 young (2048K), 2 survivors (2048K)
 Metaspace       used 34904K, capacity 35413K, committed 35628K, reserved 1081344K
  class space    used 4278K, capacity 4457K, committed 4480K, reserved 1048576K
Heap Regions: E=young(eden), S=young(survivor), O=old, HS=humongous(starts), HC=humongous(continues), CS=collection set, F=free, A=archive, TAMS=top-at-mark-start (previous, next)
|   0|0x0000000081e00000, 0x0000000081f00000, 0x0000000081f00000|100%|HS|  |TAMS 0x0000000081f00000, 0x0000000081f00000| Complete 
|   1|0x0000000081f00000, 0x0000000082000000, 0x0000000082000000|100%|HC|  |TAMS 0x0000000082000000, 0x0000000082000000| Complete 
|   2|0x0000000082000000, 0x0000000082100000, 0x0000000082100000|100%|HC|  |TAMS 0x0000000082100000, 0x0000000082100000| Complete 
|   3|0x0000000082100000, 0x0000000082200000, 0x0000000082200000|100%|HS|  |TAMS 0x0000000082100000, 0x0000000082200000| Complete 
|   4|0x0000000082200000, 0x0000000082300000, 0x0000000082300000|100%|HC|  |TAMS 0x0000000082200000, 0x0000000082300000| Complete 
|   5|0x0000000082300000, 0x0000000082400000, 0x0000000082400000|100%|HC|  |TAMS 0x0000000082300000, 0x0000000082400000| Complete 
|   6|0x0000000082400000, 0x0000000082500000, 0x0000000082500000|100%|HS|  |TAMS 0x0000000082400000, 0x0000000082500000| Complete 
|   7|0x0000000082500000, 0x0000000082600000, 0x0000000082600000|100%|HC|  |TAMS 0x0000000082500000, 0x0000000082600000| Complete 
|   8|0x0000000082600000, 0x0000000082700000, 0x0000000082700000|100%| O|  |TAMS 0x0000000082600000, 0x0000000082700000| Untracked 
|   9|0x0000000082700000, 0x0000000082800000, 0x0000000082800000|100%| O|  |TAMS 0x0000000082700000, 0x0000000082800000| Untracked 
|  10|0x0000000082800000, 0x0000000082900000, 0x0000000082900000|100%| O|  |TAMS 0x0000000082800000, 0x0000000082900000| Untracked 
|  11|0x0000000082900000, 0x0000000082a00000, 0x0000000082a00000|100%| O|  |TAMS 0x0000000082900000, 0x0000000082a00000| Untracked 
|  12|0x0000000082a00000, 0x0000000082b00000, 0x0000000082b00000|100%| O|  |TAMS 0x0000000082a00000, 0x0000000082b00000| Untracked 
|  13|0x0000000082b00000, 0x0000000082c00000, 0x0000000082c00000|100%| O|  |TAMS 0x0000000082b00000, 0x0000000082c00000| Untracked 
|  14|0x0000000082c00000, 0x0000000082d00000, 0x0000000082d00000|100%| O|  |TAMS 0x0000000082c00000, 0x0000000082d00000| Untracked 
|  15|0x0000000082d00000, 0x0000000082e00000, 0x0000000082e00000|100%| O|  |TAMS 0x0000000082d00000, 0x0000000082e00000| Untracked 
|  16|0x0000000082e00000, 0x0000000082f00000, 0x0000000082f00000|100%| O|  |TAMS 0x0000000082e00000, 0x0000000082f00000| Untracked 
|  17|0x0000000082f00000, 0x0000000083000000, 0x0000000083000000|100%| O|  |TAMS 0x0000000082f00000, 0x0000000083000000| Untracked 
|  18|0x0000000083000000, 0x0000000083100000, 0x0000000083100000|100%| O|  |TAMS 0x0000000083000000, 0x0000000083100000| Untracked 
|  19|0x0000000083100000, 0x0000000083200000, 0x0000000083200000|100%| O|  |TAMS 0x0000000083100000, 0x0000000083200000| Untracked 
|  20|0x0000000083200000, 0x0000000083300000, 0x0000000083300000|100%| O|  |TAMS 0x0000000083200000, 0x0000000083300000| Untracked 
|  21|0x0000000083300000, 0x0000000083400000, 0x0000000083400000|100%| O|  |TAMS 0x0000000083300000, 0x0000000083400000| Untracked 
|  22|0x0000000083400000, 0x0000000083500000, 0x0000000083500000|100%| O|  |TAMS 0x0000000083400000, 0x0000000083500000| Untracked 
|  23|0x0000000083500000, 0x0000000083500000, 0x0000000083600000|  0%| F|  |TAMS 0x0000000083500000, 0x0000000083500000| Untracked 
|  24|0x0000000083600000, 0x0000000083600000, 0x0000000083700000|  0%| F|  |TAMS 0x0000000083600000, 0x0000000083600000| Untracked 
|  25|0x0000000083700000, 0x0000000083700000, 0x0000000083800000|  0%| F|  |TAMS 0x0000000083700000, 0x0000000083700000| Untracked 
|  26|0x0000000083800000, 0x0000000083800000, 0x0000000083900000|  0%| F|  |TAMS 0x0000000083800000, 0x0000000083800000| Untracked 
|  27|0x0000000083900000, 0x0000000083900000, 0x0000000083a00000|  0%| F|  |TAMS 0x0000000083900000, 0x0000000083900000| Untracked 
|  28|0x0000000083a00000, 0x0000000083a00000, 0x0000000083b00000|  0%| F|  |TAMS 0x0000000083a00000, 0x0000000083a00000| Untracked 
|  29|0x0000000083b00000, 0x0000000083b00000, 0x0000000083c00000|  0%| F|  |TAMS 0x0000000083b00000, 0x0000000083b00000| Untracked 
|  30|0x0000000083c00000, 0x0000000083c00000, 0x0000000083d00000|  0%| F|  |TAMS 0x0000000083c00000, 0x0000000083c00000| Untracked 
|  31|0x0000000083d00000, 0x0000000083d00000, 0x0000000083e00000|  0%| F|  |TAMS 0x0000000083d00000, 0x0000000083d00000| Untracked 
|  32|0x0000000083e00000, 0x0000000083e00000, 0x0000000083f00000|  0%| F|  |TAMS 0x0000000083e00000, 0x0000000083e00000| Untracked 
|  33|0x0000000083f00000, 0x0000000083f00000, 0x0000000084000000|  0%| F|  |TAMS 0x0000000083f00000, 0x0000000083f00000| Untracked 
|  34|0x0000000084000000, 0x0000000084000000, 0x0000000084100000|  0%| F|  |TAMS 0x0000000084000000, 0x0000000084000000| Untracked 
|  35|0x0000000084100000, 0x0000000084100000, 0x0000000084200000|  0%| F|  |TAMS 0x0000000084100000, 0x0000000084100000| Untracked 
|  36|0x0000000084200000, 0x0000000084200000, 0x0000000084300000|  0%| F|  |TAMS 0x0000000084200000, 0x0000000084200000| Untracked 
|  37|0x0000000084300000, 0x0000000084300000, 0x0000000084400000|  0%| F|  |TAMS 0x0000000084300000, 0x0000000084300000| Untracked 
|  38|0x0000000084400000, 0x0000000084400000, 0x0000000084500000|  0%| F|  |TAMS 0x0000000084400000, 0x0000000084400000| Untracked 
|  39|0x0000000084500000, 0x0000000084500000, 0x0000000084600000|  0%| F|  |TAMS 0x0000000084500000, 0x0000000084500000| Untracked 
|  40|0x0000000084600000, 0x0000000084600000, 0x0000000084700000|  0%| F|  |TAMS 0x0000000084600000, 0x0000000084600000| Untracked 
|  41|0x0000000084700000, 0x0000000084700000, 0x0000000084800000|  0%| F|  |TAMS 0x0000000084700000, 0x0000000084700000| Untracked 
|  42|0x0000000084800000, 0x0000000084800000, 0x0000000084900000|  0%| F|  |TAMS 0x0000000084800000, 0x0000000084800000| Untracked 
|  43|0x0000000084900000, 0x0000000084900000, 0x0000000084a00000|  0%| F|  |TAMS 0x0000000084900000, 0x0000000084900000| Untracked 
|  44|0x0000000084a00000, 0x0000000084a00000, 0x0000000084b00000|  0%| F|  |TAMS 0x0000000084a00000, 0x0000000084a00000| Untracked 
|  45|0x0000000084b00000, 0x0000000084b00000, 0x0000000084c00000|  0%| F|  |TAMS 0x0000000084b00000, 0x0000000084b00000| Untracked 
|  46|0x0000000084c00000, 0x0000000084c00000, 0x0000000084d00000|  0%| F|  |TAMS 0x0000000084c00000, 0x0000000084c00000| Untracked 
|  47|0x0000000084d00000, 0x0000000084d00000, 0x0000000084e00000|  0%| F|  |TAMS 0x0000000084d00000, 0x0000000084d00000| Untracked 
|  48|0x0000000084e00000, 0x0000000084e00000, 0x0000000084f00000|  0%| F|  |TAMS 0x0000000084e00000, 0x0000000084e00000| Untracked 
|  49|0x0000000084f00000, 0x0000000084f00000, 0x0000000085000000|  0%| F|  |TAMS 0x0000000084f00000, 0x0000000084f00000| Untracked 
|  50|0x0000000085000000, 0x0000000085000000, 0x0000000085100000|  0%| F|  |TAMS 0x0000000085000000, 0x0000000085000000| Untracked 
|  51|0x0000000085100000, 0x0000000085100000, 0x0000000085200000|  0%| F|  |TAMS 0x0000000085100000, 0x0000000085100000| Untracked 
|  52|0x0000000085200000, 0x0000000085200000, 0x0000000085300000|  0%| F|  |TAMS 0x0000000085200000, 0x0000000085200000| Untracked 
|  53|0x0000000085300000, 0x0000000085300000, 0x0000000085400000|  0%| F|  |TAMS 0x0000000085300000, 0x0000000085300000| Untracked 
|  54|0x0000000085400000, 0x0000000085400000, 0x0000000085500000|  0%| F|  |TAMS 0x0000000085400000, 0x0000000085400000| Untracked 
|  55|0x0000000085500000, 0x0000000085500000, 0x0000000085600000|  0%| F|  |TAMS 0x0000000085500000, 0x0000000085500000| Untracked 
|  56|0x0000000085600000, 0x0000000085600000, 0x0000000085700000|  0%| F|  |TAMS 0x0000000085600000, 0x0000000085600000| Untracked 
|  57|0x0000000085700000, 0x0000000085700000, 0x0000000085800000|  0%| F|  |TAMS 0x0000000085700000, 0x0000000085700000| Untracked 
|  58|0x0000000085800000, 0x0000000085800000, 0x0000000085900000|  0%| F|  |TAMS 0x0000000085800000, 0x0000000085800000| Untracked 
|  59|0x0000000085900000, 0x0000000085900000, 0x0000000085a00000|  0%| F|  |TAMS 0x0000000085900000, 0x0000000085900000| Untracked 
|  60|0x0000000085a00000, 0x0000000085a00000, 0x0000000085b00000|  0%| F|  |TAMS 0x0000000085a00000, 0x0000000085a00000| Untracked 
|  61|0x0000000085b00000, 0x0000000085b00000, 0x0000000085c00000|  0%| F|  |TAMS 0x0000000085b00000, 0x0000000085b00000| Untracked 
|  62|0x0000000085c00000, 0x0000000085c00000, 0x0000000085d00000|  0%| F|  |TAMS 0x0000000085c00000, 0x0000000085c00000| Untracked 
|  63|0x0000000085d00000, 0x0000000085d00000, 0x0000000085e00000|  0%| F|  |TAMS 0x0000000085d00000, 0x0000000085d00000| Untracked 
|  64|0x0000000085e00000, 0x0000000085e00000, 0x0000000085f00000|  0%| F|  |TAMS 0x0000000085e00000, 0x0000000085e00000| Untracked 
|  65|0x0000000085f00000, 0x0000000085f00000, 0x0000000086000000|  0%| F|  |TAMS 0x0000000085f00000, 0x0000000085f00000| Untracked 
|  66|0x0000000086000000, 0x0000000086000000, 0x0000000086100000|  0%| F|  |TAMS 0x0000000086000000, 0x0000000086000000| Untracked 
|  67|0x0000000086100000, 0x0000000086100000, 0x0000000086200000|  0%| F|  |TAMS 0x0000000086100000, 0x0000000086100000| Untracked 
|  68|0x0000000086200000, 0x0000000086200000, 0x0000000086300000|  0%| F|  |TAMS 0x0000000086200000, 0x0000000086200000| Untracked 
|  69|0x0000000086300000, 0x0000000086300000, 0x0000000086400000|  0%| F|  |TAMS 0x0000000086300000, 0x0000000086300000| Untracked 
|  70|0x0000000086400000, 0x0000000086400000, 0x0000000086500000|  0%| F|  |TAMS 0x0000000086400000, 0x0000000086400000| Untracked 
|  71|0x0000000086500000, 0x0000000086500000, 0x0000000086600000|  0%| F|  |TAMS 0x0000000086500000, 0x0000000086500000| Untracked 
|  72|0x0000000086600000, 0x0000000086600000, 0x0000000086700000|  0%| F|  |TAMS 0x0000000086600000, 0x0000000086600000| Untracked 
|  73|0x0000000086700000, 0x0000000086700000, 0x0000000086800000|  0%| F|  |TAMS 0x0000000086700000, 0x0000000086700000| Untracked 
|  74|0x0000000086800000, 0x0000000086800000, 0x0000000086900000|  0%| F|  |TAMS 0x0000000086800000, 0x0000000086800000| Untracked 
|  75|0x0000000086900000, 0x0000000086900000, 0x0000000086a00000|  0%| F|  |TAMS 0x0000000086900000, 0x0000000086900000| Untracked 
|  76|0x0000000086a00000, 0x0000000086a00000, 0x0000000086b00000|  0%| F|  |TAMS 0x0000000086a00000, 0x0000000086a00000| Untracked 
|  77|0x0000000086b00000, 0x0000000086b00000, 0x0000000086c00000|  0%| F|  |TAMS 0x0000000086b00000, 0x0000000086b00000| Untracked 
|  78|0x0000000086c00000, 0x0000000086c00000, 0x0000000086d00000|  0%| F|  |TAMS 0x0000000086c00000, 0x0000000086c00000| Untracked 
|  79|0x0000000086d00000, 0x0000000086d00000, 0x0000000086e00000|  0%| F|  |TAMS 0x0000000086d00000, 0x0000000086d00000| Untracked 
|  80|0x0000000086e00000, 0x0000000086e00000, 0x0000000086f00000|  0%| F|  |TAMS 0x0000000086e00000, 0x0000000086e00000| Untracked 
|  81|0x0000000086f00000, 0x0000000086f00000, 0x0000000087000000|  0%| F|  |TAMS 0x0000000086f00000, 0x0000000086f00000| Untracked 
|  82|0x0000000087000000, 0x0000000087000000, 0x0000000087100000|  0%| F|  |TAMS 0x0000000087000000, 0x0000000087000000| Untracked 
|  83|0x0000000087100000, 0x0000000087100000, 0x0000000087200000|  0%| F|  |TAMS 0x0000000087100000, 0x0000000087100000| Untracked 
|  84|0x0000000087200000, 0x0000000087200000, 0x0000000087300000|  0%| F|  |TAMS 0x0000000087200000, 0x0000000087200000| Untracked 
|  85|0x0000000087300000, 0x0000000087300000, 0x0000000087400000|  0%| F|  |TAMS 0x0000000087300000, 0x0000000087300000| Untracked 
|  86|0x0000000087400000, 0x0000000087400000, 0x0000000087500000|  0%| F|  |TAMS 0x0000000087400000, 0x0000000087400000| Untracked 
|  87|0x0000000087500000, 0x0000000087500000, 0x0000000087600000|  0%| F|  |TAMS 0x0000000087500000, 0x0000000087500000| Untracked 
|  88|0x0000000087600000, 0x0000000087600000, 0x0000000087700000|  0%| F|  |TAMS 0x0000000087600000, 0x0000000087600000| Untracked 
|  89|0x0000000087700000, 0x0000000087700000, 0x0000000087800000|  0%| F|  |TAMS 0x0000000087700000, 0x0000000087700000| Untracked 
|  90|0x0000000087800000, 0x0000000087800000, 0x0000000087900000|  0%| F|  |TAMS 0x0000000087800000, 0x0000000087800000| Untracked 
|  91|0x0000000087900000, 0x0000000087900000, 0x0000000087a00000|  0%| F|  |TAMS 0x0000000087900000, 0x0000000087900000| Untracked 
|  92|0x0000000087a00000, 0x0000000087a00000, 0x0000000087b00000|  0%| F|  |TAMS 0x0000000087a00000, 0x0000000087a00000| Untracked 
|  93|0x0000000087b00000, 0x0000000087b00000, 0x0000000087c00000|  0%| F|  |TAMS 0x0000000087b00000, 0x0000000087b00000| Untracked 
|  94|0x0000000087c00000, 0x0000000087c00000, 0x0000000087d00000|  0%| F|  |TAMS 0x0000000087c00000, 0x0000000087c00000| Untracked 
|  95|0x0000000087d00000, 0x0000000087d00000, 0x0000000087e00000|  0%| F|  |TAMS 0x0000000087d00000, 0x0000000087d00000| Untracked 
|  96|0x0000000087e00000, 0x0000000087e00000, 0x0000000087f00000|  0%| F|  |TAMS 0x0000000087e00000, 0x0000000087e00000| Untracked 
|  97|0x0000000087f00000, 0x0000000087f00000, 0x0000000088000000|  0%| F|  |TAMS 0x0000000087f00000, 0x0000000087f00000| Untracked 
|  98|0x0000000088000000, 0x0000000088000000, 0x0000000088100000|  0%| F|  |TAMS 0x0000000088000000, 0x0000000088000000| Untracked 
|  99|0x0000000088100000, 0x0000000088100000, 0x0000000088200000|  0%| F|  |TAMS 0x0000000088100000, 0x0000000088100000| Untracked 
| 100|0x0000000088200000, 0x0000000088200000, 0x0000000088300000|  0%| F|  |TAMS 0x0000000088200000, 0x0000000088200000| Untracked 
| 101|0x0000000088300000, 0x0000000088300000, 0x0000000088400000|  0%| F|  |TAMS 0x0000000088300000, 0x0000000088300000| Untracked 
| 102|0x0000000088400000, 0x0000000088400000, 0x0000000088500000|  0%| F|  |TAMS 0x0000000088400000, 0x0000000088400000| Untracked 
| 103|0x0000000088500000, 0x0000000088500000, 0x0000000088600000|  0%| F|  |TAMS 0x0000000088500000, 0x0000000088500000| Untracked 
| 104|0x0000000088600000, 0x0000000088600000, 0x0000000088700000|  0%| F|  |TAMS 0x0000000088600000, 0x0000000088600000| Untracked 
| 105|0x0000000088700000, 0x0000000088700000, 0x0000000088800000|  0%| F|  |TAMS 0x0000000088700000, 0x0000000088700000| Untracked 
| 106|0x0000000088800000, 0x0000000088800000, 0x0000000088900000|  0%| F|  |TAMS 0x0000000088800000, 0x0000000088800000| Untracked 
| 107|0x0000000088900000, 0x00000000889ff058, 0x0000000088a00000| 99%| S|CS|TAMS 0x0000000088900000, 0x0000000088900000| Complete 
| 108|0x0000000088a00000, 0x0000000088b00000, 0x0000000088b00000|100%| S|CS|TAMS 0x0000000088a00000, 0x0000000088a00000| Complete 
| 109|0x0000000088b00000, 0x0000000088b00000, 0x0000000088c00000|  0%| F|  |TAMS 0x0000000088b00000, 0x0000000088b00000| Untracked 
| 110|0x0000000088c00000, 0x0000000088c00000, 0x0000000088d00000|  0%| F|  |TAMS 0x0000000088c00000, 0x0000000088c00000| Untracked 
| 111|0x0000000088d00000, 0x0000000088d00000, 0x0000000088e00000|  0%| F|  |TAMS 0x0000000088d00000, 0x0000000088d00000| Untracked 
| 112|0x0000000088e00000, 0x0000000088e00000, 0x0000000088f00000|  0%| F|  |TAMS 0x0000000088e00000, 0x0000000088e00000| Untracked 
| 113|0x0000000088f00000, 0x0000000088f00000, 0x0000000089000000|  0%| F|  |TAMS 0x0000000088f00000, 0x0000000088f00000| Untracked 
| 114|0x0000000089000000, 0x0000000089000000, 0x0000000089100000|  0%| F|  |TAMS 0x0000000089000000, 0x0000000089000000| Untracked 
| 115|0x0000000089100000, 0x0000000089100000, 0x0000000089200000|  0%| F|  |TAMS 0x0000000089100000, 0x0000000089100000| Untracked 
| 116|0x0000000089200000, 0x0000000089200000, 0x0000000089300000|  0%| F|  |TAMS 0x0000000089200000, 0x0000000089200000| Untracked 
| 117|0x0000000089300000, 0x0000000089300000, 0x0000000089400000|  0%| F|  |TAMS 0x0000000089300000, 0x0000000089300000| Untracked 
| 118|0x0000000089400000, 0x0000000089400000, 0x0000000089500000|  0%| F|  |TAMS 0x0000000089400000, 0x0000000089400000| Untracked 
| 119|0x0000000089500000, 0x0000000089500000, 0x0000000089600000|  0%| F|  |TAMS 0x0000000089500000, 0x0000000089500000| Untracked 
| 120|0x0000000089600000, 0x0000000089600000, 0x0000000089700000|  0%| F|  |TAMS 0x0000000089600000, 0x0000000089600000| Untracked 
| 121|0x0000000089700000, 0x0000000089700000, 0x0000000089800000|  0%| F|  |TAMS 0x0000000089700000, 0x0000000089700000| Untracked 
| 122|0x0000000089800000, 0x0000000089800000, 0x0000000089900000|  0%| F|  |TAMS 0x0000000089800000, 0x0000000089800000| Untracked 
| 123|0x0000000089900000, 0x0000000089900000, 0x0000000089a00000|  0%| F|  |TAMS 0x0000000089900000, 0x0000000089900000| Untracked 
| 124|0x0000000089a00000, 0x0000000089a00000, 0x0000000089b00000|  0%| F|  |TAMS 0x0000000089a00000, 0x0000000089a00000| Untracked 
| 125|0x0000000089b00000, 0x0000000089b00000, 0x0000000089c00000|  0%| F|  |TAMS 0x0000000089b00000, 0x0000000089b00000| Untracked 
| 126|0x0000000089c00000, 0x0000000089c00000, 0x0000000089d00000|  0%| F|  |TAMS 0x0000000089c00000, 0x0000000089c00000| Untracked 
| 127|0x0000000089d00000, 0x0000000089d00000, 0x0000000089e00000|  0%| F|  |TAMS 0x0000000089d00000, 0x0000000089d00000| Untracked 

Card table byte_map: [0x000001b532d80000,0x000001b533180000] _byte_map_base: 0x000001b532971000

Marking Bits (Prev, Next): (CMBitMap*) 0x000001b51f42a360, (CMBitMap*) 0x000001b51f42a328
 Prev Bits: [0x000001b535510000, 0x000001b537498000)
 Next Bits: [0x000001b533580000, 0x000001b535508000)

Polling page: 0x000001b51f4d0000

Metaspace:

Usage:
  Non-class:     30.23 MB capacity,    29.91 MB ( 99%) used,   277.40 KB ( <1%) free+waste,    52.69 KB ( <1%) overhead. 
      Class:      4.35 MB capacity,     4.18 MB ( 96%) used,   153.41 KB (  3%) free+waste,    25.00 KB ( <1%) overhead. 
       Both:     34.58 MB capacity,    34.09 MB ( 99%) used,   430.80 KB (  1%) free+waste,    77.69 KB ( <1%) overhead. 

Virtual space:
  Non-class space:       32.00 MB reserved,      30.42 MB ( 95%) committed 
      Class space:        1.00 GB reserved,       4.38 MB ( <1%) committed 
             Both:        1.03 GB reserved,      34.79 MB (  3%) committed 

Chunk freelists:
   Non-Class:  148.00 KB
       Class:  23.00 KB
        Both:  171.00 KB

MaxMetaspaceSize: 17179869184.00 GB
CompressedClassSpaceSize: 1.00 GB

CodeHeap 'non-profiled nmethods': size=120000Kb used=1093Kb max_used=1093Kb free=118906Kb
 bounds [0x000001b52a9e0000, 0x000001b52ac50000, 0x000001b531f10000]
CodeHeap 'profiled nmethods': size=120000Kb used=4871Kb max_used=4871Kb free=115128Kb
 bounds [0x000001b5234b0000, 0x000001b523980000, 0x000001b52a9e0000]
CodeHeap 'non-nmethods': size=5760Kb used=1172Kb max_used=1237Kb free=4587Kb
 bounds [0x000001b522f10000, 0x000001b523180000, 0x000001b5234b0000]
 total_blobs=3099 nmethods=2578 adapters=432
 compilation: enabled
              stopped_count=0, restarted_count=0
 full_count=0

Compilation events (20 events):
Event: 2.147 Thread 0x000001b53a82a800 2572       3       kotlin.jvm.internal.PropertyReference::<init> (23 bytes)
Event: 2.147 Thread 0x000001b53a82a800 nmethod 2572 0x000001b52396b190 code [0x000001b52396b360, 0x000001b52396b6f8]
Event: 2.147 Thread 0x000001b53a82a800 2574       3       kotlin.reflect.jvm.internal.KMutableProperty1Impl$_setter$1::<init> (11 bytes)
Event: 2.147 Thread 0x000001b53a82a800 nmethod 2574 0x000001b52396b810 code [0x000001b52396b9c0, 0x000001b52396bbd8]
Event: 2.147 Thread 0x000001b53a82a800 2573       3       kotlin.reflect.jvm.internal.ReflectionFactoryImpl::getOwner (23 bytes)
Event: 2.147 Thread 0x000001b53a82a800 nmethod 2573 0x000001b52396bd10 code [0x000001b52396bee0, 0x000001b52396c348]
Event: 2.153 Thread 0x000001b53a82a800 2575       3       kotlin.properties.ObservableProperty::<init> (10 bytes)
Event: 2.153 Thread 0x000001b53a82a800 nmethod 2575 0x000001b52396c490 code [0x000001b52396c640, 0x000001b52396c7f8]
Event: 2.154 Thread 0x000001b53a82a800 2576       3       org.jetbrains.kotlin.renderer.DescriptorRendererOptionsImpl::property (20 bytes)
Event: 2.154 Thread 0x000001b53a82a800 nmethod 2576 0x000001b52396c890 code [0x000001b52396ca60, 0x000001b52396cdf8]
Event: 2.154 Thread 0x000001b53a82a800 2577       3       org.jetbrains.kotlin.renderer.DescriptorRendererOptionsImpl$property$$inlined$vetoable$1::<init> (16 bytes)
Event: 2.154 Thread 0x000001b53a82a800 nmethod 2577 0x000001b52396cf10 code [0x000001b52396d0e0, 0x000001b52396d3b8]
Event: 2.177 Thread 0x000001b53a82a800 2578       3       jdk.internal.loader.AbstractClassLoaderValue::map (20 bytes)
Event: 2.178 Thread 0x000001b53a82a800 nmethod 2578 0x000001b52396d490 code [0x000001b52396d660, 0x000001b52396d928]
Event: 2.178 Thread 0x000001b53a82a800 2579       3       jdk.internal.module.SystemModuleFinders$SystemModuleReader::findImageLocation (42 bytes)
Event: 2.178 Thread 0x000001b53a82a800 nmethod 2579 0x000001b52396da90 code [0x000001b52396dcc0, 0x000001b52396e358]
Event: 2.178 Thread 0x000001b53a82a800 2580       3       java.lang.String::toUpperCase (29 bytes)
Event: 2.178 Thread 0x000001b53a82a800 nmethod 2580 0x000001b52396e610 code [0x000001b52396e7e0, 0x000001b52396ea78]
Event: 2.211 Thread 0x000001b53a82a800 2581   !   3       java.lang.StringCoding::decode (300 bytes)
Event: 2.213 Thread 0x000001b53a82a800 nmethod 2581 0x000001b52396eb90 code [0x000001b52396f000, 0x000001b5239712f8]

GC Heap History (9 events):
Event: 0.492 GC heap before
{Heap before GC invocations=0 (full 0):
 garbage-first heap   total 131072K, used 27648K [0x0000000081e00000, 0x0000000100000000)
  region size 1024K, 24 young (24576K), 0 survivors (0K)
 Metaspace       used 12332K, capacity 12504K, committed 12800K, reserved 1060864K
  class space    used 1160K, capacity 1207K, committed 1280K, reserved 1048576K
}
Event: 0.496 GC heap after
{Heap after GC invocations=1 (full 0):
 garbage-first heap   total 131072K, used 5778K [0x0000000081e00000, 0x0000000100000000)
  region size 1024K, 3 young (3072K), 3 survivors (3072K)
 Metaspace       used 12332K, capacity 12504K, committed 12800K, reserved 1060864K
  class space    used 1160K, capacity 1207K, committed 1280K, reserved 1048576K
}
Event: 1.073 GC heap before
{Heap before GC invocations=1 (full 0):
 garbage-first heap   total 131072K, used 45714K [0x0000000081e00000, 0x0000000100000000)
  region size 1024K, 43 young (44032K), 3 survivors (3072K)
 Metaspace       used 20902K, capacity 21158K, committed 21248K, reserved 1069056K
  class space    used 2222K, capacity 2293K, committed 2304K, reserved 1048576K
}
Event: 1.084 GC heap after
{Heap after GC invocations=2 (full 0):
 garbage-first heap   total 131072K, used 9329K [0x0000000081e00000, 0x0000000100000000)
  region size 1024K, 7 young (7168K), 7 survivors (7168K)
 Metaspace       used 20902K, capacity 21158K, committed 21248K, reserved 1069056K
  class space    used 2222K, capacity 2293K, committed 2304K, reserved 1048576K
}
Event: 1.885 GC heap before
{Heap before GC invocations=3 (full 0):
 garbage-first heap   total 131072K, used 67697K [0x0000000081e00000, 0x0000000100000000)
  region size 1024K, 59 young (60416K), 7 survivors (7168K)
 Metaspace       used 31350K, capacity 31885K, committed 32128K, reserved 1077248K
  class space    used 3671K, capacity 3879K, committed 3968K, reserved 1048576K
}
Event: 1.911 GC heap after
{Heap after GC invocations=4 (full 0):
 garbage-first heap   total 131072K, used 23296K [0x0000000081e00000, 0x0000000100000000)
  region size 1024K, 8 young (8192K), 8 survivors (8192K)
 Metaspace       used 31350K, capacity 31885K, committed 32128K, reserved 1077248K
  class space    used 3671K, capacity 3879K, committed 3968K, reserved 1048576K
}
Event: 1.932 GC heap before
{Heap before GC invocations=4 (full 0):
 garbage-first heap   total 131072K, used 24320K [0x0000000081e00000, 0x0000000100000000)
  region size 1024K, 9 young (9216K), 8 survivors (8192K)
 Metaspace       used 31458K, capacity 31949K, committed 32384K, reserved 1077248K
  class space    used 3685K, capacity 3879K, committed 3968K, reserved 1048576K
}
Event: 1.942 GC heap after
{Heap after GC invocations=5 (full 0):
 garbage-first heap   total 131072K, used 24576K [0x0000000081e00000, 0x0000000100000000)
  region size 1024K, 1 young (1024K), 1 survivors (1024K)
 Metaspace       used 31458K, capacity 31949K, committed 32384K, reserved 1077248K
  class space    used 3685K, capacity 3879K, committed 3968K, reserved 1048576K
}
Event: 2.216 GC heap before
{Heap before GC invocations=5 (full 0):
 garbage-first heap   total 131072K, used 41984K [0x0000000081e00000, 0x0000000100000000)
  region size 1024K, 19 young (19456K), 1 survivors (1024K)
 Metaspace       used 34904K, capacity 35413K, committed 35628K, reserved 1081344K
  class space    used 4278K, capacity 4457K, committed 4480K, reserved 1048576K
}

Deoptimization events (20 events):
Event: 2.034 Thread 0x000001b51f3eb000 DEOPT PACKING pc=0x000001b52393f8f7 sp=0x00000005288fe530
Event: 2.034 Thread 0x000001b51f3eb000 DEOPT UNPACKING pc=0x000001b522f36d5e sp=0x00000005288fda50 mode 0
Event: 2.057 Thread 0x000001b51f3eb000 Uncommon trap: trap_request=0xffffff4d fr.pc=0x000001b52aae3c90 relative=0x0000000000000250
Event: 2.057 Thread 0x000001b51f3eb000 Uncommon trap: reason=unstable_if action=reinterpret pc=0x000001b52aae3c90 method=org.jetbrains.kotlin.com.intellij.openapi.vfs.CharsetToolkit.guessFromContent(II)Lorg/jetbrains/kotlin/com/intellij/openapi/vfs/CharsetToolkit$GuessedEncoding; @ 160 c2
Event: 2.057 Thread 0x000001b51f3eb000 DEOPT PACKING pc=0x000001b52aae3c90 sp=0x00000005288fe4b0
Event: 2.057 Thread 0x000001b51f3eb000 DEOPT UNPACKING pc=0x000001b522f365af sp=0x00000005288fe418 mode 2
Event: 2.057 Thread 0x000001b51f3eb000 Uncommon trap: trap_request=0xffffff4d fr.pc=0x000001b52aadcbbc relative=0x000000000000027c
Event: 2.057 Thread 0x000001b51f3eb000 Uncommon trap: reason=unstable_if action=reinterpret pc=0x000001b52aadcbbc method=org.jetbrains.kotlin.com.intellij.openapi.vfs.CharsetToolkit.guessFromContent(II)Lorg/jetbrains/kotlin/com/intellij/openapi/vfs/CharsetToolkit$GuessedEncoding; @ 160 c2
Event: 2.057 Thread 0x000001b51f3eb000 DEOPT PACKING pc=0x000001b52aadcbbc sp=0x00000005288fe480
Event: 2.057 Thread 0x000001b51f3eb000 DEOPT UNPACKING pc=0x000001b522f365af sp=0x00000005288fe418 mode 2
Event: 2.059 Thread 0x000001b51f3eb000 Uncommon trap: trap_request=0xffffff4d fr.pc=0x000001b52aae21d0 relative=0x0000000000000290
Event: 2.059 Thread 0x000001b51f3eb000 Uncommon trap: reason=unstable_if action=reinterpret pc=0x000001b52aae21d0 method=org.jetbrains.kotlin.com.intellij.util.text.ByteArrayCharSequence.toBytesIfPossible(Ljava/lang/CharSequence;)[B @ 102 c2
Event: 2.059 Thread 0x000001b51f3eb000 DEOPT PACKING pc=0x000001b52aae21d0 sp=0x00000005288fe5a0
Event: 2.059 Thread 0x000001b51f3eb000 DEOPT UNPACKING pc=0x000001b522f365af sp=0x00000005288fe530 mode 2
Event: 2.062 Thread 0x000001b51f3eb000 DEOPT PACKING pc=0x000001b52395b939 sp=0x00000005288fe590
Event: 2.062 Thread 0x000001b51f3eb000 DEOPT UNPACKING pc=0x000001b522f36d5e sp=0x00000005288fda28 mode 0
Event: 2.063 Thread 0x000001b51f3eb000 DEOPT PACKING pc=0x000001b52395b939 sp=0x00000005288fe590
Event: 2.063 Thread 0x000001b51f3eb000 DEOPT UNPACKING pc=0x000001b522f36d5e sp=0x00000005288fda28 mode 0
Event: 2.064 Thread 0x000001b51f3eb000 DEOPT PACKING pc=0x000001b52395b939 sp=0x00000005288fe590
Event: 2.064 Thread 0x000001b51f3eb000 DEOPT UNPACKING pc=0x000001b522f36d5e sp=0x00000005288fda28 mode 0

Classes redefined (0 events):
No events

Internal exceptions (20 events):
Event: 1.066 Thread 0x000001b51f3eb000 Exception <a 'java/lang/NoSuchMethodError'{0x0000000087380c10}: 'long java.lang.invoke.DirectMethodHandle$Holder.invokeStatic(java.lang.Object)'> (0x0000000087380c10) thrown at [./src/hotspot/share/interpreter/linkResolver.cpp, line 773]
Event: 1.066 Thread 0x000001b51f3eb000 Exception <a 'java/lang/NoSuchMethodError'{0x0000000087383a68}: 'long java.lang.invoke.DirectMethodHandle$Holder.invokeStaticInit(java.lang.Object)'> (0x0000000087383a68) thrown at [./src/hotspot/share/interpreter/linkResolver.cpp, line 773]
Event: 1.122 Thread 0x000001b51f3eb000 Exception <a 'java/lang/NoSuchMethodError'{0x0000000089a41438}: 'int java.lang.invoke.DirectMethodHandle$Holder.invokeStaticInit(java.lang.Object, java.lang.Object, java.lang.Object)'> (0x0000000089a41438) thrown at [./src/hotspot/share/interpreter/linkResolver.cpp, line 773]
Event: 1.126 Thread 0x000001b51f3eb000 Exception <a 'java/lang/NoSuchMethodError'{0x0000000089a6cbb8}: 'int java.lang.invoke.DirectMethodHandle$Holder.invokeStaticInit(java.lang.Object, java.lang.Object)'> (0x0000000089a6cbb8) thrown at [./src/hotspot/share/interpreter/linkResolver.cpp, line 773]
Event: 1.163 Thread 0x000001b51f3eb000 Exception <a 'java/lang/NoSuchMethodError'{0x000000008987d158}: 'void java.lang.invoke.DirectMethodHandle$Holder.invokeSpecial(java.lang.Object, java.lang.Object)'> (0x000000008987d158) thrown at [./src/hotspot/share/interpreter/linkResolver.cpp, line 773]
Event: 1.299 Thread 0x000001b51f3eb000 Exception <a 'java/lang/NoSuchMethodError'{0x00000000890a08e8}: 'java.lang.Object java.lang.invoke.DirectMethodHandle$Holder.invokeStatic(java.lang.Object, java.lang.Object, java.lang.Object, java.lang.Object, java.lang.Object, java.lang.Object, java.lang.Object, java.lang.Object, java.lang.Object, java.lang.Object, java.lang.Object, java.lang.Object, java.lang.Object, java.lang.Object, java.lang.Object)'> (0x00000000890a08e8) thrown at [./src/hotspot/share/interpreter/linkResolver.cpp, line 773]
Event: 1.301 Thread 0x000001b51f3eb000 Exception <a 'java/lang/NoSuchMethodError'{0x00000000890ae8f0}: 'java.lang.Object java.lang.invoke.DirectMethodHandle$Holder.invokeStatic(java.lang.Object, java.lang.Object, java.lang.Object, java.lang.Object, java.lang.Object, java.lang.Object, java.lang.Object, java.lang.Object, java.lang.Object, java.lang.Object, java.lang.Object, java.lang.Object, java.lang.Object, java.lang.Object, java.lang.Object, java.lang.Object)'> (0x00000000890ae8f0) thrown at [./src/hotspot/share/interpreter/linkResolver.cpp, l
Event: 1.302 Thread 0x000001b51f3eb000 Exception <a 'java/lang/NoSuchMethodError'{0x00000000890bc808}: 'java.lang.Object java.lang.invoke.DirectMethodHandle$Holder.invokeSpecial(java.lang.Object, java.lang.Object, int, int, java.lang.Object, java.lang.Object, java.lang.Object)'> (0x00000000890bc808) thrown at [./src/hotspot/share/interpreter/linkResolver.cpp, line 773]
Event: 1.302 Thread 0x000001b51f3eb000 Exception <a 'java/lang/NoSuchMethodError'{0x00000000890c0040}: 'java.lang.Object java.lang.invoke.DelegatingMethodHandle$Holder.reinvoke_L(java.lang.Object, int, int, java.lang.Object, java.lang.Object, java.lang.Object)'> (0x00000000890c0040) thrown at [./src/hotspot/share/interpreter/linkResolver.cpp, line 773]
Event: 1.302 Thread 0x000001b51f3eb000 Exception <a 'java/lang/NoSuchMethodError'{0x00000000890c43c8}: 'java.lang.Object java.lang.invoke.DirectMethodHandle$Holder.invokeStatic(java.lang.Object, java.lang.Object, java.lang.Object, java.lang.Object, int)'> (0x00000000890c43c8) thrown at [./src/hotspot/share/interpreter/linkResolver.cpp, line 773]
Event: 1.335 Thread 0x000001b51f3eb000 Exception <a 'sun/nio/fs/WindowsException'{0x0000000088e036f0}> (0x0000000088e036f0) thrown at [./src/hotspot/share/prims/jni.cpp, line 615]
Event: 1.335 Thread 0x000001b51f3eb000 Exception <a 'sun/nio/fs/WindowsException'{0x0000000088e03f60}> (0x0000000088e03f60) thrown at [./src/hotspot/share/prims/jni.cpp, line 615]
Event: 1.335 Thread 0x000001b51f3eb000 Exception <a 'sun/nio/fs/WindowsException'{0x0000000088e047e8}> (0x0000000088e047e8) thrown at [./src/hotspot/share/prims/jni.cpp, line 615]
Event: 1.335 Thread 0x000001b51f3eb000 Exception <a 'sun/nio/fs/WindowsException'{0x0000000088e051c0}> (0x0000000088e051c0) thrown at [./src/hotspot/share/prims/jni.cpp, line 615]
Event: 1.335 Thread 0x000001b51f3eb000 Exception <a 'sun/nio/fs/WindowsException'{0x0000000088e05aa8}> (0x0000000088e05aa8) thrown at [./src/hotspot/share/prims/jni.cpp, line 615]
Event: 1.335 Thread 0x000001b51f3eb000 Exception <a 'sun/nio/fs/WindowsException'{0x0000000088e063c0}> (0x0000000088e063c0) thrown at [./src/hotspot/share/prims/jni.cpp, line 615]
Event: 1.337 Thread 0x000001b51f3eb000 Exception <a 'java/lang/NoSuchMethodError'{0x0000000088e0cb00}: 'void java.lang.invoke.DirectMethodHandle$Holder.invokeStatic(java.lang.Object, java.lang.Object, java.lang.Object, java.lang.Object)'> (0x0000000088e0cb00) thrown at [./src/hotspot/share/interpreter/linkResolver.cpp, line 773]
Event: 1.394 Thread 0x000001b51f3eb000 Exception <a 'java/lang/NoSuchMethodError'{0x0000000088beb1a0}: 'void java.lang.invoke.DirectMethodHandle$Holder.invokeStaticInit(java.lang.Object, java.lang.Object)'> (0x0000000088beb1a0) thrown at [./src/hotspot/share/interpreter/linkResolver.cpp, line 773]
Event: 1.482 Thread 0x000001b51f3eb000 Exception <a 'java/lang/NoSuchMethodError'{0x0000000088556e80}: 'void java.lang.invoke.DirectMethodHandle$Holder.invokeVirtual(java.lang.Object, java.lang.Object)'> (0x0000000088556e80) thrown at [./src/hotspot/share/interpreter/linkResolver.cpp, line 773]
Event: 1.490 Thread 0x000001b51f3eb000 Exception <a 'java/lang/NoSuchMethodError'{0x00000000885d8ad0}: 'int java.lang.invoke.DirectMethodHandle$Holder.invokeVirtual(java.lang.Object, java.lang.Object)'> (0x00000000885d8ad0) thrown at [./src/hotspot/share/interpreter/linkResolver.cpp, line 773]

Events (20 events):
Event: 2.213 loading class org/jetbrains/kotlin/metadata/ProtoBuf$PackageFragment done
Event: 2.213 loading class org/jetbrains/kotlin/metadata/ProtoBuf$PackageFragmentOrBuilder
Event: 2.213 loading class org/jetbrains/kotlin/metadata/ProtoBuf$PackageFragmentOrBuilder done
Event: 2.214 loading class org/jetbrains/kotlin/metadata/ProtoBuf$PackageFragment$1
Event: 2.214 loading class org/jetbrains/kotlin/metadata/ProtoBuf$PackageFragment$1 done
Event: 2.214 loading class org/jetbrains/kotlin/metadata/ProtoBuf$StringTable
Event: 2.214 loading class org/jetbrains/kotlin/metadata/ProtoBuf$StringTable done
Event: 2.214 loading class org/jetbrains/kotlin/metadata/ProtoBuf$StringTableOrBuilder
Event: 2.214 loading class org/jetbrains/kotlin/metadata/ProtoBuf$StringTableOrBuilder done
Event: 2.214 loading class org/jetbrains/kotlin/protobuf/LazyStringList
Event: 2.214 loading class org/jetbrains/kotlin/protobuf/LazyStringList done
Event: 2.214 loading class org/jetbrains/kotlin/protobuf/ProtocolStringList
Event: 2.214 loading class org/jetbrains/kotlin/protobuf/ProtocolStringList done
Event: 2.215 loading class org/jetbrains/kotlin/metadata/ProtoBuf$StringTable$1
Event: 2.215 loading class org/jetbrains/kotlin/metadata/ProtoBuf$StringTable$1 done
Event: 2.215 loading class org/jetbrains/kotlin/protobuf/LazyStringArrayList
Event: 2.215 loading class org/jetbrains/kotlin/protobuf/LazyStringArrayList done
Event: 2.216 loading class org/jetbrains/kotlin/protobuf/UnmodifiableLazyStringList
Event: 2.216 loading class org/jetbrains/kotlin/protobuf/UnmodifiableLazyStringList done
Event: 2.216 Executing VM operation: CollectForMetadataAllocation


Dynamic libraries:
0x00007ff6185d0000 - 0x00007ff6185da000 	C:\Program Files\Android\Android Studio\jre\bin\java.exe
0x00007ffa0b7b0000 - 0x00007ffa0b9a8000 	C:\WINDOWS\SYSTEM32\ntdll.dll
0x00007ffa0a9d0000 - 0x00007ffa0aa8d000 	C:\WINDOWS\System32\KERNEL32.DLL
0x00007ffa09240000 - 0x00007ffa0950e000 	C:\WINDOWS\System32\KERNELBASE.dll
0x00007ffa09710000 - 0x00007ffa09810000 	C:\WINDOWS\System32\ucrtbase.dll
0x00007ffa01b40000 - 0x00007ffa01b59000 	C:\Program Files\Android\Android Studio\jre\bin\jli.dll
0x00007ff9f9a70000 - 0x00007ff9f9a87000 	C:\Program Files\Android\Android Studio\jre\bin\VCRUNTIME140.dll
0x00007ffa0b110000 - 0x00007ffa0b2b0000 	C:\WINDOWS\System32\USER32.dll
0x00007ffa096e0000 - 0x00007ffa09702000 	C:\WINDOWS\System32\win32u.dll
0x00007ff9fc250000 - 0x00007ff9fc4ea000 	C:\WINDOWS\WinSxS\amd64_microsoft.windows.common-controls_6595b64144ccf1df_6.0.19041.1110_none_60b5254171f9507e\COMCTL32.dll
0x00007ffa0aa90000 - 0x00007ffa0aaba000 	C:\WINDOWS\System32\GDI32.dll
0x00007ffa0b6d0000 - 0x00007ffa0b76e000 	C:\WINDOWS\System32\msvcrt.dll
0x00007ffa09560000 - 0x00007ffa0966b000 	C:\WINDOWS\System32\gdi32full.dll
0x00007ffa08f00000 - 0x00007ffa08f9d000 	C:\WINDOWS\System32\msvcp_win.dll
0x00007ffa09aa0000 - 0x00007ffa09ad0000 	C:\WINDOWS\System32\IMM32.DLL
0x00007ff9abb60000 - 0x00007ff9abbfd000 	C:\Program Files\Android\Android Studio\jre\bin\msvcp140.dll
0x00007ff9b95f0000 - 0x00007ff9ba0c5000 	C:\Program Files\Android\Android Studio\jre\bin\server\jvm.dll
0x00007ffa0b2c0000 - 0x00007ffa0b36e000 	C:\WINDOWS\System32\ADVAPI32.dll
0x00007ffa0b4a0000 - 0x00007ffa0b53c000 	C:\WINDOWS\System32\sechost.dll
0x00007ffa0b370000 - 0x00007ffa0b495000 	C:\WINDOWS\System32\RPCRT4.dll
0x00007ffa0b540000 - 0x00007ffa0b548000 	C:\WINDOWS\System32\PSAPI.DLL
0x00007ff9f85b0000 - 0x00007ff9f85b9000 	C:\WINDOWS\SYSTEM32\WSOCK32.dll
0x00007ffa00390000 - 0x00007ffa003b7000 	C:\WINDOWS\SYSTEM32\WINMM.dll
0x00007ffa09bd0000 - 0x00007ffa09c3b000 	C:\WINDOWS\System32\WS2_32.dll
0x00007ffa01ad0000 - 0x00007ffa01ada000 	C:\WINDOWS\SYSTEM32\VERSION.dll
0x00007ffa06de0000 - 0x00007ffa06df2000 	C:\WINDOWS\SYSTEM32\kernel.appcore.dll
0x00007ff9cdb50000 - 0x00007ff9cdb61000 	C:\Program Files\Android\Android Studio\jre\bin\verify.dll
0x00007ff9f40c0000 - 0x00007ff9f42a4000 	C:\WINDOWS\SYSTEM32\DBGHELP.DLL
0x00007ff9f4090000 - 0x00007ff9f40bc000 	C:\WINDOWS\SYSTEM32\dbgcore.DLL
0x00007ffa09050000 - 0x00007ffa090d2000 	C:\WINDOWS\System32\bcryptPrimitives.dll
0x00007ff9bdb70000 - 0x00007ff9bdb99000 	C:\Program Files\Android\Android Studio\jre\bin\java.dll
0x00007ff9eb000000 - 0x00007ff9eb00b000 	C:\Program Files\Android\Android Studio\jre\bin\jimage.dll
0x00007ff9c1e90000 - 0x00007ff9c1ea8000 	C:\Program Files\Android\Android Studio\jre\bin\zip.dll
0x00007ffa0a1d0000 - 0x00007ffa0a914000 	C:\WINDOWS\System32\SHELL32.dll
0x00007ffa06fa0000 - 0x00007ffa07734000 	C:\WINDOWS\SYSTEM32\windows.storage.dll
0x00007ffa0ac70000 - 0x00007ffa0afc4000 	C:\WINDOWS\System32\combase.dll
0x00007ffa08860000 - 0x00007ffa08890000 	C:\WINDOWS\SYSTEM32\Wldp.dll
0x00007ffa0a920000 - 0x00007ffa0a9cd000 	C:\WINDOWS\System32\SHCORE.dll
0x00007ffa0afd0000 - 0x00007ffa0b025000 	C:\WINDOWS\System32\shlwapi.dll
0x00007ffa08e10000 - 0x00007ffa08e2f000 	C:\WINDOWS\SYSTEM32\profapi.dll
0x00007ff9bdcf0000 - 0x00007ff9bdd0a000 	C:\Program Files\Android\Android Studio\jre\bin\net.dll
0x00007ff9fcd10000 - 0x00007ff9fce1a000 	C:\WINDOWS\SYSTEM32\WINHTTP.dll
0x00007ffa085c0000 - 0x00007ffa0862a000 	C:\WINDOWS\system32\mswsock.dll
0x00007ff9bdc20000 - 0x00007ff9bdc34000 	C:\Program Files\Android\Android Studio\jre\bin\nio.dll

dbghelp: loaded successfully - version: 4.0.5 - missing functions: none
symbol engine: initialized successfully - sym options: 0x614 - pdb path: .;C:\Program Files\Android\Android Studio\jre\bin;C:\WINDOWS\SYSTEM32;C:\WINDOWS\WinSxS\amd64_microsoft.windows.common-controls_6595b64144ccf1df_6.0.19041.1110_none_60b5254171f9507e;C:\Program Files\Android\Android Studio\jre\bin\server

VM Arguments:
java_command: org.jetbrains.kotlin.cli.jvm.K2JVMCompiler @D:\kinjal_work_home\kinjal\work from home\youseff\new code\ReloopApp\app\build\20220809_2566599241668645738.compiler.options
java_class_path (initial): C:\Users\HP\.gradle\caches\modules-2\files-2.1\org.jetbrains.kotlin\kotlin-compiler-embeddable\1.6.10\88f2073f4020cdb83132cfe940ceb9a60aba54ea\kotlin-compiler-embeddable-1.6.10.jar;C:\Users\HP\.gradle\caches\modules-2\files-2.1\org.jetbrains.kotlin\kotlin-reflect\1.6.10\1cbe9c92c12a94eea200d23c2bbaedaf3daf5132\kotlin-reflect-1.6.10.jar;C:\Users\HP\.gradle\caches\modules-2\files-2.1\org.jetbrains.kotlin\kotlin-stdlib\1.6.10\b8af3fe6f1ca88526914929add63cf5e7c5049af\kotlin-stdlib-1.6.10.jar;C:\Users\HP\.gradle\caches\modules-2\files-2.1\org.jetbrains.kotlin\kotlin-script-runtime\1.6.10\d0a7ff2e2500ef497ed0214ae40ad3c8387a6164\kotlin-script-runtime-1.6.10.jar;C:\Users\HP\.gradle\caches\modules-2\files-2.1\org.jetbrains.kotlin\kotlin-daemon-embeddable\1.6.10\a56d79bcbea411fa6058e4ecffc2de73e742bd2a\kotlin-daemon-embeddable-1.6.10.jar;C:\Users\HP\.gradle\caches\modules-2\files-2.1\org.jetbrains.intellij.deps\trove4j\1.0.20181211\216c2e14b070f334479d800987affe4054cd563f\trove4j-1.0.20181211.jar;C:\Users\HP\.gradle\caches\modules-2\files-2.1\net.java.dev.jna\jna\5.6.0\330f2244e9030119ab3030fc3fededc86713d9cc\jna-5.6.0.jar;C:\Users\HP\.gradle\caches\modules-2\files-2.1\org.jetbrains\annotations\13.0\919f0dfe192fb4e063e7dacadee7f8bb9a2672a9\annotations-13.0.jar;C:\Users\HP\.gradle\caches\modules-2\files-2.1\org.jetbrains.kotlin\kotlin-stdlib-common\1.6.10\c118700e3a33c8a0d9adc920e9dec0831171925\kotlin-stdlib-common-1.6.10.jar
Launcher Type: SUN_STANDARD

[Global flags]
     intx CICompilerCount                          = 4                                         {product} {ergonomic}
     uint ConcGCThreads                            = 2                                         {product} {ergonomic}
     uint G1ConcRefinementThreads                  = 8                                         {product} {ergonomic}
   size_t G1HeapRegionSize                         = 1048576                                   {product} {ergonomic}
    uintx GCDrainStackTargetSize                   = 64                                        {product} {ergonomic}
   size_t InitialHeapSize                          = 134217728                                 {product} {ergonomic}
   size_t MarkStackSize                            = 4194304                                   {product} {ergonomic}
   size_t MaxHeapSize                              = 2116026368                                {product} {ergonomic}
   size_t MaxNewSize                               = 1268776960                                {product} {ergonomic}
   size_t MinHeapDeltaBytes                        = 1048576                                   {product} {ergonomic}
    uintx NonNMethodCodeHeapSize                   = 5836300                                {pd product} {ergonomic}
    uintx NonProfiledCodeHeapSize                  = 122910970                              {pd product} {ergonomic}
    uintx ProfiledCodeHeapSize                     = 122910970                              {pd product} {ergonomic}
    uintx ReservedCodeCacheSize                    = 251658240                              {pd product} {ergonomic}
     bool SegmentedCodeCache                       = true                                      {product} {ergonomic}
     bool UseCompressedClassPointers               = true                                 {lp64_product} {ergonomic}
     bool UseCompressedOops                        = true                                 {lp64_product} {ergonomic}
     bool UseG1GC                                  = true                                      {product} {ergonomic}
     bool UseLargePagesIndividualAllocation        = false                                  {pd product} {ergonomic}

Logging:
Log output configuration:
 #0: stdout all=warning uptime,level,tags
 #1: stderr all=off uptime,level,tags

Environment Variables:
PATH=C:\WINDOWS\system32;C:\WINDOWS;C:\WINDOWS\System32\Wbem;C:\WINDOWS\System32\WindowsPowerShell\v1.0\;C:\WINDOWS\System32\OpenSSH\;C:\Program Files\dotnet\;C:\Program Files\Microsoft SQL Server\130\Tools\Binn\;C:\Program Files (x86)\Microsoft SQL Server\Client SDK\ODBC\130\Tools\Binn\;C:\Program Files (x86)\Microsoft SQL Server\140\Tools\Binn\;C:\Program Files (x86)\Microsoft SQL Server\140\DTS\Binn\;C:\Program Files (x86)\Microsoft SQL Server\140\Tools\Binn\ManagementStudio\;C:\Program Files\Microsoft SQL Server\Client SDK\ODBC\130\Tools\Binn\;C:\Program Files\Microsoft SQL Server\140\Tools\Binn\;C:\Program Files\Microsoft SQL Server\140\DTS\Binn\;C:\Program Files\nodejs\;C:\Program Files\TortoiseSVN\bin;C:\Program Files\Git\cmd;C:\Users\HP\AppData\Local\Microsoft\WindowsApps;C:\Users\HP\AppData\Roaming\npm;C:\Users\HP\.dotnet\tools;C:\Users\HP\AppData\Local\Programs\Fiddler;C:\Program Files\JetBrains\CLion 2019.2.4\bin;;C:\Users\HP\AppData\Local\Microsoft\WindowsApps;C:\Users\HP\AppData\Local\GitHubDesktop\bin
USERNAME=HP
OS=Windows_NT
PROCESSOR_IDENTIFIER=Intel64 Family 6 Model 58 Stepping 9, GenuineIntel



---------------  S Y S T E M  ---------------

OS: Windows 10 , 64 bit Build 19041 (10.0.19041.1806)
OS uptime: 1 days 4:59 hours

CPU:total 8 (initial active 8) (4 cores per cpu, 2 threads per core) family 6 model 58 stepping 9 microcode 0x21, cmov, cx8, fxsr, mmx, sse, sse2, sse3, ssse3, sse4.1, sse4.2, popcnt, avx, aes, clmul, erms, ht, tsc, tscinvbit, tscinv

Memory: 4k page, system-wide physical 8066M (966M free)
TotalPageFile size 18916M (AvailPageFile size 27M)
current process WorkingSet (physical memory assigned to process): 217M, peak: 217M
current process commit charge ("private bytes"): 294M, peak: 330M

vm_info: OpenJDK 64-Bit Server VM (11.0.11+9-b60-7590822) for windows-amd64 JRE (11.0.11+9-b60-7590822), built on Jul 29 2021 21:43:44 by "builder" with MS VC++ 14.0 (VS2015)

END.
