#
# There is insufficient memory for the Java Runtime Environment to continue.
# Native memory allocation (malloc) failed to allocate 1166896 bytes for Chunk::new
# Possible reasons:
#   The system is out of physical RAM or swap space
#   The process is running with CompressedOops enabled, and the Java Heap may be blocking the growth of the native heap
# Possible solutions:
#   Reduce memory load on the system
#   Increase physical memory or swap space
#   Check if swap backing store is full
#   Decrease Java heap size (-Xmx/-Xms)
#   Decrease number of Java threads
#   Decrease Java thread stack sizes (-Xss)
#   Set larger code cache with -XX:ReservedCodeCacheSize=
#   JVM is running with Unscaled Compressed Oops mode in which the Java heap is
#     placed in the first 4GB address space. The Java Heap base address is the
#     maximum limit for the native heap growth. Please use -XX:HeapBaseMinAddress
#     to set the Java Heap base and to place the Java Heap above 4GB virtual address.
# This output file may be truncated or incomplete.
#
#  Out of Memory Error (./src/hotspot/share/memory/arena.cpp:197), pid=13100, tid=8736
#
# JRE version: OpenJDK Runtime Environment (11.0.11+9) (build 11.0.11+9-b60-7590822)
# Java VM: OpenJDK 64-Bit Server VM (11.0.11+9-b60-7590822, mixed mode, tiered, compressed oops, g1 gc, windows-amd64)
# No core dump will be written. Minidumps are not enabled by default on client versions of Windows
#

---------------  S U M M A R Y ------------

Command Line: org.jetbrains.kotlin.cli.jvm.K2JVMCompiler @D:\kinjal_work_home\kinjal\work from home\youseff\new code\ReloopApp\app\build\20220809_15747944744436682566.compiler.options

Host: Intel(R) Core(TM) i7-3770 CPU @ 3.40GHz, 8 cores, 7G,  Windows 10 , 64 bit Build 19041 (10.0.19041.1806)
Time: Tue Aug  9 13:10:34 2022 India Standard Time elapsed time: 4.692507 seconds (0d 0h 0m 4s)

---------------  T H R E A D  ---------------

Current thread (0x000001c1ae169000):  JavaThread "C2 CompilerThread1" daemon [_thread_in_native, id=8736, stack(0x000000bc38c00000,0x000000bc38d00000)]


Current CompileTask:
C2:   4692 5802       4       org.jetbrains.kotlin.parsing.AbstractKotlinParsing::atSet (113 bytes)

Stack: [0x000000bc38c00000,0x000000bc38d00000]
Native frames: (J=compiled Java code, j=interpreted, Vv=VM code, C=native code)
V  [jvm.dll+0x5f214a]
V  [jvm.dll+0x726fb5]
V  [jvm.dll+0x7285cd]
V  [jvm.dll+0x728c83]
V  [jvm.dll+0x243278]
V  [jvm.dll+0xbc53c]
V  [jvm.dll+0xbca3c]
V  [jvm.dll+0x353e7d]
V  [jvm.dll+0x321893]
V  [jvm.dll+0x320d8a]
V  [jvm.dll+0x1fc1e2]
V  [jvm.dll+0x1fb3d4]
V  [jvm.dll+0x183d6c]
V  [jvm.dll+0x209a57]
V  [jvm.dll+0x2082a1]
V  [jvm.dll+0x6ef58f]
V  [jvm.dll+0x6e80b5]
V  [jvm.dll+0x5f1036]
C  [ucrtbase.dll+0x21bb2]
C  [KERNEL32.DLL+0x17034]
C  [ntdll.dll+0x52651]


---------------  P R O C E S S  ---------------

Threads class SMR info:
_java_thread_list=0x000001c1b0a23b20, length=12, elements={
0x000001c192acc000, 0x000001c1ad679000, 0x000001c1ad684000, 0x000001c1ad697000,
0x000001c1ad698000, 0x000001c1ad699800, 0x000001c1ad69e000, 0x000001c1adfcd000,
0x000001c1ae014000, 0x000001c1ae015000, 0x000001c1ae169000, 0x000001c1ae168000
}

Java Threads: ( => current thread )
  0x000001c192acc000 JavaThread "main" [_thread_in_vm, id=12548, stack(0x000000bc37b00000,0x000000bc37c00000)]
  0x000001c1ad679000 JavaThread "Reference Handler" daemon [_thread_blocked, id=10300, stack(0x000000bc38200000,0x000000bc38300000)]
  0x000001c1ad684000 JavaThread "Finalizer" daemon [_thread_blocked, id=11440, stack(0x000000bc38300000,0x000000bc38400000)]
  0x000001c1ad697000 JavaThread "Signal Dispatcher" daemon [_thread_blocked, id=1540, stack(0x000000bc38400000,0x000000bc38500000)]
  0x000001c1ad698000 JavaThread "Attach Listener" daemon [_thread_blocked, id=11480, stack(0x000000bc38500000,0x000000bc38600000)]
  0x000001c1ad699800 JavaThread "Service Thread" daemon [_thread_blocked, id=16008, stack(0x000000bc38600000,0x000000bc38700000)]
  0x000001c1ad69e000 JavaThread "C2 CompilerThread0" daemon [_thread_in_native, id=3196, stack(0x000000bc38700000,0x000000bc38800000)]
  0x000001c1adfcd000 JavaThread "C1 CompilerThread0" daemon [_thread_blocked, id=16980, stack(0x000000bc38800000,0x000000bc38900000)]
  0x000001c1ae014000 JavaThread "Sweeper thread" daemon [_thread_blocked, id=16236, stack(0x000000bc38900000,0x000000bc38a00000)]
  0x000001c1ae015000 JavaThread "Common-Cleaner" daemon [_thread_blocked, id=144, stack(0x000000bc38b00000,0x000000bc38c00000)]
=>0x000001c1ae169000 JavaThread "C2 CompilerThread1" daemon [_thread_in_native, id=8736, stack(0x000000bc38c00000,0x000000bc38d00000)]
  0x000001c1ae168000 JavaThread "C2 CompilerThread2" daemon [_thread_in_native, id=8484, stack(0x000000bc38d00000,0x000000bc38e00000)]

Other Threads:
  0x000001c1ad655000 VMThread "VM Thread" [stack: 0x000000bc38100000,0x000000bc38200000] [id=14196]
  0x000001c1ae167000 WatcherThread [stack: 0x000000bc38a00000,0x000000bc38b00000] [id=7032]
  0x000001c192ae3800 GCTaskThread "GC Thread#0" [stack: 0x000000bc37c00000,0x000000bc37d00000] [id=16596]
  0x000001c1ae3bd800 GCTaskThread "GC Thread#1" [stack: 0x000000bc38e00000,0x000000bc38f00000] [id=11064]
  0x000001c1ae829800 GCTaskThread "GC Thread#2" [stack: 0x000000bc38f00000,0x000000bc39000000] [id=12968]
  0x000001c192b14000 ConcurrentGCThread "G1 Main Marker" [stack: 0x000000bc37d00000,0x000000bc37e00000] [id=2456]
  0x000001c192b15800 ConcurrentGCThread "G1 Conc#0" [stack: 0x000000bc37e00000,0x000000bc37f00000] [id=15320]
  0x000001c1ae970800 ConcurrentGCThread "G1 Conc#1" [stack: 0x000000bc39000000,0x000000bc39100000] [id=16844]
  0x000001c1ad4c0800 ConcurrentGCThread "G1 Refine#0" [stack: 0x000000bc37f00000,0x000000bc38000000] [id=8388]
  0x000001c1b0a32800 ConcurrentGCThread "G1 Refine#1" [stack: 0x000000bc39100000,0x000000bc39200000] [id=11360]
  0x000001c1b0dc1800 ConcurrentGCThread "G1 Refine#2" [stack: 0x000000bc39200000,0x000000bc39300000] [id=14300]
  0x000001c1b0f6c800 ConcurrentGCThread "G1 Refine#3" [stack: 0x000000bc39300000,0x000000bc39400000] [id=6312]
  0x000001c1ad4c1800 ConcurrentGCThread "G1 Young RemSet Sampling" [stack: 0x000000bc38000000,0x000000bc38100000] [id=14772]

Threads with active compile tasks:
C2 CompilerThread0   4707 5819   !   4       org.jetbrains.kotlin.com.intellij.psi.impl.source.CharTableImpl::doIntern (85 bytes)
C2 CompilerThread1   4707 5802       4       org.jetbrains.kotlin.parsing.AbstractKotlinParsing::atSet (113 bytes)
C2 CompilerThread2   4707 5800       4       org.jetbrains.kotlin.parsing.KotlinExpressionParsing::parseBinaryExpression (70 bytes)

VM state:not at safepoint (normal execution)

VM Mutex/Monitor currently owned by a thread: None

Heap address: 0x0000000081e00000, size: 2018 MB, Compressed Oops mode: 32-bit
Narrow klass base: 0x0000000000000000, Narrow klass shift: 3
Compressed class space size: 1073741824 Address: 0x0000000100000000

Heap:
 garbage-first heap   total 164864K, used 93274K [0x0000000081e00000, 0x0000000100000000)
  region size 1024K, 59 young (60416K), 8 survivors (8192K)
 Metaspace       used 53622K, capacity 54331K, committed 54656K, reserved 1097728K
  class space    used 6150K, capacity 6422K, committed 6528K, reserved 1048576K
Heap Regions: E=young(eden), S=young(survivor), O=old, HS=humongous(starts), HC=humongous(continues), CS=collection set, F=free, A=archive, TAMS=top-at-mark-start (previous, next)
|   0|0x0000000081e00000, 0x0000000081f00000, 0x0000000081f00000|100%|HS|  |TAMS 0x0000000081f00000, 0x0000000081e00000| Complete 
|   1|0x0000000081f00000, 0x0000000082000000, 0x0000000082000000|100%|HC|  |TAMS 0x0000000082000000, 0x0000000081f00000| Complete 
|   2|0x0000000082000000, 0x0000000082100000, 0x0000000082100000|100%|HC|  |TAMS 0x0000000082100000, 0x0000000082000000| Complete 
|   3|0x0000000082100000, 0x0000000082200000, 0x0000000082200000|100%|HS|  |TAMS 0x0000000082200000, 0x0000000082100000| Complete 
|   4|0x0000000082200000, 0x0000000082300000, 0x0000000082300000|100%|HC|  |TAMS 0x0000000082300000, 0x0000000082200000| Complete 
|   5|0x0000000082300000, 0x0000000082400000, 0x0000000082400000|100%|HC|  |TAMS 0x0000000082400000, 0x0000000082300000| Complete 
|   6|0x0000000082400000, 0x0000000082500000, 0x0000000082500000|100%|HS|  |TAMS 0x0000000082400000, 0x0000000082400000| Complete 
|   7|0x0000000082500000, 0x0000000082600000, 0x0000000082600000|100%|HC|  |TAMS 0x0000000082500000, 0x0000000082500000| Complete 
|   8|0x0000000082600000, 0x0000000082700000, 0x0000000082700000|100%| O|  |TAMS 0x0000000082700000, 0x0000000082600000| Untracked 
|   9|0x0000000082700000, 0x0000000082800000, 0x0000000082800000|100%| O|  |TAMS 0x0000000082800000, 0x0000000082700000| Untracked 
|  10|0x0000000082800000, 0x0000000082900000, 0x0000000082900000|100%| O|  |TAMS 0x0000000082900000, 0x0000000082800000| Untracked 
|  11|0x0000000082900000, 0x0000000082a00000, 0x0000000082a00000|100%| O|  |TAMS 0x0000000082a00000, 0x0000000082900000| Untracked 
|  12|0x0000000082a00000, 0x0000000082b00000, 0x0000000082b00000|100%| O|  |TAMS 0x0000000082b00000, 0x0000000082a00000| Untracked 
|  13|0x0000000082b00000, 0x0000000082c00000, 0x0000000082c00000|100%| O|  |TAMS 0x0000000082c00000, 0x0000000082b00000| Untracked 
|  14|0x0000000082c00000, 0x0000000082d00000, 0x0000000082d00000|100%| O|  |TAMS 0x0000000082d00000, 0x0000000082c00000| Untracked 
|  15|0x0000000082d00000, 0x0000000082e00000, 0x0000000082e00000|100%| O|  |TAMS 0x0000000082e00000, 0x0000000082d00000| Untracked 
|  16|0x0000000082e00000, 0x0000000082f00000, 0x0000000082f00000|100%| O|  |TAMS 0x0000000082f00000, 0x0000000082e00000| Untracked 
|  17|0x0000000082f00000, 0x0000000083000000, 0x0000000083000000|100%| O|  |TAMS 0x0000000083000000, 0x0000000082f00000| Untracked 
|  18|0x0000000083000000, 0x0000000083100000, 0x0000000083100000|100%| O|  |TAMS 0x0000000083100000, 0x0000000083000000| Untracked 
|  19|0x0000000083100000, 0x0000000083200000, 0x0000000083200000|100%| O|  |TAMS 0x0000000083200000, 0x0000000083100000| Untracked 
|  20|0x0000000083200000, 0x0000000083300000, 0x0000000083300000|100%| O|  |TAMS 0x0000000083300000, 0x0000000083200000| Untracked 
|  21|0x0000000083300000, 0x0000000083400000, 0x0000000083400000|100%| O|  |TAMS 0x0000000083400000, 0x0000000083300000| Untracked 
|  22|0x0000000083400000, 0x0000000083500000, 0x0000000083500000|100%| O|  |TAMS 0x0000000083500000, 0x0000000083400000| Untracked 
|  23|0x0000000083500000, 0x0000000083600000, 0x0000000083600000|100%| O|  |TAMS 0x0000000083600000, 0x0000000083500000| Untracked 
|  24|0x0000000083600000, 0x0000000083700000, 0x0000000083700000|100%| O|  |TAMS 0x0000000083621400, 0x0000000083600000| Untracked 
|  25|0x0000000083700000, 0x0000000083700000, 0x0000000083800000|  0%| F|  |TAMS 0x0000000083700000, 0x0000000083700000| Untracked 
|  26|0x0000000083800000, 0x0000000083900000, 0x0000000083900000|100%| O|  |TAMS 0x0000000083800000, 0x0000000083800000| Untracked 
|  27|0x0000000083900000, 0x0000000083a00000, 0x0000000083a00000|100%| O|  |TAMS 0x0000000083900000, 0x0000000083900000| Untracked 
|  28|0x0000000083a00000, 0x0000000083b00000, 0x0000000083b00000|100%| O|  |TAMS 0x0000000083a00000, 0x0000000083a00000| Untracked 
|  29|0x0000000083b00000, 0x0000000083c00000, 0x0000000083c00000|100%| O|  |TAMS 0x0000000083b00000, 0x0000000083b00000| Untracked 
|  30|0x0000000083c00000, 0x0000000083d00000, 0x0000000083d00000|100%| O|  |TAMS 0x0000000083c00000, 0x0000000083c00000| Untracked 
|  31|0x0000000083d00000, 0x0000000083e00000, 0x0000000083e00000|100%| O|  |TAMS 0x0000000083d00000, 0x0000000083d00000| Untracked 
|  32|0x0000000083e00000, 0x0000000083f00000, 0x0000000083f00000|100%| O|  |TAMS 0x0000000083e00000, 0x0000000083e00000| Untracked 
|  33|0x0000000083f00000, 0x0000000084000000, 0x0000000084000000|100%| O|  |TAMS 0x0000000083f00000, 0x0000000083f00000| Untracked 
|  34|0x0000000084000000, 0x0000000084016a00, 0x0000000084100000|  8%| O|  |TAMS 0x0000000084000000, 0x0000000084000000| Untracked 
|  35|0x0000000084100000, 0x0000000084100000, 0x0000000084200000|  0%| F|  |TAMS 0x0000000084100000, 0x0000000084100000| Untracked 
|  36|0x0000000084200000, 0x0000000084200000, 0x0000000084300000|  0%| F|  |TAMS 0x0000000084200000, 0x0000000084200000| Untracked 
|  37|0x0000000084300000, 0x0000000084300000, 0x0000000084400000|  0%| F|  |TAMS 0x0000000084300000, 0x0000000084300000| Untracked 
|  38|0x0000000084400000, 0x0000000084400000, 0x0000000084500000|  0%| F|  |TAMS 0x0000000084400000, 0x0000000084400000| Untracked 
|  39|0x0000000084500000, 0x0000000084500000, 0x0000000084600000|  0%| F|  |TAMS 0x0000000084500000, 0x0000000084500000| Untracked 
|  40|0x0000000084600000, 0x0000000084600000, 0x0000000084700000|  0%| F|  |TAMS 0x0000000084600000, 0x0000000084600000| Untracked 
|  41|0x0000000084700000, 0x0000000084700000, 0x0000000084800000|  0%| F|  |TAMS 0x0000000084700000, 0x0000000084700000| Untracked 
|  42|0x0000000084800000, 0x0000000084800000, 0x0000000084900000|  0%| F|  |TAMS 0x0000000084800000, 0x0000000084800000| Untracked 
|  43|0x0000000084900000, 0x0000000084900000, 0x0000000084a00000|  0%| F|  |TAMS 0x0000000084900000, 0x0000000084900000| Untracked 
|  44|0x0000000084a00000, 0x0000000084a00000, 0x0000000084b00000|  0%| F|  |TAMS 0x0000000084a00000, 0x0000000084a00000| Untracked 
|  45|0x0000000084b00000, 0x0000000084b00000, 0x0000000084c00000|  0%| F|  |TAMS 0x0000000084b00000, 0x0000000084b00000| Untracked 
|  46|0x0000000084c00000, 0x0000000084c00000, 0x0000000084d00000|  0%| F|  |TAMS 0x0000000084c00000, 0x0000000084c00000| Untracked 
|  47|0x0000000084d00000, 0x0000000084d00000, 0x0000000084e00000|  0%| F|  |TAMS 0x0000000084d00000, 0x0000000084d00000| Untracked 
|  48|0x0000000084e00000, 0x0000000084e00000, 0x0000000084f00000|  0%| F|  |TAMS 0x0000000084e00000, 0x0000000084e00000| Untracked 
|  49|0x0000000084f00000, 0x0000000084f00000, 0x0000000085000000|  0%| F|  |TAMS 0x0000000084f00000, 0x0000000084f00000| Untracked 
|  50|0x0000000085000000, 0x0000000085000000, 0x0000000085100000|  0%| F|  |TAMS 0x0000000085000000, 0x0000000085000000| Untracked 
|  51|0x0000000085100000, 0x0000000085100000, 0x0000000085200000|  0%| F|  |TAMS 0x0000000085100000, 0x0000000085100000| Untracked 
|  52|0x0000000085200000, 0x0000000085200000, 0x0000000085300000|  0%| F|  |TAMS 0x0000000085200000, 0x0000000085200000| Untracked 
|  53|0x0000000085300000, 0x0000000085300000, 0x0000000085400000|  0%| F|  |TAMS 0x0000000085300000, 0x0000000085300000| Untracked 
|  54|0x0000000085400000, 0x0000000085400000, 0x0000000085500000|  0%| F|  |TAMS 0x0000000085400000, 0x0000000085400000| Untracked 
|  55|0x0000000085500000, 0x0000000085500000, 0x0000000085600000|  0%| F|  |TAMS 0x0000000085500000, 0x0000000085500000| Untracked 
|  56|0x0000000085600000, 0x0000000085600000, 0x0000000085700000|  0%| F|  |TAMS 0x0000000085600000, 0x0000000085600000| Untracked 
|  57|0x0000000085700000, 0x0000000085700000, 0x0000000085800000|  0%| F|  |TAMS 0x0000000085700000, 0x0000000085700000| Untracked 
|  58|0x0000000085800000, 0x0000000085800000, 0x0000000085900000|  0%| F|  |TAMS 0x0000000085800000, 0x0000000085800000| Untracked 
|  59|0x0000000085900000, 0x0000000085900000, 0x0000000085a00000|  0%| F|  |TAMS 0x0000000085900000, 0x0000000085900000| Untracked 
|  60|0x0000000085a00000, 0x0000000085a00000, 0x0000000085b00000|  0%| F|  |TAMS 0x0000000085a00000, 0x0000000085a00000| Untracked 
|  61|0x0000000085b00000, 0x0000000085b00000, 0x0000000085c00000|  0%| F|  |TAMS 0x0000000085b00000, 0x0000000085b00000| Untracked 
|  62|0x0000000085c00000, 0x0000000085c00000, 0x0000000085d00000|  0%| F|  |TAMS 0x0000000085c00000, 0x0000000085c00000| Untracked 
|  63|0x0000000085d00000, 0x0000000085d00000, 0x0000000085e00000|  0%| F|  |TAMS 0x0000000085d00000, 0x0000000085d00000| Untracked 
|  64|0x0000000085e00000, 0x0000000085e00000, 0x0000000085f00000|  0%| F|  |TAMS 0x0000000085e00000, 0x0000000085e00000| Untracked 
|  65|0x0000000085f00000, 0x0000000085f00000, 0x0000000086000000|  0%| F|  |TAMS 0x0000000085f00000, 0x0000000085f00000| Untracked 
|  66|0x0000000086000000, 0x0000000086000000, 0x0000000086100000|  0%| F|  |TAMS 0x0000000086000000, 0x0000000086000000| Untracked 
|  67|0x0000000086100000, 0x0000000086100000, 0x0000000086200000|  0%| F|  |TAMS 0x0000000086100000, 0x0000000086100000| Untracked 
|  68|0x0000000086200000, 0x0000000086200000, 0x0000000086300000|  0%| F|  |TAMS 0x0000000086200000, 0x0000000086200000| Untracked 
|  69|0x0000000086300000, 0x0000000086300000, 0x0000000086400000|  0%| F|  |TAMS 0x0000000086300000, 0x0000000086300000| Untracked 
|  70|0x0000000086400000, 0x0000000086400000, 0x0000000086500000|  0%| F|  |TAMS 0x0000000086400000, 0x0000000086400000| Untracked 
|  71|0x0000000086500000, 0x0000000086500000, 0x0000000086600000|  0%| F|  |TAMS 0x0000000086500000, 0x0000000086500000| Untracked 
|  72|0x0000000086600000, 0x0000000086600000, 0x0000000086700000|  0%| F|  |TAMS 0x0000000086600000, 0x0000000086600000| Untracked 
|  73|0x0000000086700000, 0x0000000086700000, 0x0000000086800000|  0%| F|  |TAMS 0x0000000086700000, 0x0000000086700000| Untracked 
|  74|0x0000000086800000, 0x0000000086800000, 0x0000000086900000|  0%| F|  |TAMS 0x0000000086800000, 0x0000000086800000| Untracked 
|  75|0x0000000086900000, 0x0000000086900000, 0x0000000086a00000|  0%| F|  |TAMS 0x0000000086900000, 0x0000000086900000| Untracked 
|  76|0x0000000086a00000, 0x0000000086a00000, 0x0000000086b00000|  0%| F|  |TAMS 0x0000000086a00000, 0x0000000086a00000| Untracked 
|  77|0x0000000086b00000, 0x0000000086b00000, 0x0000000086c00000|  0%| F|  |TAMS 0x0000000086b00000, 0x0000000086b00000| Untracked 
|  78|0x0000000086c00000, 0x0000000086c00000, 0x0000000086d00000|  0%| F|  |TAMS 0x0000000086c00000, 0x0000000086c00000| Untracked 
|  79|0x0000000086d00000, 0x0000000086d00000, 0x0000000086e00000|  0%| F|  |TAMS 0x0000000086d00000, 0x0000000086d00000| Untracked 
|  80|0x0000000086e00000, 0x0000000086e00000, 0x0000000086f00000|  0%| F|  |TAMS 0x0000000086e00000, 0x0000000086e00000| Untracked 
|  81|0x0000000086f00000, 0x0000000086f00000, 0x0000000087000000|  0%| F|  |TAMS 0x0000000086f00000, 0x0000000086f00000| Untracked 
|  82|0x0000000087000000, 0x0000000087000000, 0x0000000087100000|  0%| F|  |TAMS 0x0000000087000000, 0x0000000087000000| Untracked 
|  83|0x0000000087100000, 0x0000000087100000, 0x0000000087200000|  0%| F|  |TAMS 0x0000000087100000, 0x0000000087100000| Untracked 
|  84|0x0000000087200000, 0x0000000087200000, 0x0000000087300000|  0%| F|  |TAMS 0x0000000087200000, 0x0000000087200000| Untracked 
|  85|0x0000000087300000, 0x0000000087300000, 0x0000000087400000|  0%| F|  |TAMS 0x0000000087300000, 0x0000000087300000| Untracked 
|  86|0x0000000087400000, 0x0000000087400000, 0x0000000087500000|  0%| F|  |TAMS 0x0000000087400000, 0x0000000087400000| Untracked 
|  87|0x0000000087500000, 0x0000000087500000, 0x0000000087600000|  0%| F|  |TAMS 0x0000000087500000, 0x0000000087500000| Untracked 
|  88|0x0000000087600000, 0x0000000087600000, 0x0000000087700000|  0%| F|  |TAMS 0x0000000087600000, 0x0000000087600000| Untracked 
|  89|0x0000000087700000, 0x0000000087700000, 0x0000000087800000|  0%| F|  |TAMS 0x0000000087700000, 0x0000000087700000| Untracked 
|  90|0x0000000087800000, 0x0000000087900000, 0x0000000087900000|100%| S|CS|TAMS 0x0000000087800000, 0x0000000087800000| Complete 
|  91|0x0000000087900000, 0x0000000087a00000, 0x0000000087a00000|100%| S|CS|TAMS 0x0000000087900000, 0x0000000087900000| Complete 
|  92|0x0000000087a00000, 0x0000000087b00000, 0x0000000087b00000|100%| S|CS|TAMS 0x0000000087a00000, 0x0000000087a00000| Complete 
|  93|0x0000000087b00000, 0x0000000087c00000, 0x0000000087c00000|100%| S|CS|TAMS 0x0000000087b00000, 0x0000000087b00000| Complete 
|  94|0x0000000087c00000, 0x0000000087d00000, 0x0000000087d00000|100%| S|CS|TAMS 0x0000000087c00000, 0x0000000087c00000| Complete 
|  95|0x0000000087d00000, 0x0000000087e00000, 0x0000000087e00000|100%| S|CS|TAMS 0x0000000087d00000, 0x0000000087d00000| Complete 
|  96|0x0000000087e00000, 0x0000000087f00000, 0x0000000087f00000|100%| S|CS|TAMS 0x0000000087e00000, 0x0000000087e00000| Complete 
|  97|0x0000000087f00000, 0x0000000088000000, 0x0000000088000000|100%| S|CS|TAMS 0x0000000087f00000, 0x0000000087f00000| Complete 
|  98|0x0000000088000000, 0x0000000088000000, 0x0000000088100000|  0%| F|  |TAMS 0x0000000088000000, 0x0000000088000000| Untracked 
|  99|0x0000000088100000, 0x0000000088100000, 0x0000000088200000|  0%| F|  |TAMS 0x0000000088100000, 0x0000000088100000| Untracked 
| 100|0x0000000088200000, 0x0000000088200000, 0x0000000088300000|  0%| F|  |TAMS 0x0000000088200000, 0x0000000088200000| Untracked 
| 101|0x0000000088300000, 0x0000000088300000, 0x0000000088400000|  0%| F|  |TAMS 0x0000000088300000, 0x0000000088300000| Untracked 
| 102|0x0000000088400000, 0x0000000088400000, 0x0000000088500000|  0%| F|  |TAMS 0x0000000088400000, 0x0000000088400000| Untracked 
| 103|0x0000000088500000, 0x0000000088500000, 0x0000000088600000|  0%| F|  |TAMS 0x0000000088500000, 0x0000000088500000| Untracked 
| 104|0x0000000088600000, 0x0000000088600000, 0x0000000088700000|  0%| F|  |TAMS 0x0000000088600000, 0x0000000088600000| Untracked 
| 105|0x0000000088700000, 0x0000000088700000, 0x0000000088800000|  0%| F|  |TAMS 0x0000000088700000, 0x0000000088700000| Untracked 
| 106|0x0000000088800000, 0x0000000088800000, 0x0000000088900000|  0%| F|  |TAMS 0x0000000088800000, 0x0000000088800000| Untracked 
| 107|0x0000000088900000, 0x0000000088900000, 0x0000000088a00000|  0%| F|  |TAMS 0x0000000088900000, 0x0000000088900000| Untracked 
| 108|0x0000000088a00000, 0x0000000088a00000, 0x0000000088b00000|  0%| F|  |TAMS 0x0000000088a00000, 0x0000000088a00000| Untracked 
| 109|0x0000000088b00000, 0x0000000088b00000, 0x0000000088c00000|  0%| F|  |TAMS 0x0000000088b00000, 0x0000000088b00000| Untracked 
| 110|0x0000000088c00000, 0x0000000088c80800, 0x0000000088d00000| 50%| E|  |TAMS 0x0000000088c00000, 0x0000000088c00000| Complete 
| 111|0x0000000088d00000, 0x0000000088e00000, 0x0000000088e00000|100%| E|CS|TAMS 0x0000000088d00000, 0x0000000088d00000| Complete 
| 112|0x0000000088e00000, 0x0000000088f00000, 0x0000000088f00000|100%| E|CS|TAMS 0x0000000088e00000, 0x0000000088e00000| Complete 
| 113|0x0000000088f00000, 0x0000000089000000, 0x0000000089000000|100%| E|CS|TAMS 0x0000000088f00000, 0x0000000088f00000| Complete 
| 114|0x0000000089000000, 0x0000000089100000, 0x0000000089100000|100%| E|CS|TAMS 0x0000000089000000, 0x0000000089000000| Complete 
| 115|0x0000000089100000, 0x0000000089200000, 0x0000000089200000|100%| E|CS|TAMS 0x0000000089100000, 0x0000000089100000| Complete 
| 116|0x0000000089200000, 0x0000000089300000, 0x0000000089300000|100%| E|CS|TAMS 0x0000000089200000, 0x0000000089200000| Complete 
| 117|0x0000000089300000, 0x0000000089400000, 0x0000000089400000|100%| E|CS|TAMS 0x0000000089300000, 0x0000000089300000| Complete 
| 118|0x0000000089400000, 0x0000000089500000, 0x0000000089500000|100%| E|CS|TAMS 0x0000000089400000, 0x0000000089400000| Complete 
| 119|0x0000000089500000, 0x0000000089600000, 0x0000000089600000|100%| E|CS|TAMS 0x0000000089500000, 0x0000000089500000| Complete 
| 120|0x0000000089600000, 0x0000000089700000, 0x0000000089700000|100%| E|CS|TAMS 0x0000000089600000, 0x0000000089600000| Complete 
| 121|0x0000000089700000, 0x0000000089800000, 0x0000000089800000|100%| E|CS|TAMS 0x0000000089700000, 0x0000000089700000| Complete 
| 122|0x0000000089800000, 0x0000000089900000, 0x0000000089900000|100%| E|CS|TAMS 0x0000000089800000, 0x0000000089800000| Complete 
| 123|0x0000000089900000, 0x0000000089a00000, 0x0000000089a00000|100%| E|CS|TAMS 0x0000000089900000, 0x0000000089900000| Complete 
| 124|0x0000000089a00000, 0x0000000089b00000, 0x0000000089b00000|100%| E|CS|TAMS 0x0000000089a00000, 0x0000000089a00000| Complete 
| 125|0x0000000089b00000, 0x0000000089c00000, 0x0000000089c00000|100%| E|CS|TAMS 0x0000000089b00000, 0x0000000089b00000| Complete 
| 126|0x0000000089c00000, 0x0000000089d00000, 0x0000000089d00000|100%| E|CS|TAMS 0x0000000089c00000, 0x0000000089c00000| Complete 
| 127|0x0000000089d00000, 0x0000000089e00000, 0x0000000089e00000|100%| E|CS|TAMS 0x0000000089d00000, 0x0000000089d00000| Complete 
| 128|0x0000000089e00000, 0x0000000089f00000, 0x0000000089f00000|100%| E|CS|TAMS 0x0000000089e00000, 0x0000000089e00000| Complete 
| 129|0x0000000089f00000, 0x000000008a000000, 0x000000008a000000|100%| E|CS|TAMS 0x0000000089f00000, 0x0000000089f00000| Complete 
| 130|0x000000008a000000, 0x000000008a100000, 0x000000008a100000|100%| E|CS|TAMS 0x000000008a000000, 0x000000008a000000| Complete 
| 131|0x000000008a100000, 0x000000008a200000, 0x000000008a200000|100%| E|CS|TAMS 0x000000008a100000, 0x000000008a100000| Complete 
| 132|0x000000008a200000, 0x000000008a300000, 0x000000008a300000|100%| E|CS|TAMS 0x000000008a200000, 0x000000008a200000| Complete 
| 133|0x000000008a300000, 0x000000008a400000, 0x000000008a400000|100%| E|CS|TAMS 0x000000008a300000, 0x000000008a300000| Complete 
| 134|0x000000008a400000, 0x000000008a500000, 0x000000008a500000|100%| E|CS|TAMS 0x000000008a400000, 0x000000008a400000| Complete 
| 135|0x000000008a500000, 0x000000008a600000, 0x000000008a600000|100%| E|CS|TAMS 0x000000008a500000, 0x000000008a500000| Complete 
| 136|0x000000008a600000, 0x000000008a700000, 0x000000008a700000|100%| E|CS|TAMS 0x000000008a600000, 0x000000008a600000| Complete 
| 137|0x000000008a700000, 0x000000008a800000, 0x000000008a800000|100%| E|CS|TAMS 0x000000008a700000, 0x000000008a700000| Complete 
| 138|0x000000008a800000, 0x000000008a900000, 0x000000008a900000|100%| E|CS|TAMS 0x000000008a800000, 0x000000008a800000| Complete 
| 139|0x000000008a900000, 0x000000008aa00000, 0x000000008aa00000|100%| E|CS|TAMS 0x000000008a900000, 0x000000008a900000| Complete 
| 140|0x000000008aa00000, 0x000000008ab00000, 0x000000008ab00000|100%| E|CS|TAMS 0x000000008aa00000, 0x000000008aa00000| Complete 
| 141|0x000000008ab00000, 0x000000008ac00000, 0x000000008ac00000|100%| E|CS|TAMS 0x000000008ab00000, 0x000000008ab00000| Complete 
| 142|0x000000008ac00000, 0x000000008ad00000, 0x000000008ad00000|100%| E|CS|TAMS 0x000000008ac00000, 0x000000008ac00000| Complete 
| 143|0x000000008ad00000, 0x000000008ae00000, 0x000000008ae00000|100%| E|CS|TAMS 0x000000008ad00000, 0x000000008ad00000| Complete 
| 144|0x000000008ae00000, 0x000000008af00000, 0x000000008af00000|100%| E|CS|TAMS 0x000000008ae00000, 0x000000008ae00000| Complete 
| 145|0x000000008af00000, 0x000000008b000000, 0x000000008b000000|100%| E|CS|TAMS 0x000000008af00000, 0x000000008af00000| Complete 
| 146|0x000000008b000000, 0x000000008b100000, 0x000000008b100000|100%| E|CS|TAMS 0x000000008b000000, 0x000000008b000000| Complete 
| 147|0x000000008b100000, 0x000000008b200000, 0x000000008b200000|100%| E|CS|TAMS 0x000000008b100000, 0x000000008b100000| Complete 
| 148|0x000000008b200000, 0x000000008b300000, 0x000000008b300000|100%| E|CS|TAMS 0x000000008b200000, 0x000000008b200000| Complete 
| 149|0x000000008b300000, 0x000000008b400000, 0x000000008b400000|100%| E|CS|TAMS 0x000000008b300000, 0x000000008b300000| Complete 
| 150|0x000000008b400000, 0x000000008b500000, 0x000000008b500000|100%| E|CS|TAMS 0x000000008b400000, 0x000000008b400000| Complete 
| 151|0x000000008b500000, 0x000000008b600000, 0x000000008b600000|100%| E|CS|TAMS 0x000000008b500000, 0x000000008b500000| Complete 
| 152|0x000000008b600000, 0x000000008b700000, 0x000000008b700000|100%| E|CS|TAMS 0x000000008b600000, 0x000000008b600000| Complete 
| 153|0x000000008b700000, 0x000000008b800000, 0x000000008b800000|100%| E|CS|TAMS 0x000000008b700000, 0x000000008b700000| Complete 
| 154|0x000000008b800000, 0x000000008b900000, 0x000000008b900000|100%| E|CS|TAMS 0x000000008b800000, 0x000000008b800000| Complete 
| 155|0x000000008b900000, 0x000000008ba00000, 0x000000008ba00000|100%| E|CS|TAMS 0x000000008b900000, 0x000000008b900000| Complete 
| 156|0x000000008ba00000, 0x000000008bb00000, 0x000000008bb00000|100%| E|CS|TAMS 0x000000008ba00000, 0x000000008ba00000| Complete 
| 157|0x000000008bb00000, 0x000000008bc00000, 0x000000008bc00000|100%| E|CS|TAMS 0x000000008bb00000, 0x000000008bb00000| Complete 
| 158|0x000000008bc00000, 0x000000008bd00000, 0x000000008bd00000|100%| E|CS|TAMS 0x000000008bc00000, 0x000000008bc00000| Complete 
| 159|0x000000008bd00000, 0x000000008be00000, 0x000000008be00000|100%| E|CS|TAMS 0x000000008bd00000, 0x000000008bd00000| Complete 
| 160|0x000000008be00000, 0x000000008bf00000, 0x000000008bf00000|100%| E|CS|TAMS 0x000000008be00000, 0x000000008be00000| Complete 

Card table byte_map: [0x000001c1a6470000,0x000001c1a6870000] _byte_map_base: 0x000001c1a6061000

Marking Bits (Prev, Next): (CMBitMap*) 0x000001c192b0b510, (CMBitMap*) 0x000001c192b0b4d8
 Prev Bits: [0x000001c1a8c00000, 0x000001c1aab88000)
 Next Bits: [0x000001c1a6c70000, 0x000001c1a8bf8000)

Polling page: 0x000001c1965d0000

Metaspace:

Usage:
  Non-class:     46.85 MB capacity,    46.42 MB (>99%) used,   348.84 KB ( <1%) free+waste,    87.06 KB ( <1%) overhead. 
      Class:      6.27 MB capacity,     6.02 MB ( 96%) used,   222.62 KB (  3%) free+waste,    39.31 KB ( <1%) overhead. 
       Both:     53.12 MB capacity,    52.44 MB ( 99%) used,   571.45 KB (  1%) free+waste,   126.38 KB ( <1%) overhead. 

Virtual space:
  Non-class space:       48.00 MB reserved,      47.00 MB ( 98%) committed 
      Class space:        1.00 GB reserved,       6.38 MB ( <1%) committed 
             Both:        1.05 GB reserved,      53.38 MB (  5%) committed 

Chunk freelists:
   Non-Class:  27.00 KB
       Class:  10.00 KB
        Both:  37.00 KB

MaxMetaspaceSize: 17179869184.00 GB
CompressedClassSpaceSize: 1.00 GB

CodeHeap 'non-profiled nmethods': size=120000Kb used=2991Kb max_used=2991Kb free=117008Kb
 bounds [0x000001c19e0c0000, 0x000001c19e3b0000, 0x000001c1a55f0000]
CodeHeap 'profiled nmethods': size=120000Kb used=12649Kb max_used=12649Kb free=107350Kb
 bounds [0x000001c196b90000, 0x000001c1977f0000, 0x000001c19e0c0000]
CodeHeap 'non-nmethods': size=5760Kb used=1206Kb max_used=1256Kb free=4553Kb
 bounds [0x000001c1965f0000, 0x000001c196860000, 0x000001c196b90000]
 total_blobs=6405 nmethods=5840 adapters=475
 compilation: enabled
              stopped_count=0, restarted_count=0
 full_count=0

Compilation events (20 events):
Event: 4.643 Thread 0x000001c1adfcd000 5871       2       jdk.internal.org.objectweb.asm.ClassWriter::visitEnd (1 bytes)
Event: 4.643 Thread 0x000001c1adfcd000 nmethod 5871 0x000001c1977e6110 code [0x000001c1977e62c0, 0x000001c1977e63b8]
Event: 4.643 Thread 0x000001c1adfcd000 5873       2       java.lang.invoke.BootstrapMethodInvoker::maybeReBoxElements (24 bytes)
Event: 4.644 Thread 0x000001c1adfcd000 nmethod 5873 0x000001c1977e6490 code [0x000001c1977e6660, 0x000001c1977e6928]
Event: 4.644 Thread 0x000001c1adfcd000 5872       2       java.lang.invoke.InfoFromMemberName::getName (8 bytes)
Event: 4.644 Thread 0x000001c1adfcd000 nmethod 5872 0x000001c1977e6a90 code [0x000001c1977e6c40, 0x000001c1977e6dc8]
Event: 4.644 Thread 0x000001c1adfcd000 5874       2       java.lang.invoke.Invokers$Holder::invokeExact_MT (32 bytes)
Event: 4.644 Thread 0x000001c1adfcd000 nmethod 5874 0x000001c1977e6e90 code [0x000001c1977e7080, 0x000001c1977e72b8]
Event: 4.646 Thread 0x000001c1adfcd000 5876       2       java.lang.invoke.MethodHandles$Lookup::getDirectMethodNoSecurityManager (18 bytes)
Event: 4.647 Thread 0x000001c1adfcd000 nmethod 5876 0x000001c1977e7490 code [0x000001c1977e7640, 0x000001c1977e7768]
Event: 4.648 Thread 0x000001c1adfcd000 5877       2       java.lang.Module::allows (60 bytes)
Event: 4.648 Thread 0x000001c1adfcd000 nmethod 5877 0x000001c1977e7810 code [0x000001c1977e7a00, 0x000001c1977e7c48]
Event: 4.675 Thread 0x000001c1adfcd000 5878       2       java.lang.reflect.Constructor::setAccessible (21 bytes)
Event: 4.675 Thread 0x000001c1adfcd000 nmethod 5878 0x000001c1977e7d90 code [0x000001c1977e7f80, 0x000001c1977e8218]
Event: 4.675 Thread 0x000001c1adfcd000 5879       2       java.lang.reflect.Constructor::checkCanSetAccessible (29 bytes)
Event: 4.676 Thread 0x000001c1adfcd000 nmethod 5879 0x000001c1977e8390 code [0x000001c1977e8560, 0x000001c1977e8758]
Event: 4.681 Thread 0x000001c1adfcd000 5880       2       jdk.internal.org.objectweb.asm.ClassVisitor::<init> (35 bytes)
Event: 4.681 Thread 0x000001c1adfcd000 nmethod 5880 0x000001c1977e8890 code [0x000001c1977e8a60, 0x000001c1977e8c88]
Event: 4.681 Thread 0x000001c1adfcd000 5881       2       jdk.internal.org.objectweb.asm.ClassWriter::visit (121 bytes)
Event: 4.682 Thread 0x000001c1adfcd000 nmethod 5881 0x000001c1977e8d90 code [0x000001c1977e8f80, 0x000001c1977e93f8]

GC Heap History (14 events):
Event: 0.503 GC heap before
{Heap before GC invocations=0 (full 0):
 garbage-first heap   total 131072K, used 27648K [0x0000000081e00000, 0x0000000100000000)
  region size 1024K, 24 young (24576K), 0 survivors (0K)
 Metaspace       used 12334K, capacity 12440K, committed 12544K, reserved 1060864K
  class space    used 1160K, capacity 1207K, committed 1280K, reserved 1048576K
}
Event: 0.506 GC heap after
{Heap after GC invocations=1 (full 0):
 garbage-first heap   total 131072K, used 5847K [0x0000000081e00000, 0x0000000100000000)
  region size 1024K, 3 young (3072K), 3 survivors (3072K)
 Metaspace       used 12334K, capacity 12440K, committed 12544K, reserved 1060864K
  class space    used 1160K, capacity 1207K, committed 1280K, reserved 1048576K
}
Event: 1.097 GC heap before
{Heap before GC invocations=1 (full 0):
 garbage-first heap   total 131072K, used 45783K [0x0000000081e00000, 0x0000000100000000)
  region size 1024K, 43 young (44032K), 3 survivors (3072K)
 Metaspace       used 20907K, capacity 21158K, committed 21248K, reserved 1069056K
  class space    used 2222K, capacity 2293K, committed 2304K, reserved 1048576K
}
Event: 1.108 GC heap after
{Heap after GC invocations=2 (full 0):
 garbage-first heap   total 131072K, used 9646K [0x0000000081e00000, 0x0000000100000000)
  region size 1024K, 7 young (7168K), 7 survivors (7168K)
 Metaspace       used 20907K, capacity 21158K, committed 21248K, reserved 1069056K
  class space    used 2222K, capacity 2293K, committed 2304K, reserved 1048576K
}
Event: 1.948 GC heap before
{Heap before GC invocations=3 (full 0):
 garbage-first heap   total 131072K, used 68014K [0x0000000081e00000, 0x0000000100000000)
  region size 1024K, 59 young (60416K), 7 survivors (7168K)
 Metaspace       used 31330K, capacity 31884K, committed 32128K, reserved 1077248K
  class space    used 3670K, capacity 3879K, committed 3968K, reserved 1048576K
}
Event: 1.968 GC heap after
{Heap after GC invocations=4 (full 0):
 garbage-first heap   total 131072K, used 22731K [0x0000000081e00000, 0x0000000100000000)
  region size 1024K, 8 young (8192K), 8 survivors (8192K)
 Metaspace       used 31330K, capacity 31884K, committed 32128K, reserved 1077248K
  class space    used 3670K, capacity 3879K, committed 3968K, reserved 1048576K
}
Event: 2.213 GC heap before
{Heap before GC invocations=4 (full 0):
 garbage-first heap   total 131072K, used 39115K [0x0000000081e00000, 0x0000000100000000)
  region size 1024K, 24 young (24576K), 8 survivors (8192K)
 Metaspace       used 34003K, capacity 34548K, committed 34944K, reserved 1079296K
  class space    used 4175K, capacity 4361K, committed 4480K, reserved 1048576K
}
Event: 2.227 GC heap after
{Heap after GC invocations=5 (full 0):
 garbage-first heap   total 131072K, used 25304K [0x0000000081e00000, 0x0000000100000000)
  region size 1024K, 2 young (2048K), 2 survivors (2048K)
 Metaspace       used 34003K, capacity 34548K, committed 34944K, reserved 1079296K
  class space    used 4175K, capacity 4361K, committed 4480K, reserved 1048576K
}
Event: 2.269 GC heap before
{Heap before GC invocations=5 (full 0):
 garbage-first heap   total 131072K, used 28376K [0x0000000081e00000, 0x0000000100000000)
  region size 1024K, 6 young (6144K), 2 survivors (2048K)
 Metaspace       used 34884K, capacity 35412K, committed 35628K, reserved 1081344K
  class space    used 4277K, capacity 4457K, committed 4480K, reserved 1048576K
}
Event: 2.272 GC heap after
{Heap after GC invocations=6 (full 0):
 garbage-first heap   total 164864K, used 25095K [0x0000000081e00000, 0x0000000100000000)
  region size 1024K, 2 young (2048K), 2 survivors (2048K)
 Metaspace       used 34884K, capacity 35412K, committed 35628K, reserved 1081344K
  class space    used 4277K, capacity 4457K, committed 4480K, reserved 1048576K
}
Event: 3.158 GC heap before
{Heap before GC invocations=7 (full 0):
 garbage-first heap   total 164864K, used 80391K [0x0000000081e00000, 0x0000000100000000)
  region size 1024K, 56 young (57344K), 2 survivors (2048K)
 Metaspace       used 44754K, capacity 45349K, committed 45696K, reserved 1089536K
  class space    used 5222K, capacity 5415K, committed 5504K, reserved 1048576K
}
Event: 3.172 GC heap after
{Heap after GC invocations=8 (full 0):
 garbage-first heap   total 164864K, used 29829K [0x0000000081e00000, 0x0000000100000000)
  region size 1024K, 7 young (7168K), 7 survivors (7168K)
 Metaspace       used 44754K, capacity 45349K, committed 45696K, reserved 1089536K
  class space    used 5222K, capacity 5415K, committed 5504K, reserved 1048576K
}
Event: 3.887 GC heap before
{Heap before GC invocations=9 (full 0):
 garbage-first heap   total 164864K, used 90245K [0x0000000081e00000, 0x0000000100000000)
  region size 1024K, 63 young (64512K), 7 survivors (7168K)
 Metaspace       used 48402K, capacity 48990K, committed 49152K, reserved 1093632K
  class space    used 5633K, capacity 5837K, committed 5888K, reserved 1048576K
}
Event: 3.911 GC heap after
{Heap after GC invocations=10 (full 0):
 garbage-first heap   total 164864K, used 42074K [0x0000000081e00000, 0x0000000100000000)
  region size 1024K, 8 young (8192K), 8 survivors (8192K)
 Metaspace       used 48402K, capacity 48990K, committed 49152K, reserved 1093632K
  class space    used 5633K, capacity 5837K, committed 5888K, reserved 1048576K
}

Deoptimization events (20 events):
Event: 4.584 Thread 0x000001c192acc000 Uncommon trap: trap_request=0xffffffde fr.pc=0x000001c19e27a5b8 relative=0x0000000000000338
Event: 4.584 Thread 0x000001c192acc000 Uncommon trap: reason=class_check action=maybe_recompile pc=0x000001c19e27a5b8 method=org.jetbrains.kotlin.com.intellij.psi.impl.source.tree.CompositeElement.drillDown(Lorg/jetbrains/kotlin/com/intellij/psi/impl/source/tree/TreeElement;)Lorg/jetbrains/kot
Event: 4.584 Thread 0x000001c192acc000 DEOPT PACKING pc=0x000001c19e27a5b8 sp=0x000000bc37bfd510
Event: 4.584 Thread 0x000001c192acc000 DEOPT UNPACKING pc=0x000001c1966165af sp=0x000000bc37bfd3d0 mode 2
Event: 4.591 Thread 0x000001c192acc000 Uncommon trap: trap_request=0xffffff4d fr.pc=0x000001c19e351970 relative=0x0000000000000e10
Event: 4.591 Thread 0x000001c192acc000 Uncommon trap: reason=unstable_if action=reinterpret pc=0x000001c19e351970 method=org.jetbrains.kotlin.cli.jvm.compiler.KotlinCliJavaFileManagerImpl$findClasses$1$$special$$inlined$forEachClassId$lambda$1.invoke(Lorg/jetbrains/kotlin/com/intellij/openapi/
Event: 4.591 Thread 0x000001c192acc000 DEOPT PACKING pc=0x000001c19e351970 sp=0x000000bc37bfb090
Event: 4.591 Thread 0x000001c192acc000 DEOPT UNPACKING pc=0x000001c1966165af sp=0x000000bc37bfafe0 mode 2
Event: 4.679 Thread 0x000001c192acc000 Uncommon trap: trap_request=0xffffffc6 fr.pc=0x000001c19e2ec1d0 relative=0x00000000000005d0
Event: 4.679 Thread 0x000001c192acc000 Uncommon trap: reason=bimorphic_or_optimized_type_check action=maybe_recompile pc=0x000001c19e2ec1d0 method=gnu.trove.TObjectHash.index(Ljava/lang/Object;)I @ 64 c2
Event: 4.679 Thread 0x000001c192acc000 DEOPT PACKING pc=0x000001c19e2ec1d0 sp=0x000000bc37bfa240
Event: 4.679 Thread 0x000001c192acc000 DEOPT UNPACKING pc=0x000001c1966165af sp=0x000000bc37bfa1c0 mode 2
Event: 4.685 Thread 0x000001c192acc000 Uncommon trap: trap_request=0xffffffde fr.pc=0x000001c19e24013c relative=0x00000000000001fc
Event: 4.685 Thread 0x000001c192acc000 Uncommon trap: reason=class_check action=maybe_recompile pc=0x000001c19e24013c method=gnu.trove.TIntObjectHashMap.index(I)I @ 28 c2
Event: 4.685 Thread 0x000001c192acc000 DEOPT PACKING pc=0x000001c19e24013c sp=0x000000bc37bfa090
Event: 4.685 Thread 0x000001c192acc000 DEOPT UNPACKING pc=0x000001c1966165af sp=0x000000bc37bf9ff8 mode 2
Event: 4.685 Thread 0x000001c192acc000 Uncommon trap: trap_request=0xffffffde fr.pc=0x000001c19e24013c relative=0x00000000000001fc
Event: 4.685 Thread 0x000001c192acc000 Uncommon trap: reason=class_check action=maybe_recompile pc=0x000001c19e24013c method=gnu.trove.TIntObjectHashMap.index(I)I @ 28 c2
Event: 4.685 Thread 0x000001c192acc000 DEOPT PACKING pc=0x000001c19e24013c sp=0x000000bc37bfa6e0
Event: 4.685 Thread 0x000001c192acc000 DEOPT UNPACKING pc=0x000001c1966165af sp=0x000000bc37bfa648 mode 2

Classes redefined (0 events):
No events

Internal exceptions (20 events):
Event: 1.338 Thread 0x000001c192acc000 Exception <a 'java/lang/NoSuchMethodError'{0x00000000890a0cc0}: 'java.lang.Object java.lang.invoke.DirectMethodHandle$Holder.invokeStatic(java.lang.Object, java.lang.Object, java.lang.Object, java.lang.Object, java.lang.Object, java.lang.Object, java.lang.Object, java.lang.Object, java.lang.Object, java.lang.Object, java.lang.Object, java.lang.Object, java.lang.Object, java.lang.Object, java.lang.Object)'> (0x00000000890a0cc0) thrown at [./src/hotspot/share/interpreter/linkResolver.cpp, line 773]
Event: 1.339 Thread 0x000001c192acc000 Exception <a 'java/lang/NoSuchMethodError'{0x00000000890aecc8}: 'java.lang.Object java.lang.invoke.DirectMethodHandle$Holder.invokeStatic(java.lang.Object, java.lang.Object, java.lang.Object, java.lang.Object, java.lang.Object, java.lang.Object, java.lang.Object, java.lang.Object, java.lang.Object, java.lang.Object, java.lang.Object, java.lang.Object, java.lang.Object, java.lang.Object, java.lang.Object, java.lang.Object)'> (0x00000000890aecc8) thrown at [./src/hotspot/share/interpreter/linkResolver.cpp, l
Event: 1.340 Thread 0x000001c192acc000 Exception <a 'java/lang/NoSuchMethodError'{0x00000000890bcbe0}: 'java.lang.Object java.lang.invoke.DirectMethodHandle$Holder.invokeSpecial(java.lang.Object, java.lang.Object, int, int, java.lang.Object, java.lang.Object, java.lang.Object)'> (0x00000000890bcbe0) thrown at [./src/hotspot/share/interpreter/linkResolver.cpp, line 773]
Event: 1.340 Thread 0x000001c192acc000 Exception <a 'java/lang/NoSuchMethodError'{0x00000000890c0418}: 'java.lang.Object java.lang.invoke.DelegatingMethodHandle$Holder.reinvoke_L(java.lang.Object, int, int, java.lang.Object, java.lang.Object, java.lang.Object)'> (0x00000000890c0418) thrown at [./src/hotspot/share/interpreter/linkResolver.cpp, line 773]
Event: 1.340 Thread 0x000001c192acc000 Exception <a 'java/lang/NoSuchMethodError'{0x00000000890c47a0}: 'java.lang.Object java.lang.invoke.DirectMethodHandle$Holder.invokeStatic(java.lang.Object, java.lang.Object, java.lang.Object, java.lang.Object, int)'> (0x00000000890c47a0) thrown at [./src/hotspot/share/interpreter/linkResolver.cpp, line 773]
Event: 1.375 Thread 0x000001c192acc000 Exception <a 'sun/nio/fs/WindowsException'{0x0000000088e036f0}> (0x0000000088e036f0) thrown at [./src/hotspot/share/prims/jni.cpp, line 615]
Event: 1.375 Thread 0x000001c192acc000 Exception <a 'sun/nio/fs/WindowsException'{0x0000000088e03f60}> (0x0000000088e03f60) thrown at [./src/hotspot/share/prims/jni.cpp, line 615]
Event: 1.375 Thread 0x000001c192acc000 Exception <a 'sun/nio/fs/WindowsException'{0x0000000088e047e8}> (0x0000000088e047e8) thrown at [./src/hotspot/share/prims/jni.cpp, line 615]
Event: 1.375 Thread 0x000001c192acc000 Exception <a 'sun/nio/fs/WindowsException'{0x0000000088e051c0}> (0x0000000088e051c0) thrown at [./src/hotspot/share/prims/jni.cpp, line 615]
Event: 1.375 Thread 0x000001c192acc000 Exception <a 'sun/nio/fs/WindowsException'{0x0000000088e05aa8}> (0x0000000088e05aa8) thrown at [./src/hotspot/share/prims/jni.cpp, line 615]
Event: 1.375 Thread 0x000001c192acc000 Exception <a 'sun/nio/fs/WindowsException'{0x0000000088e063c0}> (0x0000000088e063c0) thrown at [./src/hotspot/share/prims/jni.cpp, line 615]
Event: 1.377 Thread 0x000001c192acc000 Exception <a 'java/lang/NoSuchMethodError'{0x0000000088e0cb00}: 'void java.lang.invoke.DirectMethodHandle$Holder.invokeStatic(java.lang.Object, java.lang.Object, java.lang.Object, java.lang.Object)'> (0x0000000088e0cb00) thrown at [./src/hotspot/share/interpreter/linkResolver.cpp, line 773]
Event: 1.425 Thread 0x000001c192acc000 Exception <a 'java/lang/NoSuchMethodError'{0x0000000088beb1a0}: 'void java.lang.invoke.DirectMethodHandle$Holder.invokeStaticInit(java.lang.Object, java.lang.Object)'> (0x0000000088beb1a0) thrown at [./src/hotspot/share/interpreter/linkResolver.cpp, line 773]
Event: 1.505 Thread 0x000001c192acc000 Exception <a 'java/lang/NoSuchMethodError'{0x00000000886fe600}: 'void java.lang.invoke.DirectMethodHandle$Holder.invokeVirtual(java.lang.Object, java.lang.Object)'> (0x00000000886fe600) thrown at [./src/hotspot/share/interpreter/linkResolver.cpp, line 773]
Event: 1.514 Thread 0x000001c192acc000 Exception <a 'java/lang/NoSuchMethodError'{0x000000008857fb80}: 'int java.lang.invoke.DirectMethodHandle$Holder.invokeVirtual(java.lang.Object, java.lang.Object)'> (0x000000008857fb80) thrown at [./src/hotspot/share/interpreter/linkResolver.cpp, line 773]
Event: 2.347 Thread 0x000001c192acc000 Exception <a 'java/lang/NoSuchMethodError'{0x000000008ba7e3f0}: 'java.lang.Object java.lang.invoke.DirectMethodHandle$Holder.invokeVirtual(java.lang.Object, java.lang.Object, java.lang.Object)'> (0x000000008ba7e3f0) thrown at [./src/hotspot/share/interpreter/linkResolver.cpp, line 773]
Event: 2.912 Thread 0x000001c192acc000 Exception <a 'java/lang/NoSuchMethodError'{0x0000000088e7ce00}: 'java.lang.Object java.lang.invoke.Invokers$Holder.linkToTargetMethod(java.lang.Object, int, java.lang.Object)'> (0x0000000088e7ce00) thrown at [./src/hotspot/share/interpreter/linkResolver.cpp, line 773]
Event: 3.474 Thread 0x000001c192acc000 Exception <a 'java/lang/NoSuchMethodError'{0x000000008aa0d128}: 'java.lang.Object java.lang.invoke.DirectMethodHandle$Holder.invokeStatic(java.lang.Object, java.lang.Object, java.lang.Object, int)'> (0x000000008aa0d128) thrown at [./src/hotspot/share/interpreter/linkResolver.cpp, line 773]
Event: 3.474 Thread 0x000001c192acc000 Exception <a 'java/lang/NoSuchMethodError'{0x000000008aa10d98}: 'java.lang.Object java.lang.invoke.DirectMethodHandle$Holder.invokeSpecial(java.lang.Object, java.lang.Object, java.lang.Object, java.lang.Object, int)'> (0x000000008aa10d98) thrown at [./src/hotspot/share/interpreter/linkResolver.cpp, line 773]
Event: 3.474 Thread 0x000001c192acc000 Exception <a 'java/lang/NoSuchMethodError'{0x000000008aa140a8}: 'java.lang.Object java.lang.invoke.Invokers$Holder.linkToTargetMethod(java.lang.Object, java.lang.Object, int, java.lang.Object)'> (0x000000008aa140a8) thrown at [./src/hotspot/share/interpreter/linkResolver.cpp, line 773]

Events (20 events):
Event: 4.683 loading class gnu/trove/TIntHash
Event: 4.683 loading class gnu/trove/TIntHash done
Event: 4.683 loading class gnu/trove/TPrimitiveHash
Event: 4.683 loading class gnu/trove/TPrimitiveHash done
Event: 4.683 Executing VM operation: Deoptimize
Event: 4.684 Executing VM operation: Deoptimize done
Event: 4.684 loading class gnu/trove/TIntIntProcedure
Event: 4.684 loading class gnu/trove/TIntIntProcedure done
Event: 4.685 loading class org/jetbrains/kotlin/com/intellij/psi/stubs/MaterialStubList$1
Event: 4.685 loading class org/jetbrains/kotlin/com/intellij/psi/stubs/MaterialStubList$1 done
Event: 4.685 loading class org/jetbrains/kotlin/com/intellij/psi/stubs/StubList$1
Event: 4.685 loading class org/jetbrains/kotlin/com/intellij/psi/stubs/StubList$1 done
Event: 4.686 loading class org/jetbrains/kotlin/com/intellij/psi/stubs/StubSpine
Event: 4.686 loading class org/jetbrains/kotlin/com/intellij/psi/stubs/StubSpine done
Event: 4.687 loading class org/jetbrains/kotlin/com/intellij/psi/impl/compiled/ClsMemberImpl$1
Event: 4.687 loading class org/jetbrains/kotlin/com/intellij/psi/impl/compiled/ClsMemberImpl$1 done
Event: 4.687 loading class org/jetbrains/kotlin/com/intellij/psi/impl/compiled/ClsMemberImpl$2
Event: 4.687 loading class org/jetbrains/kotlin/com/intellij/psi/impl/compiled/ClsMemberImpl$2 done
Event: 4.688 loading class org/jetbrains/kotlin/com/intellij/psi/impl/source/ClassInnerStuffCache
Event: 4.688 loading class org/jetbrains/kotlin/com/intellij/psi/impl/source/ClassInnerStuffCache done


Dynamic libraries:
0x00007ff6185d0000 - 0x00007ff6185da000 	C:\Program Files\Android\Android Studio\jre\bin\java.exe
0x00007ffa0b7b0000 - 0x00007ffa0b9a8000 	C:\WINDOWS\SYSTEM32\ntdll.dll
0x00007ffa0a9d0000 - 0x00007ffa0aa8d000 	C:\WINDOWS\System32\KERNEL32.DLL
0x00007ffa09240000 - 0x00007ffa0950e000 	C:\WINDOWS\System32\KERNELBASE.dll
0x00007ffa09710000 - 0x00007ffa09810000 	C:\WINDOWS\System32\ucrtbase.dll
0x00007ffa01b40000 - 0x00007ffa01b59000 	C:\Program Files\Android\Android Studio\jre\bin\jli.dll
0x00007ff9f9a70000 - 0x00007ff9f9a87000 	C:\Program Files\Android\Android Studio\jre\bin\VCRUNTIME140.dll
0x00007ffa0b110000 - 0x00007ffa0b2b0000 	C:\WINDOWS\System32\USER32.dll
0x00007ffa096e0000 - 0x00007ffa09702000 	C:\WINDOWS\System32\win32u.dll
0x00007ff9fc250000 - 0x00007ff9fc4ea000 	C:\WINDOWS\WinSxS\amd64_microsoft.windows.common-controls_6595b64144ccf1df_6.0.19041.1110_none_60b5254171f9507e\COMCTL32.dll
0x00007ffa0aa90000 - 0x00007ffa0aaba000 	C:\WINDOWS\System32\GDI32.dll
0x00007ffa0b6d0000 - 0x00007ffa0b76e000 	C:\WINDOWS\System32\msvcrt.dll
0x00007ffa09560000 - 0x00007ffa0966b000 	C:\WINDOWS\System32\gdi32full.dll
0x00007ffa08f00000 - 0x00007ffa08f9d000 	C:\WINDOWS\System32\msvcp_win.dll
0x00007ffa09aa0000 - 0x00007ffa09ad0000 	C:\WINDOWS\System32\IMM32.DLL
0x00007ff9abb60000 - 0x00007ff9abbfd000 	C:\Program Files\Android\Android Studio\jre\bin\msvcp140.dll
0x00007ff9b95f0000 - 0x00007ff9ba0c5000 	C:\Program Files\Android\Android Studio\jre\bin\server\jvm.dll
0x00007ffa0b2c0000 - 0x00007ffa0b36e000 	C:\WINDOWS\System32\ADVAPI32.dll
0x00007ffa0b4a0000 - 0x00007ffa0b53c000 	C:\WINDOWS\System32\sechost.dll
0x00007ffa0b370000 - 0x00007ffa0b495000 	C:\WINDOWS\System32\RPCRT4.dll
0x00007ffa0b540000 - 0x00007ffa0b548000 	C:\WINDOWS\System32\PSAPI.DLL
0x00007ff9f85b0000 - 0x00007ff9f85b9000 	C:\WINDOWS\SYSTEM32\WSOCK32.dll
0x00007ffa01ad0000 - 0x00007ffa01ada000 	C:\WINDOWS\SYSTEM32\VERSION.dll
0x00007ffa00390000 - 0x00007ffa003b7000 	C:\WINDOWS\SYSTEM32\WINMM.dll
0x00007ffa09bd0000 - 0x00007ffa09c3b000 	C:\WINDOWS\System32\WS2_32.dll
0x00007ffa06de0000 - 0x00007ffa06df2000 	C:\WINDOWS\SYSTEM32\kernel.appcore.dll
0x00007ff9cdb50000 - 0x00007ff9cdb61000 	C:\Program Files\Android\Android Studio\jre\bin\verify.dll
0x00007ff9f40c0000 - 0x00007ff9f42a4000 	C:\WINDOWS\SYSTEM32\DBGHELP.DLL
0x00007ff9f4090000 - 0x00007ff9f40bc000 	C:\WINDOWS\SYSTEM32\dbgcore.DLL
0x00007ffa09050000 - 0x00007ffa090d2000 	C:\WINDOWS\System32\bcryptPrimitives.dll
0x00007ff9bdb70000 - 0x00007ff9bdb99000 	C:\Program Files\Android\Android Studio\jre\bin\java.dll
0x00007ff9eb000000 - 0x00007ff9eb00b000 	C:\Program Files\Android\Android Studio\jre\bin\jimage.dll
0x00007ff9c1e90000 - 0x00007ff9c1ea8000 	C:\Program Files\Android\Android Studio\jre\bin\zip.dll
0x00007ffa0a1d0000 - 0x00007ffa0a914000 	C:\WINDOWS\System32\SHELL32.dll
0x00007ffa06fa0000 - 0x00007ffa07734000 	C:\WINDOWS\SYSTEM32\windows.storage.dll
0x00007ffa0ac70000 - 0x00007ffa0afc4000 	C:\WINDOWS\System32\combase.dll
0x00007ffa08860000 - 0x00007ffa08890000 	C:\WINDOWS\SYSTEM32\Wldp.dll
0x00007ffa0a920000 - 0x00007ffa0a9cd000 	C:\WINDOWS\System32\SHCORE.dll
0x00007ffa0afd0000 - 0x00007ffa0b025000 	C:\WINDOWS\System32\shlwapi.dll
0x00007ffa08e10000 - 0x00007ffa08e2f000 	C:\WINDOWS\SYSTEM32\profapi.dll
0x00007ff9bdcf0000 - 0x00007ff9bdd0a000 	C:\Program Files\Android\Android Studio\jre\bin\net.dll
0x00007ff9fcd10000 - 0x00007ff9fce1a000 	C:\WINDOWS\SYSTEM32\WINHTTP.dll
0x00007ffa085c0000 - 0x00007ffa0862a000 	C:\WINDOWS\system32\mswsock.dll
0x00007ff9bdc20000 - 0x00007ff9bdc34000 	C:\Program Files\Android\Android Studio\jre\bin\nio.dll

dbghelp: loaded successfully - version: 4.0.5 - missing functions: none
symbol engine: initialized successfully - sym options: 0x614 - pdb path: .;C:\Program Files\Android\Android Studio\jre\bin;C:\WINDOWS\SYSTEM32;C:\WINDOWS\WinSxS\amd64_microsoft.windows.common-controls_6595b64144ccf1df_6.0.19041.1110_none_60b5254171f9507e;C:\Program Files\Android\Android Studio\jre\bin\server

VM Arguments:
java_command: org.jetbrains.kotlin.cli.jvm.K2JVMCompiler @D:\kinjal_work_home\kinjal\work from home\youseff\new code\ReloopApp\app\build\20220809_15747944744436682566.compiler.options
java_class_path (initial): C:\Users\HP\.gradle\caches\modules-2\files-2.1\org.jetbrains.kotlin\kotlin-compiler-embeddable\1.6.10\88f2073f4020cdb83132cfe940ceb9a60aba54ea\kotlin-compiler-embeddable-1.6.10.jar;C:\Users\HP\.gradle\caches\modules-2\files-2.1\org.jetbrains.kotlin\kotlin-reflect\1.6.10\1cbe9c92c12a94eea200d23c2bbaedaf3daf5132\kotlin-reflect-1.6.10.jar;C:\Users\HP\.gradle\caches\modules-2\files-2.1\org.jetbrains.kotlin\kotlin-stdlib\1.6.10\b8af3fe6f1ca88526914929add63cf5e7c5049af\kotlin-stdlib-1.6.10.jar;C:\Users\HP\.gradle\caches\modules-2\files-2.1\org.jetbrains.kotlin\kotlin-script-runtime\1.6.10\d0a7ff2e2500ef497ed0214ae40ad3c8387a6164\kotlin-script-runtime-1.6.10.jar;C:\Users\HP\.gradle\caches\modules-2\files-2.1\org.jetbrains.kotlin\kotlin-daemon-embeddable\1.6.10\a56d79bcbea411fa6058e4ecffc2de73e742bd2a\kotlin-daemon-embeddable-1.6.10.jar;C:\Users\HP\.gradle\caches\modules-2\files-2.1\org.jetbrains.intellij.deps\trove4j\1.0.20181211\216c2e14b070f334479d800987affe4054cd563f\trove4j-1.0.20181211.jar;C:\Users\HP\.gradle\caches\modules-2\files-2.1\net.java.dev.jna\jna\5.6.0\330f2244e9030119ab3030fc3fededc86713d9cc\jna-5.6.0.jar;C:\Users\HP\.gradle\caches\modules-2\files-2.1\org.jetbrains\annotations\13.0\919f0dfe192fb4e063e7dacadee7f8bb9a2672a9\annotations-13.0.jar;C:\Users\HP\.gradle\caches\modules-2\files-2.1\org.jetbrains.kotlin\kotlin-stdlib-common\1.6.10\c118700e3a33c8a0d9adc920e9dec0831171925\kotlin-stdlib-common-1.6.10.jar
Launcher Type: SUN_STANDARD

[Global flags]
     intx CICompilerCount                          = 4                                         {product} {ergonomic}
     uint ConcGCThreads                            = 2                                         {product} {ergonomic}
     uint G1ConcRefinementThreads                  = 8                                         {product} {ergonomic}
   size_t G1HeapRegionSize                         = 1048576                                   {product} {ergonomic}
    uintx GCDrainStackTargetSize                   = 64                                        {product} {ergonomic}
   size_t InitialHeapSize                          = 134217728                                 {product} {ergonomic}
   size_t MarkStackSize                            = 4194304                                   {product} {ergonomic}
   size_t MaxHeapSize                              = 2116026368                                {product} {ergonomic}
   size_t MaxNewSize                               = 1268776960                                {product} {ergonomic}
   size_t MinHeapDeltaBytes                        = 1048576                                   {product} {ergonomic}
    uintx NonNMethodCodeHeapSize                   = 5836300                                {pd product} {ergonomic}
    uintx NonProfiledCodeHeapSize                  = 122910970                              {pd product} {ergonomic}
    uintx ProfiledCodeHeapSize                     = 122910970                              {pd product} {ergonomic}
    uintx ReservedCodeCacheSize                    = 251658240                              {pd product} {ergonomic}
     bool SegmentedCodeCache                       = true                                      {product} {ergonomic}
     bool UseCompressedClassPointers               = true                                 {lp64_product} {ergonomic}
     bool UseCompressedOops                        = true                                 {lp64_product} {ergonomic}
     bool UseG1GC                                  = true                                      {product} {ergonomic}
     bool UseLargePagesIndividualAllocation        = false                                  {pd product} {ergonomic}

Logging:
Log output configuration:
 #0: stdout all=warning uptime,level,tags
 #1: stderr all=off uptime,level,tags

Environment Variables:
PATH=C:\WINDOWS\system32;C:\WINDOWS;C:\WINDOWS\System32\Wbem;C:\WINDOWS\System32\WindowsPowerShell\v1.0\;C:\WINDOWS\System32\OpenSSH\;C:\Program Files\dotnet\;C:\Program Files\Microsoft SQL Server\130\Tools\Binn\;C:\Program Files (x86)\Microsoft SQL Server\Client SDK\ODBC\130\Tools\Binn\;C:\Program Files (x86)\Microsoft SQL Server\140\Tools\Binn\;C:\Program Files (x86)\Microsoft SQL Server\140\DTS\Binn\;C:\Program Files (x86)\Microsoft SQL Server\140\Tools\Binn\ManagementStudio\;C:\Program Files\Microsoft SQL Server\Client SDK\ODBC\130\Tools\Binn\;C:\Program Files\Microsoft SQL Server\140\Tools\Binn\;C:\Program Files\Microsoft SQL Server\140\DTS\Binn\;C:\Program Files\nodejs\;C:\Program Files\TortoiseSVN\bin;C:\Program Files\Git\cmd;C:\Users\HP\AppData\Local\Microsoft\WindowsApps;C:\Users\HP\AppData\Roaming\npm;C:\Users\HP\.dotnet\tools;C:\Users\HP\AppData\Local\Programs\Fiddler;C:\Program Files\JetBrains\CLion 2019.2.4\bin;;C:\Users\HP\AppData\Local\Microsoft\WindowsApps;C:\Users\HP\AppData\Local\GitHubDesktop\bin
USERNAME=HP
OS=Windows_NT
PROCESSOR_IDENTIFIER=Intel64 Family 6 Model 58 Stepping 9, GenuineIntel



---------------  S Y S T E M  ---------------

OS: Windows 10 , 64 bit Build 19041 (10.0.19041.1806)
OS uptime: 1 days 4:59 hours

CPU:total 8 (initial active 8) (4 cores per cpu, 2 threads per core) family 6 model 58 stepping 9 microcode 0x21, cmov, cx8, fxsr, mmx, sse, sse2, sse3, ssse3, sse4.1, sse4.2, popcnt, avx, aes, clmul, erms, ht, tsc, tscinvbit, tscinv

Memory: 4k page, system-wide physical 8066M (906M free)
TotalPageFile size 18916M (AvailPageFile size 5M)
current process WorkingSet (physical memory assigned to process): 310M, peak: 310M
current process commit charge ("private bytes"): 376M, peak: 378M

vm_info: OpenJDK 64-Bit Server VM (11.0.11+9-b60-7590822) for windows-amd64 JRE (11.0.11+9-b60-7590822), built on Jul 29 2021 21:43:44 by "builder" with MS VC++ 14.0 (VS2015)

END.
