#
# There is insufficient memory for the Java Runtime Environment to continue.
# Native memory allocation (malloc) failed to allocate 120496 bytes for Chunk::new
# Possible reasons:
#   The system is out of physical RAM or swap space
#   The process is running with CompressedOops enabled, and the Java Heap may be blocking the growth of the native heap
# Possible solutions:
#   Reduce memory load on the system
#   Increase physical memory or swap space
#   Check if swap backing store is full
#   Decrease Java heap size (-Xmx/-Xms)
#   Decrease number of Java threads
#   Decrease Java thread stack sizes (-Xss)
#   Set larger code cache with -XX:ReservedCodeCacheSize=
#   JVM is running with Unscaled Compressed Oops mode in which the Java heap is
#     placed in the first 4GB address space. The Java Heap base address is the
#     maximum limit for the native heap growth. Please use -XX:HeapBaseMinAddress
#     to set the Java Heap base and to place the Java Heap above 4GB virtual address.
# This output file may be truncated or incomplete.
#
#  Out of Memory Error (./src/hotspot/share/memory/arena.cpp:197), pid=15544, tid=1684
#
# JRE version: OpenJDK Runtime Environment (11.0.11+9) (build 11.0.11+9-b60-7590822)
# Java VM: OpenJDK 64-Bit Server VM (11.0.11+9-b60-7590822, mixed mode, tiered, compressed oops, g1 gc, windows-amd64)
# No core dump will be written. Minidumps are not enabled by default on client versions of Windows
#

---------------  S U M M A R Y ------------

Command Line: --add-opens=java.base/java.util=ALL-UNNAMED --add-opens=java.base/java.lang=ALL-UNNAMED --add-opens=java.base/java.lang.invoke=ALL-UNNAMED --add-opens=java.prefs/java.util.prefs=ALL-UNNAMED -Xmx1536m -Dfile.encoding=windows-1252 -Duser.country=IN -Duser.language=en -Duser.variant org.gradle.launcher.daemon.bootstrap.GradleDaemon 6.1.1

Host: Intel(R) Core(TM) i7-3770 CPU @ 3.40GHz, 8 cores, 7G,  Windows 10 , 64 bit Build 19041 (10.0.19041.1806)
Time: Tue Aug  9 13:09:22 2022 India Standard Time elapsed time: 26.625938 seconds (0d 0h 0m 26s)

---------------  T H R E A D  ---------------

Current thread (0x0000023179554800):  JavaThread "C2 CompilerThread0" daemon [_thread_in_native, id=1684, stack(0x000000a4c5a00000,0x000000a4c5b00000)]


Current CompileTask:
C2:  26625 13187  s!   4       java.lang.StackTraceElement::computeFormat (71 bytes)

Stack: [0x000000a4c5a00000,0x000000a4c5b00000]
Native frames: (J=compiled Java code, j=interpreted, Vv=VM code, C=native code)
V  [jvm.dll+0x5f214a]
V  [jvm.dll+0x726fb5]
V  [jvm.dll+0x7285cd]
V  [jvm.dll+0x728c83]
V  [jvm.dll+0x243278]
V  [jvm.dll+0xbc53c]
V  [jvm.dll+0xbca3c]
V  [jvm.dll+0x353e3b]
V  [jvm.dll+0x1983c0]
V  [jvm.dll+0x1fc2ee]
V  [jvm.dll+0x1fb3d4]
V  [jvm.dll+0x183d6c]
V  [jvm.dll+0x209a57]
V  [jvm.dll+0x2082a1]
V  [jvm.dll+0x6ef58f]
V  [jvm.dll+0x6e80b5]
V  [jvm.dll+0x5f1036]
C  [ucrtbase.dll+0x21bb2]
C  [KERNEL32.DLL+0x17034]
C  [ntdll.dll+0x52651]


---------------  P R O C E S S  ---------------

Threads class SMR info:
_java_thread_list=0x0000023103951020, length=55, elements={
0x000002315e44b000, 0x000002317950a000, 0x0000023179533800, 0x0000023179546800,
0x0000023179547000, 0x0000023179549800, 0x0000023179554800, 0x000002317955b000,
0x000002317955c000, 0x000002317a01d800, 0x000002317c3bf800, 0x000002317a7c8000,
0x000002317aca7800, 0x000002317ade2800, 0x000002317b189000, 0x000002317b520000,
0x000002317bed7000, 0x000002317b521000, 0x000002317bd60800, 0x000002317bd00800,
0x000002317bd02800, 0x000002317bd04000, 0x000002317bd05000, 0x000002317bd03000,
0x000002317bd05800, 0x000002317bd01800, 0x000002317bd00000, 0x000002317bd06800,
0x000002317e4e6800, 0x000002317e4e9000, 0x000002317e4e7000, 0x000002317e4e4000,
0x000002317e4e9800, 0x000002317e4ea800, 0x000002317e4e4800, 0x000002317e4eb000,
0x000002317e4e5800, 0x000002317e4ed800, 0x000002317e4ee800, 0x000002317e4ef800,
0x000002317e4f0000, 0x000002317e4ed000, 0x000002317e4f1000, 0x00000231027ec000,
0x00000231027ee000, 0x00000231027ee800, 0x00000231027ef800, 0x00000231027e9800,
0x00000231027ea800, 0x00000231027ed000, 0x00000231027f1000, 0x00000231027eb800,
0x00000231027f3800, 0x00000231027f4800, 0x00000231027f6800
}

Java Threads: ( => current thread )
  0x000002315e44b000 JavaThread "main" [_thread_blocked, id=15168, stack(0x000000a4c4e00000,0x000000a4c4f00000)]
  0x000002317950a000 JavaThread "Reference Handler" daemon [_thread_blocked, id=17064, stack(0x000000a4c5500000,0x000000a4c5600000)]
  0x0000023179533800 JavaThread "Finalizer" daemon [_thread_blocked, id=11376, stack(0x000000a4c5600000,0x000000a4c5700000)]
  0x0000023179546800 JavaThread "Signal Dispatcher" daemon [_thread_blocked, id=16012, stack(0x000000a4c5700000,0x000000a4c5800000)]
  0x0000023179547000 JavaThread "Attach Listener" daemon [_thread_blocked, id=1312, stack(0x000000a4c5800000,0x000000a4c5900000)]
  0x0000023179549800 JavaThread "Service Thread" daemon [_thread_blocked, id=17564, stack(0x000000a4c5900000,0x000000a4c5a00000)]
=>0x0000023179554800 JavaThread "C2 CompilerThread0" daemon [_thread_in_native, id=1684, stack(0x000000a4c5a00000,0x000000a4c5b00000)]
  0x000002317955b000 JavaThread "C1 CompilerThread0" daemon [_thread_blocked, id=17588, stack(0x000000a4c5b00000,0x000000a4c5c00000)]
  0x000002317955c000 JavaThread "Sweeper thread" daemon [_thread_blocked, id=11944, stack(0x000000a4c5c00000,0x000000a4c5d00000)]
  0x000002317a01d800 JavaThread "Common-Cleaner" daemon [_thread_blocked, id=15336, stack(0x000000a4c5d00000,0x000000a4c5e00000)]
  0x000002317c3bf800 JavaThread "Daemon health stats" [_thread_blocked, id=508, stack(0x000000a4c6300000,0x000000a4c6400000)]
  0x000002317a7c8000 JavaThread "Incoming local TCP Connector on port 64702" [_thread_in_native, id=16764, stack(0x000000a4c5f00000,0x000000a4c6000000)]
  0x000002317aca7800 JavaThread "Daemon periodic checks" [_thread_blocked, id=15108, stack(0x000000a4c6200000,0x000000a4c6300000)]
  0x000002317ade2800 JavaThread "Daemon" [_thread_blocked, id=14880, stack(0x000000a4c6400000,0x000000a4c6500000)]
  0x000002317b189000 JavaThread "Handler for socket connection from /127.0.0.1:64702 to /127.0.0.1:64703" [_thread_in_native, id=14160, stack(0x000000a4c6500000,0x000000a4c6600000)]
  0x000002317b520000 JavaThread "Cancel handler" [_thread_blocked, id=3884, stack(0x000000a4c6600000,0x000000a4c6700000)]
  0x000002317bed7000 JavaThread "Daemon worker" [_thread_blocked, id=16024, stack(0x000000a4c6700000,0x000000a4c6800000)]
  0x000002317b521000 JavaThread "Asynchronous log dispatcher for DefaultDaemonConnection: socket connection from /127.0.0.1:64702 to /127.0.0.1:64703" [_thread_blocked, id=12652, stack(0x000000a4c6800000,0x000000a4c6900000)]
  0x000002317bd60800 JavaThread "Stdin handler" [_thread_blocked, id=6220, stack(0x000000a4c6900000,0x000000a4c6a00000)]
  0x000002317bd00800 JavaThread "Thread-8" [_thread_blocked, id=11704, stack(0x000000a4c6a00000,0x000000a4c6b00000)]
  0x000002317bd02800 JavaThread "Cache worker for journal cache (C:\Users\HP\.gradle\caches\journal-1)" [_thread_blocked, id=3692, stack(0x000000a4c6b00000,0x000000a4c6c00000)]
  0x000002317bd04000 JavaThread "File lock request listener" [_thread_in_native, id=17048, stack(0x000000a4c6c00000,0x000000a4c6d00000)]
  0x000002317bd05000 JavaThread "Cache worker for file hash cache (C:\Users\HP\.gradle\caches\6.1.1\fileHashes)" [_thread_blocked, id=15260, stack(0x000000a4c6d00000,0x000000a4c6e00000)]
  0x000002317bd03000 JavaThread "Cache worker for checksums cache (D:\kinjal_work_home\kinjal\work from home\youseff\new code\ReloopApp\.gradle\checksums)" [_thread_blocked, id=13656, stack(0x000000a4c7500000,0x000000a4c7600000)]
  0x000002317bd05800 JavaThread "Cache worker for file hash cache (D:\kinjal_work_home\kinjal\work from home\youseff\new code\ReloopApp\.gradle\6.1.1\fileHashes)" [_thread_blocked, id=11680, stack(0x000000a4c7600000,0x000000a4c7700000)]
  0x000002317bd01800 JavaThread "Cache worker for cache directory md-supplier (C:\Users\HP\.gradle\caches\6.1.1\md-supplier)" [_thread_blocked, id=12724, stack(0x000000a4c7800000,0x000000a4c7900000)]
  0x000002317bd00000 JavaThread "Cache worker for cache directory md-rule (C:\Users\HP\.gradle\caches\6.1.1\md-rule)" [_thread_blocked, id=11148, stack(0x000000a4c7900000,0x000000a4c7a00000)]
  0x000002317bd06800 JavaThread "Cache worker for execution history cache (C:\Users\HP\.gradle\caches\6.1.1\executionHistory)" [_thread_blocked, id=2872, stack(0x000000a4c7a00000,0x000000a4c7b00000)]
  0x000002317e4e6800 JavaThread "Build operations" [_thread_blocked, id=13508, stack(0x000000a4c7b00000,0x000000a4c7c00000)]
  0x000002317e4e9000 JavaThread "Build operations Thread 2" [_thread_blocked, id=9868, stack(0x000000a4c7c00000,0x000000a4c7d00000)]
  0x000002317e4e7000 JavaThread "Build operations Thread 3" [_thread_blocked, id=5312, stack(0x000000a4c7d00000,0x000000a4c7e00000)]
  0x000002317e4e4000 JavaThread "Build operations Thread 4" [_thread_blocked, id=8108, stack(0x000000a4c7e00000,0x000000a4c7f00000)]
  0x000002317e4e9800 JavaThread "Build operations Thread 5" [_thread_blocked, id=18324, stack(0x000000a4c7f00000,0x000000a4c8000000)]
  0x000002317e4ea800 JavaThread "Build operations Thread 6" [_thread_blocked, id=15092, stack(0x000000a4c8000000,0x000000a4c8100000)]
  0x000002317e4e4800 JavaThread "Build operations Thread 7" [_thread_blocked, id=9384, stack(0x000000a4c8100000,0x000000a4c8200000)]
  0x000002317e4eb000 JavaThread "Build operations Thread 8" [_thread_blocked, id=16712, stack(0x000000a4c8200000,0x000000a4c8300000)]
  0x000002317e4e5800 JavaThread "Cache worker for Build Output Cleanup Cache (D:\kinjal_work_home\kinjal\work from home\youseff\new code\ReloopApp\.gradle\buildOutputCleanup)" [_thread_blocked, id=18076, stack(0x000000a4c8300000,0x000000a4c8400000)]
  0x000002317e4ed800 JavaThread "build event listener" [_thread_blocked, id=17864, stack(0x000000a4c8400000,0x000000a4c8500000)]
  0x000002317e4ee800 JavaThread "Memory manager" [_thread_blocked, id=9844, stack(0x000000a4c8600000,0x000000a4c8700000)]
  0x000002317e4ef800 JavaThread "Cache worker for file content cache (C:\Users\HP\.gradle\caches\6.1.1\fileContent)" [_thread_blocked, id=16872, stack(0x000000a4c8700000,0x000000a4c8800000)]
  0x000002317e4f0000 JavaThread "Cache worker for file content cache (D:\kinjal_work_home\kinjal\work from home\youseff\new code\ReloopApp\.gradle\6.1.1\fileContent)" [_thread_blocked, id=18356, stack(0x000000a4c8800000,0x000000a4c8900000)]
  0x000002317e4ed000 JavaThread "Execution worker for ':'" [_thread_blocked, id=10512, stack(0x000000a4c8900000,0x000000a4c8a00000)]
  0x000002317e4f1000 JavaThread "Execution worker for ':' Thread 2" [_thread_blocked, id=16132, stack(0x000000a4c8a00000,0x000000a4c8b00000)]
  0x00000231027ec000 JavaThread "Execution worker for ':' Thread 3" [_thread_blocked, id=7460, stack(0x000000a4c8b00000,0x000000a4c8c00000)]
  0x00000231027ee000 JavaThread "Execution worker for ':' Thread 4" [_thread_blocked, id=6924, stack(0x000000a4c8c00000,0x000000a4c8d00000)]
  0x00000231027ee800 JavaThread "Execution worker for ':' Thread 5" [_thread_in_native, id=8760, stack(0x000000a4c8d00000,0x000000a4c8e00000)]
  0x00000231027ef800 JavaThread "Execution worker for ':' Thread 6" [_thread_blocked, id=4580, stack(0x000000a4c8e00000,0x000000a4c8f00000)]
  0x00000231027e9800 JavaThread "Execution worker for ':' Thread 7" [_thread_blocked, id=15928, stack(0x000000a4c8f00000,0x000000a4c9000000)]
  0x00000231027ea800 JavaThread "Cache worker for execution history cache (D:\kinjal_work_home\kinjal\work from home\youseff\new code\ReloopApp\.gradle\6.1.1\executionHistory)" [_thread_blocked, id=12188, stack(0x000000a4c9000000,0x000000a4c9100000)]
  0x00000231027ed000 JavaThread "RMI Scheduler(0)" daemon [_thread_blocked, id=11132, stack(0x000000a4c7700000,0x000000a4c7800000)]
  0x00000231027f1000 JavaThread "RMI RenewClean-[127.0.0.1:17421,org.jetbrains.kotlin.daemon.common.LoopbackNetworkInterface$ClientLoopbackSocketFactory@345e940]" daemon [_thread_blocked, id=14616, stack(0x000000a4c9100000,0x000000a4c9200000)]
  0x00000231027eb800 JavaThread "RMI GC Daemon" daemon [_thread_blocked, id=10456, stack(0x000000a4c9200000,0x000000a4c9300000)]
  0x00000231027f3800 JavaThread "RMI TCP Accept-0" daemon [_thread_in_native, id=11300, stack(0x000000a4c9300000,0x000000a4c9400000)]
  0x00000231027f4800 JavaThread "RMI Reaper" [_thread_blocked, id=5864, stack(0x000000a4c9400000,0x000000a4c9500000)]
  0x00000231027f6800 JavaThread "RMI TCP Connection(1)-127.0.0.1" daemon [_thread_in_native, id=9872, stack(0x000000a4c9600000,0x000000a4c9700000)]

Other Threads:
  0x0000023179507800 VMThread "VM Thread" [stack: 0x000000a4c5400000,0x000000a4c5500000] [id=13700]
  0x000002317a046800 WatcherThread [stack: 0x000000a4c5e00000,0x000000a4c5f00000] [id=17368]
  0x000002315e462800 GCTaskThread "GC Thread#0" [stack: 0x000000a4c4f00000,0x000000a4c5000000] [id=16792]
  0x000002317a791000 GCTaskThread "GC Thread#1" [stack: 0x000000a4c6000000,0x000000a4c6100000] [id=10248]
  0x000002317a9d7000 GCTaskThread "GC Thread#2" [stack: 0x000000a4c6100000,0x000000a4c6200000] [id=18136]
  0x000002317ba22800 GCTaskThread "GC Thread#3" [stack: 0x000000a4c6e00000,0x000000a4c6f00000] [id=13728]
  0x000002317c20c800 GCTaskThread "GC Thread#4" [stack: 0x000000a4c6f00000,0x000000a4c7000000] [id=8536]
  0x000002317bcee800 GCTaskThread "GC Thread#5" [stack: 0x000000a4c7000000,0x000000a4c7100000] [id=7332]
  0x000002317be0b800 GCTaskThread "GC Thread#6" [stack: 0x000000a4c7100000,0x000000a4c7200000] [id=15780]
  0x000002317bf30800 GCTaskThread "GC Thread#7" [stack: 0x000000a4c7200000,0x000000a4c7300000] [id=17416]
  0x000002315e489000 ConcurrentGCThread "G1 Main Marker" [stack: 0x000000a4c5000000,0x000000a4c5100000] [id=8656]
  0x000002315e48d800 ConcurrentGCThread "G1 Conc#0" [stack: 0x000000a4c5100000,0x000000a4c5200000] [id=4836]
  0x000002317c0f4800 ConcurrentGCThread "G1 Conc#1" [stack: 0x000000a4c7300000,0x000000a4c7400000] [id=8524]
  0x0000023179380800 ConcurrentGCThread "G1 Refine#0" [stack: 0x000000a4c5200000,0x000000a4c5300000] [id=14144]
  0x0000023179381000 ConcurrentGCThread "G1 Young RemSet Sampling" [stack: 0x000000a4c5300000,0x000000a4c5400000] [id=10832]

Threads with active compile tasks:
C2 CompilerThread0  26663 13187  s!   4       java.lang.StackTraceElement::computeFormat (71 bytes)

VM state:not at safepoint (normal execution)

VM Mutex/Monitor currently owned by a thread: None

Heap address: 0x00000000a0000000, size: 1536 MB, Compressed Oops mode: 32-bit
Narrow klass base: 0x0000000000000000, Narrow klass shift: 3
Compressed class space size: 1073741824 Address: 0x0000000100000000

Heap:
 garbage-first heap   total 233472K, used 136633K [0x00000000a0000000, 0x0000000100000000)
  region size 1024K, 15 young (15360K), 3 survivors (3072K)
 Metaspace       used 91690K, capacity 94475K, committed 94672K, reserved 1130496K
  class space    used 11824K, capacity 12855K, committed 12928K, reserved 1048576K
Heap Regions: E=young(eden), S=young(survivor), O=old, HS=humongous(starts), HC=humongous(continues), CS=collection set, F=free, A=archive, TAMS=top-at-mark-start (previous, next)
|   0|0x00000000a0000000, 0x00000000a0100000, 0x00000000a0100000|100%| O|  |TAMS 0x00000000a0100000, 0x00000000a0000000| Untracked 
|   1|0x00000000a0100000, 0x00000000a0200000, 0x00000000a0200000|100%| O|  |TAMS 0x00000000a0200000, 0x00000000a0100000| Untracked 
|   2|0x00000000a0200000, 0x00000000a0300000, 0x00000000a0300000|100%| O|  |TAMS 0x00000000a0300000, 0x00000000a0200000| Untracked 
|   3|0x00000000a0300000, 0x00000000a0400000, 0x00000000a0400000|100%|HS|  |TAMS 0x00000000a0400000, 0x00000000a0300000| Complete 
|   4|0x00000000a0400000, 0x00000000a0500000, 0x00000000a0500000|100%|HC|  |TAMS 0x00000000a0500000, 0x00000000a0400000| Complete 
|   5|0x00000000a0500000, 0x00000000a0600000, 0x00000000a0600000|100%|HC|  |TAMS 0x00000000a0600000, 0x00000000a0500000| Complete 
|   6|0x00000000a0600000, 0x00000000a0700000, 0x00000000a0700000|100%| O|  |TAMS 0x00000000a0700000, 0x00000000a0600000| Untracked 
|   7|0x00000000a0700000, 0x00000000a0800000, 0x00000000a0800000|100%| O|  |TAMS 0x00000000a0800000, 0x00000000a0700000| Untracked 
|   8|0x00000000a0800000, 0x00000000a0900000, 0x00000000a0900000|100%| O|  |TAMS 0x00000000a0900000, 0x00000000a0800000| Untracked 
|   9|0x00000000a0900000, 0x00000000a0a00000, 0x00000000a0a00000|100%| O|  |TAMS 0x00000000a0a00000, 0x00000000a0900000| Untracked 
|  10|0x00000000a0a00000, 0x00000000a0b00000, 0x00000000a0b00000|100%| O|  |TAMS 0x00000000a0b00000, 0x00000000a0a00000| Untracked 
|  11|0x00000000a0b00000, 0x00000000a0c00000, 0x00000000a0c00000|100%| O|  |TAMS 0x00000000a0c00000, 0x00000000a0b00000| Untracked 
|  12|0x00000000a0c00000, 0x00000000a0d00000, 0x00000000a0d00000|100%| O|  |TAMS 0x00000000a0d00000, 0x00000000a0c00000| Untracked 
|  13|0x00000000a0d00000, 0x00000000a0e00000, 0x00000000a0e00000|100%| O|  |TAMS 0x00000000a0e00000, 0x00000000a0d00000| Untracked 
|  14|0x00000000a0e00000, 0x00000000a0f00000, 0x00000000a0f00000|100%| O|  |TAMS 0x00000000a0f00000, 0x00000000a0e00000| Untracked 
|  15|0x00000000a0f00000, 0x00000000a1000000, 0x00000000a1000000|100%| O|  |TAMS 0x00000000a1000000, 0x00000000a0f00000| Untracked 
|  16|0x00000000a1000000, 0x00000000a1100000, 0x00000000a1100000|100%|HS|  |TAMS 0x00000000a1100000, 0x00000000a1000000| Complete 
|  17|0x00000000a1100000, 0x00000000a1200000, 0x00000000a1200000|100%|HC|  |TAMS 0x00000000a1200000, 0x00000000a1100000| Complete 
|  18|0x00000000a1200000, 0x00000000a1300000, 0x00000000a1300000|100%|HS|  |TAMS 0x00000000a1300000, 0x00000000a1200000| Complete 
|  19|0x00000000a1300000, 0x00000000a1400000, 0x00000000a1400000|100%|HC|  |TAMS 0x00000000a1400000, 0x00000000a1300000| Complete 
|  20|0x00000000a1400000, 0x00000000a1500000, 0x00000000a1500000|100%|HC|  |TAMS 0x00000000a1500000, 0x00000000a1400000| Complete 
|  21|0x00000000a1500000, 0x00000000a1600000, 0x00000000a1600000|100%|HS|  |TAMS 0x00000000a1600000, 0x00000000a1500000| Complete 
|  22|0x00000000a1600000, 0x00000000a1700000, 0x00000000a1700000|100%|HC|  |TAMS 0x00000000a1700000, 0x00000000a1600000| Complete 
|  23|0x00000000a1700000, 0x00000000a1800000, 0x00000000a1800000|100%|HC|  |TAMS 0x00000000a1800000, 0x00000000a1700000| Complete 
|  24|0x00000000a1800000, 0x00000000a1900000, 0x00000000a1900000|100%|HC|  |TAMS 0x00000000a1900000, 0x00000000a1800000| Complete 
|  25|0x00000000a1900000, 0x00000000a1a00000, 0x00000000a1a00000|100%| O|  |TAMS 0x00000000a1a00000, 0x00000000a1900000| Untracked 
|  26|0x00000000a1a00000, 0x00000000a1b00000, 0x00000000a1b00000|100%| O|  |TAMS 0x00000000a1b00000, 0x00000000a1a00000| Untracked 
|  27|0x00000000a1b00000, 0x00000000a1c00000, 0x00000000a1c00000|100%| O|  |TAMS 0x00000000a1c00000, 0x00000000a1b00000| Untracked 
|  28|0x00000000a1c00000, 0x00000000a1d00000, 0x00000000a1d00000|100%| O|  |TAMS 0x00000000a1d00000, 0x00000000a1c00000| Untracked 
|  29|0x00000000a1d00000, 0x00000000a1e00000, 0x00000000a1e00000|100%| O|  |TAMS 0x00000000a1e00000, 0x00000000a1d00000| Untracked 
|  30|0x00000000a1e00000, 0x00000000a1f00000, 0x00000000a1f00000|100%| O|  |TAMS 0x00000000a1f00000, 0x00000000a1e00000| Untracked 
|  31|0x00000000a1f00000, 0x00000000a2000000, 0x00000000a2000000|100%| O|  |TAMS 0x00000000a2000000, 0x00000000a1f00000| Untracked 
|  32|0x00000000a2000000, 0x00000000a2100000, 0x00000000a2100000|100%|HS|  |TAMS 0x00000000a2100000, 0x00000000a2000000| Complete 
|  33|0x00000000a2100000, 0x00000000a2200000, 0x00000000a2200000|100%|HS|  |TAMS 0x00000000a2200000, 0x00000000a2100000| Complete 
|  34|0x00000000a2200000, 0x00000000a2300000, 0x00000000a2300000|100%|HC|  |TAMS 0x00000000a2300000, 0x00000000a2200000| Complete 
|  35|0x00000000a2300000, 0x00000000a2400000, 0x00000000a2400000|100%|HC|  |TAMS 0x00000000a2400000, 0x00000000a2300000| Complete 
|  36|0x00000000a2400000, 0x00000000a2500000, 0x00000000a2500000|100%|HS|  |TAMS 0x00000000a2500000, 0x00000000a2400000| Complete 
|  37|0x00000000a2500000, 0x00000000a2600000, 0x00000000a2600000|100%|HC|  |TAMS 0x00000000a2600000, 0x00000000a2500000| Complete 
|  38|0x00000000a2600000, 0x00000000a2700000, 0x00000000a2700000|100%| O|  |TAMS 0x00000000a2700000, 0x00000000a2600000| Untracked 
|  39|0x00000000a2700000, 0x00000000a2800000, 0x00000000a2800000|100%| O|  |TAMS 0x00000000a2800000, 0x00000000a2700000| Untracked 
|  40|0x00000000a2800000, 0x00000000a2900000, 0x00000000a2900000|100%| O|  |TAMS 0x00000000a2900000, 0x00000000a2800000| Untracked 
|  41|0x00000000a2900000, 0x00000000a2a00000, 0x00000000a2a00000|100%| O|  |TAMS 0x00000000a2a00000, 0x00000000a2900000| Untracked 
|  42|0x00000000a2a00000, 0x00000000a2b00000, 0x00000000a2b00000|100%| O|  |TAMS 0x00000000a2b00000, 0x00000000a2a00000| Untracked 
|  43|0x00000000a2b00000, 0x00000000a2c00000, 0x00000000a2c00000|100%| O|  |TAMS 0x00000000a2c00000, 0x00000000a2b00000| Untracked 
|  44|0x00000000a2c00000, 0x00000000a2d00000, 0x00000000a2d00000|100%| O|  |TAMS 0x00000000a2d00000, 0x00000000a2c00000| Untracked 
|  45|0x00000000a2d00000, 0x00000000a2e00000, 0x00000000a2e00000|100%| O|  |TAMS 0x00000000a2e00000, 0x00000000a2d00000| Untracked 
|  46|0x00000000a2e00000, 0x00000000a2f00000, 0x00000000a2f00000|100%| O|  |TAMS 0x00000000a2f00000, 0x00000000a2e00000| Untracked 
|  47|0x00000000a2f00000, 0x00000000a3000000, 0x00000000a3000000|100%| O|  |TAMS 0x00000000a3000000, 0x00000000a2f00000| Untracked 
|  48|0x00000000a3000000, 0x00000000a3100000, 0x00000000a3100000|100%| O|  |TAMS 0x00000000a3100000, 0x00000000a3000000| Untracked 
|  49|0x00000000a3100000, 0x00000000a3200000, 0x00000000a3200000|100%| O|  |TAMS 0x00000000a3200000, 0x00000000a3100000| Untracked 
|  50|0x00000000a3200000, 0x00000000a3300000, 0x00000000a3300000|100%| O|  |TAMS 0x00000000a3300000, 0x00000000a3200000| Untracked 
|  51|0x00000000a3300000, 0x00000000a3400000, 0x00000000a3400000|100%| O|  |TAMS 0x00000000a3400000, 0x00000000a3300000| Untracked 
|  52|0x00000000a3400000, 0x00000000a3500000, 0x00000000a3500000|100%| O|  |TAMS 0x00000000a3500000, 0x00000000a3400000| Untracked 
|  53|0x00000000a3500000, 0x00000000a3600000, 0x00000000a3600000|100%| O|  |TAMS 0x00000000a3600000, 0x00000000a3500000| Untracked 
|  54|0x00000000a3600000, 0x00000000a3700000, 0x00000000a3700000|100%| O|  |TAMS 0x00000000a3700000, 0x00000000a3600000| Untracked 
|  55|0x00000000a3700000, 0x00000000a3800000, 0x00000000a3800000|100%| O|  |TAMS 0x00000000a3800000, 0x00000000a3700000| Untracked 
|  56|0x00000000a3800000, 0x00000000a3900000, 0x00000000a3900000|100%| O|  |TAMS 0x00000000a3900000, 0x00000000a3800000| Untracked 
|  57|0x00000000a3900000, 0x00000000a3a00000, 0x00000000a3a00000|100%| O|  |TAMS 0x00000000a3a00000, 0x00000000a3900000| Untracked 
|  58|0x00000000a3a00000, 0x00000000a3b00000, 0x00000000a3b00000|100%| O|  |TAMS 0x00000000a3b00000, 0x00000000a3a00000| Untracked 
|  59|0x00000000a3b00000, 0x00000000a3c00000, 0x00000000a3c00000|100%| O|  |TAMS 0x00000000a3c00000, 0x00000000a3b00000| Untracked 
|  60|0x00000000a3c00000, 0x00000000a3d00000, 0x00000000a3d00000|100%| O|  |TAMS 0x00000000a3d00000, 0x00000000a3c00000| Untracked 
|  61|0x00000000a3d00000, 0x00000000a3e00000, 0x00000000a3e00000|100%| O|  |TAMS 0x00000000a3e00000, 0x00000000a3d00000| Untracked 
|  62|0x00000000a3e00000, 0x00000000a3f00000, 0x00000000a3f00000|100%| O|  |TAMS 0x00000000a3f00000, 0x00000000a3e00000| Untracked 
|  63|0x00000000a3f00000, 0x00000000a4000000, 0x00000000a4000000|100%| O|  |TAMS 0x00000000a4000000, 0x00000000a3f00000| Untracked 
|  64|0x00000000a4000000, 0x00000000a4100000, 0x00000000a4100000|100%| O|  |TAMS 0x00000000a4100000, 0x00000000a4000000| Untracked 
|  65|0x00000000a4100000, 0x00000000a4200000, 0x00000000a4200000|100%| O|  |TAMS 0x00000000a4200000, 0x00000000a4100000| Untracked 
|  66|0x00000000a4200000, 0x00000000a4300000, 0x00000000a4300000|100%| O|  |TAMS 0x00000000a4300000, 0x00000000a4200000| Untracked 
|  67|0x00000000a4300000, 0x00000000a4400000, 0x00000000a4400000|100%| O|  |TAMS 0x00000000a4400000, 0x00000000a4300000| Untracked 
|  68|0x00000000a4400000, 0x00000000a4500000, 0x00000000a4500000|100%| O|  |TAMS 0x00000000a4500000, 0x00000000a4400000| Untracked 
|  69|0x00000000a4500000, 0x00000000a4600000, 0x00000000a4600000|100%| O|  |TAMS 0x00000000a4600000, 0x00000000a4500000| Untracked 
|  70|0x00000000a4600000, 0x00000000a4700000, 0x00000000a4700000|100%| O|  |TAMS 0x00000000a4700000, 0x00000000a4600000| Untracked 
|  71|0x00000000a4700000, 0x00000000a4800000, 0x00000000a4800000|100%| O|  |TAMS 0x00000000a4800000, 0x00000000a4700000| Untracked 
|  72|0x00000000a4800000, 0x00000000a4900000, 0x00000000a4900000|100%| O|  |TAMS 0x00000000a4900000, 0x00000000a4800000| Untracked 
|  73|0x00000000a4900000, 0x00000000a4a00000, 0x00000000a4a00000|100%| O|  |TAMS 0x00000000a4a00000, 0x00000000a4900000| Untracked 
|  74|0x00000000a4a00000, 0x00000000a4b00000, 0x00000000a4b00000|100%| O|  |TAMS 0x00000000a4b00000, 0x00000000a4a00000| Untracked 
|  75|0x00000000a4b00000, 0x00000000a4c00000, 0x00000000a4c00000|100%| O|  |TAMS 0x00000000a4c00000, 0x00000000a4b00000| Untracked 
|  76|0x00000000a4c00000, 0x00000000a4d00000, 0x00000000a4d00000|100%| O|  |TAMS 0x00000000a4d00000, 0x00000000a4c00000| Untracked 
|  77|0x00000000a4d00000, 0x00000000a4e00000, 0x00000000a4e00000|100%| O|  |TAMS 0x00000000a4e00000, 0x00000000a4d00000| Untracked 
|  78|0x00000000a4e00000, 0x00000000a4f00000, 0x00000000a4f00000|100%| O|  |TAMS 0x00000000a4f00000, 0x00000000a4e00000| Untracked 
|  79|0x00000000a4f00000, 0x00000000a5000000, 0x00000000a5000000|100%| O|  |TAMS 0x00000000a5000000, 0x00000000a4f00000| Untracked 
|  80|0x00000000a5000000, 0x00000000a5100000, 0x00000000a5100000|100%| O|  |TAMS 0x00000000a5100000, 0x00000000a5000000| Untracked 
|  81|0x00000000a5100000, 0x00000000a5200000, 0x00000000a5200000|100%| O|  |TAMS 0x00000000a5200000, 0x00000000a5100000| Untracked 
|  82|0x00000000a5200000, 0x00000000a5300000, 0x00000000a5300000|100%| O|  |TAMS 0x00000000a5300000, 0x00000000a5200000| Untracked 
|  83|0x00000000a5300000, 0x00000000a5400000, 0x00000000a5400000|100%| O|  |TAMS 0x00000000a5400000, 0x00000000a5300000| Untracked 
|  84|0x00000000a5400000, 0x00000000a5500000, 0x00000000a5500000|100%| O|  |TAMS 0x00000000a5500000, 0x00000000a5400000| Untracked 
|  85|0x00000000a5500000, 0x00000000a5600000, 0x00000000a5600000|100%| O|  |TAMS 0x00000000a5600000, 0x00000000a5500000| Untracked 
|  86|0x00000000a5600000, 0x00000000a5700000, 0x00000000a5700000|100%| O|  |TAMS 0x00000000a5700000, 0x00000000a5600000| Untracked 
|  87|0x00000000a5700000, 0x00000000a5800000, 0x00000000a5800000|100%| O|  |TAMS 0x00000000a5800000, 0x00000000a5700000| Untracked 
|  88|0x00000000a5800000, 0x00000000a5900000, 0x00000000a5900000|100%| O|  |TAMS 0x00000000a5900000, 0x00000000a5800000| Untracked 
|  89|0x00000000a5900000, 0x00000000a5a00000, 0x00000000a5a00000|100%| O|  |TAMS 0x00000000a5a00000, 0x00000000a5900000| Untracked 
|  90|0x00000000a5a00000, 0x00000000a5b00000, 0x00000000a5b00000|100%| O|  |TAMS 0x00000000a5b00000, 0x00000000a5a00000| Untracked 
|  91|0x00000000a5b00000, 0x00000000a5c00000, 0x00000000a5c00000|100%| O|  |TAMS 0x00000000a5c00000, 0x00000000a5b00000| Untracked 
|  92|0x00000000a5c00000, 0x00000000a5d00000, 0x00000000a5d00000|100%| O|  |TAMS 0x00000000a5d00000, 0x00000000a5c00000| Untracked 
|  93|0x00000000a5d00000, 0x00000000a5e00000, 0x00000000a5e00000|100%| O|  |TAMS 0x00000000a5e00000, 0x00000000a5d00000| Untracked 
|  94|0x00000000a5e00000, 0x00000000a5f00000, 0x00000000a5f00000|100%| O|  |TAMS 0x00000000a5f00000, 0x00000000a5e00000| Untracked 
|  95|0x00000000a5f00000, 0x00000000a6000000, 0x00000000a6000000|100%| O|  |TAMS 0x00000000a6000000, 0x00000000a5f00000| Untracked 
|  96|0x00000000a6000000, 0x00000000a6100000, 0x00000000a6100000|100%| O|  |TAMS 0x00000000a6100000, 0x00000000a6000000| Untracked 
|  97|0x00000000a6100000, 0x00000000a6200000, 0x00000000a6200000|100%| O|  |TAMS 0x00000000a6200000, 0x00000000a6100000| Untracked 
|  98|0x00000000a6200000, 0x00000000a6300000, 0x00000000a6300000|100%| O|  |TAMS 0x00000000a6300000, 0x00000000a6200000| Untracked 
|  99|0x00000000a6300000, 0x00000000a6400000, 0x00000000a6400000|100%| O|  |TAMS 0x00000000a6400000, 0x00000000a6300000| Untracked 
| 100|0x00000000a6400000, 0x00000000a6500000, 0x00000000a6500000|100%| O|  |TAMS 0x00000000a6500000, 0x00000000a6400000| Untracked 
| 101|0x00000000a6500000, 0x00000000a6600000, 0x00000000a6600000|100%| O|  |TAMS 0x00000000a6600000, 0x00000000a6500000| Untracked 
| 102|0x00000000a6600000, 0x00000000a6700000, 0x00000000a6700000|100%| O|  |TAMS 0x00000000a6700000, 0x00000000a6600000| Untracked 
| 103|0x00000000a6700000, 0x00000000a6800000, 0x00000000a6800000|100%| O|  |TAMS 0x00000000a6800000, 0x00000000a6700000| Untracked 
| 104|0x00000000a6800000, 0x00000000a6900000, 0x00000000a6900000|100%| O|  |TAMS 0x00000000a6900000, 0x00000000a6800000| Untracked 
| 105|0x00000000a6900000, 0x00000000a6a00000, 0x00000000a6a00000|100%| O|  |TAMS 0x00000000a6900000, 0x00000000a6900000| Untracked 
| 106|0x00000000a6a00000, 0x00000000a6b00000, 0x00000000a6b00000|100%| O|  |TAMS 0x00000000a6b00000, 0x00000000a6a00000| Untracked 
| 107|0x00000000a6b00000, 0x00000000a6c00000, 0x00000000a6c00000|100%| O|  |TAMS 0x00000000a6c00000, 0x00000000a6b00000| Untracked 
| 108|0x00000000a6c00000, 0x00000000a6d00000, 0x00000000a6d00000|100%| O|  |TAMS 0x00000000a6d00000, 0x00000000a6c00000| Untracked 
| 109|0x00000000a6d00000, 0x00000000a6e00000, 0x00000000a6e00000|100%| O|  |TAMS 0x00000000a6e00000, 0x00000000a6d00000| Untracked 
| 110|0x00000000a6e00000, 0x00000000a6f00000, 0x00000000a6f00000|100%| O|  |TAMS 0x00000000a6f00000, 0x00000000a6e00000| Untracked 
| 111|0x00000000a6f00000, 0x00000000a7000000, 0x00000000a7000000|100%| O|  |TAMS 0x00000000a7000000, 0x00000000a6f00000| Untracked 
| 112|0x00000000a7000000, 0x00000000a7100000, 0x00000000a7100000|100%| O|  |TAMS 0x00000000a7100000, 0x00000000a7000000| Untracked 
| 113|0x00000000a7100000, 0x00000000a7200000, 0x00000000a7200000|100%| O|  |TAMS 0x00000000a7200000, 0x00000000a7100000| Untracked 
| 114|0x00000000a7200000, 0x00000000a7300000, 0x00000000a7300000|100%| O|  |TAMS 0x00000000a7300000, 0x00000000a7200000| Untracked 
| 115|0x00000000a7300000, 0x00000000a7400000, 0x00000000a7400000|100%| O|  |TAMS 0x00000000a7400000, 0x00000000a7300000| Untracked 
| 116|0x00000000a7400000, 0x00000000a7500000, 0x00000000a7500000|100%| O|  |TAMS 0x00000000a74cb400, 0x00000000a7400000| Untracked 
| 117|0x00000000a7500000, 0x00000000a7600000, 0x00000000a7600000|100%| O|  |TAMS 0x00000000a7500000, 0x00000000a7500000| Untracked 
| 118|0x00000000a7600000, 0x00000000a7700000, 0x00000000a7700000|100%| O|  |TAMS 0x00000000a7600000, 0x00000000a7600000| Untracked 
| 119|0x00000000a7700000, 0x00000000a7800000, 0x00000000a7800000|100%| O|  |TAMS 0x00000000a7700000, 0x00000000a7700000| Untracked 
| 120|0x00000000a7800000, 0x00000000a782c600, 0x00000000a7900000| 17%| O|  |TAMS 0x00000000a7800000, 0x00000000a7800000| Untracked 
| 121|0x00000000a7900000, 0x00000000a7900000, 0x00000000a7a00000|  0%| F|  |TAMS 0x00000000a7900000, 0x00000000a7900000| Untracked 
| 122|0x00000000a7a00000, 0x00000000a7a00000, 0x00000000a7b00000|  0%| F|  |TAMS 0x00000000a7a00000, 0x00000000a7a00000| Untracked 
| 123|0x00000000a7b00000, 0x00000000a7b00000, 0x00000000a7c00000|  0%| F|  |TAMS 0x00000000a7b00000, 0x00000000a7b00000| Untracked 
| 124|0x00000000a7c00000, 0x00000000a7c00000, 0x00000000a7d00000|  0%| F|  |TAMS 0x00000000a7c00000, 0x00000000a7c00000| Untracked 
| 125|0x00000000a7d00000, 0x00000000a7d00000, 0x00000000a7e00000|  0%| F|  |TAMS 0x00000000a7d00000, 0x00000000a7d00000| Untracked 
| 126|0x00000000a7e00000, 0x00000000a7e00000, 0x00000000a7f00000|  0%| F|  |TAMS 0x00000000a7e00000, 0x00000000a7e00000| Untracked 
| 127|0x00000000a7f00000, 0x00000000a7f00000, 0x00000000a8000000|  0%| F|  |TAMS 0x00000000a7f00000, 0x00000000a7f00000| Untracked 
| 128|0x00000000a8000000, 0x00000000a8000000, 0x00000000a8100000|  0%| F|  |TAMS 0x00000000a8000000, 0x00000000a8000000| Untracked 
| 129|0x00000000a8100000, 0x00000000a8100000, 0x00000000a8200000|  0%| F|  |TAMS 0x00000000a8100000, 0x00000000a8100000| Untracked 
| 130|0x00000000a8200000, 0x00000000a8200000, 0x00000000a8300000|  0%| F|  |TAMS 0x00000000a8200000, 0x00000000a8200000| Untracked 
| 131|0x00000000a8300000, 0x00000000a8300000, 0x00000000a8400000|  0%| F|  |TAMS 0x00000000a8300000, 0x00000000a8300000| Untracked 
| 132|0x00000000a8400000, 0x00000000a8400000, 0x00000000a8500000|  0%| F|  |TAMS 0x00000000a8400000, 0x00000000a8400000| Untracked 
| 133|0x00000000a8500000, 0x00000000a8500000, 0x00000000a8600000|  0%| F|  |TAMS 0x00000000a8500000, 0x00000000a8500000| Untracked 
| 134|0x00000000a8600000, 0x00000000a8600000, 0x00000000a8700000|  0%| F|  |TAMS 0x00000000a8600000, 0x00000000a8600000| Untracked 
| 135|0x00000000a8700000, 0x00000000a8700000, 0x00000000a8800000|  0%| F|  |TAMS 0x00000000a8700000, 0x00000000a8700000| Untracked 
| 136|0x00000000a8800000, 0x00000000a8800000, 0x00000000a8900000|  0%| F|  |TAMS 0x00000000a8800000, 0x00000000a8800000| Untracked 
| 137|0x00000000a8900000, 0x00000000a8900000, 0x00000000a8a00000|  0%| F|  |TAMS 0x00000000a8900000, 0x00000000a8900000| Untracked 
| 138|0x00000000a8a00000, 0x00000000a8a00000, 0x00000000a8b00000|  0%| F|  |TAMS 0x00000000a8a00000, 0x00000000a8a00000| Untracked 
| 139|0x00000000a8b00000, 0x00000000a8b00000, 0x00000000a8c00000|  0%| F|  |TAMS 0x00000000a8b00000, 0x00000000a8b00000| Untracked 
| 140|0x00000000a8c00000, 0x00000000a8c00000, 0x00000000a8d00000|  0%| F|  |TAMS 0x00000000a8c00000, 0x00000000a8c00000| Untracked 
| 141|0x00000000a8d00000, 0x00000000a8d00000, 0x00000000a8e00000|  0%| F|  |TAMS 0x00000000a8d00000, 0x00000000a8d00000| Untracked 
| 142|0x00000000a8e00000, 0x00000000a8e00000, 0x00000000a8f00000|  0%| F|  |TAMS 0x00000000a8e00000, 0x00000000a8e00000| Untracked 
| 143|0x00000000a8f00000, 0x00000000a8f00000, 0x00000000a9000000|  0%| F|  |TAMS 0x00000000a8f00000, 0x00000000a8f00000| Untracked 
| 144|0x00000000a9000000, 0x00000000a9000000, 0x00000000a9100000|  0%| F|  |TAMS 0x00000000a9000000, 0x00000000a9000000| Untracked 
| 145|0x00000000a9100000, 0x00000000a9100000, 0x00000000a9200000|  0%| F|  |TAMS 0x00000000a9100000, 0x00000000a9100000| Untracked 
| 146|0x00000000a9200000, 0x00000000a9200000, 0x00000000a9300000|  0%| F|  |TAMS 0x00000000a9200000, 0x00000000a9200000| Untracked 
| 147|0x00000000a9300000, 0x00000000a9300000, 0x00000000a9400000|  0%| F|  |TAMS 0x00000000a9300000, 0x00000000a9300000| Untracked 
| 148|0x00000000a9400000, 0x00000000a9400000, 0x00000000a9500000|  0%| F|  |TAMS 0x00000000a9400000, 0x00000000a9400000| Untracked 
| 149|0x00000000a9500000, 0x00000000a9500000, 0x00000000a9600000|  0%| F|  |TAMS 0x00000000a9500000, 0x00000000a9500000| Untracked 
| 150|0x00000000a9600000, 0x00000000a9600000, 0x00000000a9700000|  0%| F|  |TAMS 0x00000000a9600000, 0x00000000a9600000| Untracked 
| 151|0x00000000a9700000, 0x00000000a9700000, 0x00000000a9800000|  0%| F|  |TAMS 0x00000000a9700000, 0x00000000a9700000| Untracked 
| 152|0x00000000a9800000, 0x00000000a9800000, 0x00000000a9900000|  0%| F|  |TAMS 0x00000000a9800000, 0x00000000a9800000| Untracked 
| 153|0x00000000a9900000, 0x00000000a9900000, 0x00000000a9a00000|  0%| F|  |TAMS 0x00000000a9900000, 0x00000000a9900000| Untracked 
| 154|0x00000000a9a00000, 0x00000000a9a00000, 0x00000000a9b00000|  0%| F|  |TAMS 0x00000000a9a00000, 0x00000000a9a00000| Untracked 
| 155|0x00000000a9b00000, 0x00000000a9b00000, 0x00000000a9c00000|  0%| F|  |TAMS 0x00000000a9b00000, 0x00000000a9b00000| Untracked 
| 156|0x00000000a9c00000, 0x00000000a9c00000, 0x00000000a9d00000|  0%| F|  |TAMS 0x00000000a9c00000, 0x00000000a9c00000| Untracked 
| 157|0x00000000a9d00000, 0x00000000a9d00000, 0x00000000a9e00000|  0%| F|  |TAMS 0x00000000a9d00000, 0x00000000a9d00000| Untracked 
| 158|0x00000000a9e00000, 0x00000000a9e00000, 0x00000000a9f00000|  0%| F|  |TAMS 0x00000000a9e00000, 0x00000000a9e00000| Untracked 
| 159|0x00000000a9f00000, 0x00000000a9f00000, 0x00000000aa000000|  0%| F|  |TAMS 0x00000000a9f00000, 0x00000000a9f00000| Untracked 
| 160|0x00000000aa000000, 0x00000000aa000000, 0x00000000aa100000|  0%| F|  |TAMS 0x00000000aa000000, 0x00000000aa000000| Untracked 
| 161|0x00000000aa100000, 0x00000000aa100000, 0x00000000aa200000|  0%| F|  |TAMS 0x00000000aa100000, 0x00000000aa100000| Untracked 
| 162|0x00000000aa200000, 0x00000000aa200000, 0x00000000aa300000|  0%| F|  |TAMS 0x00000000aa200000, 0x00000000aa200000| Untracked 
| 163|0x00000000aa300000, 0x00000000aa300000, 0x00000000aa400000|  0%| F|  |TAMS 0x00000000aa300000, 0x00000000aa300000| Untracked 
| 164|0x00000000aa400000, 0x00000000aa441f58, 0x00000000aa500000| 25%| S|CS|TAMS 0x00000000aa400000, 0x00000000aa400000| Complete 
| 165|0x00000000aa500000, 0x00000000aa600000, 0x00000000aa600000|100%| S|CS|TAMS 0x00000000aa500000, 0x00000000aa500000| Complete 
| 166|0x00000000aa600000, 0x00000000aa600000, 0x00000000aa700000|  0%| F|  |TAMS 0x00000000aa600000, 0x00000000aa600000| Untracked 
| 167|0x00000000aa700000, 0x00000000aa700000, 0x00000000aa800000|  0%| F|  |TAMS 0x00000000aa700000, 0x00000000aa700000| Untracked 
| 168|0x00000000aa800000, 0x00000000aa800000, 0x00000000aa900000|  0%| F|  |TAMS 0x00000000aa800000, 0x00000000aa800000| Untracked 
| 169|0x00000000aa900000, 0x00000000aa900000, 0x00000000aaa00000|  0%| F|  |TAMS 0x00000000aa900000, 0x00000000aa900000| Untracked 
| 170|0x00000000aaa00000, 0x00000000aaa00000, 0x00000000aab00000|  0%| F|  |TAMS 0x00000000aaa00000, 0x00000000aaa00000| Untracked 
| 171|0x00000000aab00000, 0x00000000aac00000, 0x00000000aac00000|100%| S|CS|TAMS 0x00000000aab00000, 0x00000000aab00000| Complete 
| 172|0x00000000aac00000, 0x00000000aac00000, 0x00000000aad00000|  0%| F|  |TAMS 0x00000000aac00000, 0x00000000aac00000| Untracked 
| 173|0x00000000aad00000, 0x00000000aad00000, 0x00000000aae00000|  0%| F|  |TAMS 0x00000000aad00000, 0x00000000aad00000| Untracked 
| 174|0x00000000aae00000, 0x00000000aae00000, 0x00000000aaf00000|  0%| F|  |TAMS 0x00000000aae00000, 0x00000000aae00000| Untracked 
| 175|0x00000000aaf00000, 0x00000000aaf00000, 0x00000000ab000000|  0%| F|  |TAMS 0x00000000aaf00000, 0x00000000aaf00000| Untracked 
| 176|0x00000000ab000000, 0x00000000ab000000, 0x00000000ab100000|  0%| F|  |TAMS 0x00000000ab000000, 0x00000000ab000000| Untracked 
| 177|0x00000000ab100000, 0x00000000ab100000, 0x00000000ab200000|  0%| F|  |TAMS 0x00000000ab100000, 0x00000000ab100000| Untracked 
| 178|0x00000000ab200000, 0x00000000ab200000, 0x00000000ab300000|  0%| F|  |TAMS 0x00000000ab200000, 0x00000000ab200000| Untracked 
| 179|0x00000000ab300000, 0x00000000ab300000, 0x00000000ab400000|  0%| F|  |TAMS 0x00000000ab300000, 0x00000000ab300000| Untracked 
| 180|0x00000000ab400000, 0x00000000ab400000, 0x00000000ab500000|  0%| F|  |TAMS 0x00000000ab400000, 0x00000000ab400000| Untracked 
| 181|0x00000000ab500000, 0x00000000ab500000, 0x00000000ab600000|  0%| F|  |TAMS 0x00000000ab500000, 0x00000000ab500000| Untracked 
| 182|0x00000000ab600000, 0x00000000ab600000, 0x00000000ab700000|  0%| F|  |TAMS 0x00000000ab600000, 0x00000000ab600000| Untracked 
| 183|0x00000000ab700000, 0x00000000ab700000, 0x00000000ab800000|  0%| F|  |TAMS 0x00000000ab700000, 0x00000000ab700000| Untracked 
| 184|0x00000000ab800000, 0x00000000ab800000, 0x00000000ab900000|  0%| F|  |TAMS 0x00000000ab800000, 0x00000000ab800000| Untracked 
| 185|0x00000000ab900000, 0x00000000ab900000, 0x00000000aba00000|  0%| F|  |TAMS 0x00000000ab900000, 0x00000000ab900000| Untracked 
| 186|0x00000000aba00000, 0x00000000aba00000, 0x00000000abb00000|  0%| F|  |TAMS 0x00000000aba00000, 0x00000000aba00000| Untracked 
| 187|0x00000000abb00000, 0x00000000abb00000, 0x00000000abc00000|  0%| F|  |TAMS 0x00000000abb00000, 0x00000000abb00000| Untracked 
| 188|0x00000000abc00000, 0x00000000abc00000, 0x00000000abd00000|  0%| F|  |TAMS 0x00000000abc00000, 0x00000000abc00000| Untracked 
| 189|0x00000000abd00000, 0x00000000abd00000, 0x00000000abe00000|  0%| F|  |TAMS 0x00000000abd00000, 0x00000000abd00000| Untracked 
| 190|0x00000000abe00000, 0x00000000abe00000, 0x00000000abf00000|  0%| F|  |TAMS 0x00000000abe00000, 0x00000000abe00000| Untracked 
| 191|0x00000000abf00000, 0x00000000abf00000, 0x00000000ac000000|  0%| F|  |TAMS 0x00000000abf00000, 0x00000000abf00000| Untracked 
| 192|0x00000000ac000000, 0x00000000ac000000, 0x00000000ac100000|  0%| F|  |TAMS 0x00000000ac000000, 0x00000000ac000000| Untracked 
| 193|0x00000000ac100000, 0x00000000ac100000, 0x00000000ac200000|  0%| F|  |TAMS 0x00000000ac100000, 0x00000000ac100000| Untracked 
| 194|0x00000000ac200000, 0x00000000ac200000, 0x00000000ac300000|  0%| F|  |TAMS 0x00000000ac200000, 0x00000000ac200000| Untracked 
| 195|0x00000000ac300000, 0x00000000ac300000, 0x00000000ac400000|  0%| F|  |TAMS 0x00000000ac300000, 0x00000000ac300000| Untracked 
| 196|0x00000000ac400000, 0x00000000ac400000, 0x00000000ac500000|  0%| F|  |TAMS 0x00000000ac400000, 0x00000000ac400000| Untracked 
| 197|0x00000000ac500000, 0x00000000ac500000, 0x00000000ac600000|  0%| F|  |TAMS 0x00000000ac500000, 0x00000000ac500000| Untracked 
| 198|0x00000000ac600000, 0x00000000ac600000, 0x00000000ac700000|  0%| F|  |TAMS 0x00000000ac600000, 0x00000000ac600000| Untracked 
| 199|0x00000000ac700000, 0x00000000ac700000, 0x00000000ac800000|  0%| F|  |TAMS 0x00000000ac700000, 0x00000000ac700000| Untracked 
| 200|0x00000000ac800000, 0x00000000ac800000, 0x00000000ac900000|  0%| F|  |TAMS 0x00000000ac800000, 0x00000000ac800000| Untracked 
| 201|0x00000000ac900000, 0x00000000ac900000, 0x00000000aca00000|  0%| F|  |TAMS 0x00000000ac900000, 0x00000000ac900000| Untracked 
| 202|0x00000000aca00000, 0x00000000aca00000, 0x00000000acb00000|  0%| F|  |TAMS 0x00000000aca00000, 0x00000000aca00000| Untracked 
| 203|0x00000000acb00000, 0x00000000acb00000, 0x00000000acc00000|  0%| F|  |TAMS 0x00000000acb00000, 0x00000000acb00000| Untracked 
| 204|0x00000000acc00000, 0x00000000acc00000, 0x00000000acd00000|  0%| F|  |TAMS 0x00000000acc00000, 0x00000000acc00000| Untracked 
| 205|0x00000000acd00000, 0x00000000acd00000, 0x00000000ace00000|  0%| F|  |TAMS 0x00000000acd00000, 0x00000000acd00000| Untracked 
| 206|0x00000000ace00000, 0x00000000ace00000, 0x00000000acf00000|  0%| F|  |TAMS 0x00000000ace00000, 0x00000000ace00000| Untracked 
| 207|0x00000000acf00000, 0x00000000acf00000, 0x00000000ad000000|  0%| F|  |TAMS 0x00000000acf00000, 0x00000000acf00000| Untracked 
| 208|0x00000000ad000000, 0x00000000ad000000, 0x00000000ad100000|  0%| F|  |TAMS 0x00000000ad000000, 0x00000000ad000000| Untracked 
| 209|0x00000000ad100000, 0x00000000ad100000, 0x00000000ad200000|  0%| F|  |TAMS 0x00000000ad100000, 0x00000000ad100000| Untracked 
| 210|0x00000000ad200000, 0x00000000ad200000, 0x00000000ad300000|  0%| F|  |TAMS 0x00000000ad200000, 0x00000000ad200000| Untracked 
| 211|0x00000000ad300000, 0x00000000ad300000, 0x00000000ad400000|  0%| F|  |TAMS 0x00000000ad300000, 0x00000000ad300000| Untracked 
| 212|0x00000000ad400000, 0x00000000ad400000, 0x00000000ad500000|  0%| F|  |TAMS 0x00000000ad400000, 0x00000000ad400000| Untracked 
| 213|0x00000000ad500000, 0x00000000ad500000, 0x00000000ad600000|  0%| F|  |TAMS 0x00000000ad500000, 0x00000000ad500000| Untracked 
| 214|0x00000000ad600000, 0x00000000ad600000, 0x00000000ad700000|  0%| F|  |TAMS 0x00000000ad600000, 0x00000000ad600000| Untracked 
| 215|0x00000000ad700000, 0x00000000ad700000, 0x00000000ad800000|  0%| F|  |TAMS 0x00000000ad700000, 0x00000000ad700000| Untracked 
| 216|0x00000000ad800000, 0x00000000ad85a0d0, 0x00000000ad900000| 35%| E|  |TAMS 0x00000000ad800000, 0x00000000ad800000| Complete 
| 217|0x00000000ad900000, 0x00000000ada00000, 0x00000000ada00000|100%| E|CS|TAMS 0x00000000ad900000, 0x00000000ad900000| Complete 
| 218|0x00000000ada00000, 0x00000000adb00000, 0x00000000adb00000|100%| E|CS|TAMS 0x00000000ada00000, 0x00000000ada00000| Complete 
| 219|0x00000000adb00000, 0x00000000adc00000, 0x00000000adc00000|100%| E|CS|TAMS 0x00000000adb00000, 0x00000000adb00000| Complete 
| 220|0x00000000adc00000, 0x00000000add00000, 0x00000000add00000|100%| E|CS|TAMS 0x00000000adc00000, 0x00000000adc00000| Complete 
| 221|0x00000000add00000, 0x00000000ade00000, 0x00000000ade00000|100%| E|CS|TAMS 0x00000000add00000, 0x00000000add00000| Complete 
| 222|0x00000000ade00000, 0x00000000adf00000, 0x00000000adf00000|100%| E|CS|TAMS 0x00000000ade00000, 0x00000000ade00000| Complete 
| 223|0x00000000adf00000, 0x00000000ae000000, 0x00000000ae000000|100%| E|CS|TAMS 0x00000000adf00000, 0x00000000adf00000| Complete 
| 224|0x00000000ae000000, 0x00000000ae100000, 0x00000000ae100000|100%| E|CS|TAMS 0x00000000ae000000, 0x00000000ae000000| Complete 
| 225|0x00000000ae100000, 0x00000000ae200000, 0x00000000ae200000|100%| E|CS|TAMS 0x00000000ae100000, 0x00000000ae100000| Complete 
| 226|0x00000000ae200000, 0x00000000ae300000, 0x00000000ae300000|100%| E|CS|TAMS 0x00000000ae200000, 0x00000000ae200000| Complete 
| 227|0x00000000ae300000, 0x00000000ae400000, 0x00000000ae400000|100%| E|CS|TAMS 0x00000000ae300000, 0x00000000ae300000| Complete 

Card table byte_map: [0x00000231734f0000,0x00000231737f0000] _byte_map_base: 0x0000023172ff0000

Marking Bits (Prev, Next): (CMBitMap*) 0x000002315e482648, (CMBitMap*) 0x000002315e482680
 Prev Bits: [0x0000023173af0000, 0x00000231752f0000)
 Next Bits: [0x00000231752f0000, 0x0000023176af0000)

Polling page: 0x000002315e300000

Metaspace:

Usage:
  Non-class:     79.71 MB capacity,    77.99 MB ( 98%) used,     1.46 MB (  2%) free+waste,   257.94 KB ( <1%) overhead. 
      Class:     12.55 MB capacity,    11.55 MB ( 92%) used,   911.02 KB (  7%) free+waste,   119.56 KB ( <1%) overhead. 
       Both:     92.26 MB capacity,    89.54 MB ( 97%) used,     2.35 MB (  3%) free+waste,   377.50 KB ( <1%) overhead. 

Virtual space:
  Non-class space:       80.00 MB reserved,      79.83 MB (>99%) committed 
      Class space:        1.00 GB reserved,      12.63 MB (  1%) committed 
             Both:        1.08 GB reserved,      92.45 MB (  8%) committed 

Chunk freelists:
   Non-Class:  60.00 KB
       Class:  0 bytes
        Both:  60.00 KB

MaxMetaspaceSize: 17179869184.00 GB
CompressedClassSpaceSize: 1.00 GB

CodeHeap 'non-profiled nmethods': size=120000Kb used=8700Kb max_used=8700Kb free=111299Kb
 bounds [0x000002316b240000, 0x000002316bac0000, 0x0000023172770000]
CodeHeap 'profiled nmethods': size=120000Kb used=29397Kb max_used=29397Kb free=90602Kb
 bounds [0x0000023163d10000, 0x00000231659d0000, 0x000002316b240000]
CodeHeap 'non-nmethods': size=5760Kb used=2330Kb max_used=2366Kb free=3429Kb
 bounds [0x0000023163770000, 0x00000231639e0000, 0x0000023163d10000]
 total_blobs=14056 nmethods=13100 adapters=867
 compilation: enabled
              stopped_count=0, restarted_count=0
 full_count=0

Compilation events (20 events):
Event: 22.517 Thread 0x000002317955b000 nmethod 13178 0x00000231659bd010 code [0x00000231659bd300, 0x00000231659be9f8]
Event: 22.909 Thread 0x000002317955b000 13179       3       javax.management.ObjectName::setCanonicalName (251 bytes)
Event: 22.910 Thread 0x000002317955b000 nmethod 13179 0x00000231659bf090 code [0x00000231659bf360, 0x00000231659c04f8]
Event: 23.306 Thread 0x0000023179554800 13180       4       java.util.concurrent.locks.AbstractQueuedSynchronizer::enq (37 bytes)
Event: 23.314 Thread 0x0000023179554800 nmethod 13180 0x000002316babed10 code [0x000002316babeec0, 0x000002316babf228]
Event: 23.509 Thread 0x000002317955b000 13181       3       java.util.HashMap$HashMapSpliterator::getFence (53 bytes)
Event: 23.510 Thread 0x000002317955b000 nmethod 13181 0x00000231659c0b90 code [0x00000231659c0d40, 0x00000231659c0ef8]
Event: 25.510 Thread 0x000002317955b000 13182       3       javax.management.ObjectName::<init> (15 bytes)
Event: 25.510 Thread 0x000002317955b000 nmethod 13182 0x00000231659c1010 code [0x00000231659c11e0, 0x00000231659c1368]
Event: 25.510 Thread 0x000002317955b000 13183       3       sun.management.MemoryPoolImpl::getType (15 bytes)
Event: 25.510 Thread 0x000002317955b000 nmethod 13183 0x00000231659c1410 code [0x00000231659c15c0, 0x00000231659c1718]
Event: 26.523 Thread 0x000002317955b000 13184       3       javax.management.ObjectName::getInstance (9 bytes)
Event: 26.523 Thread 0x000002317955b000 nmethod 13184 0x00000231659c1790 code [0x00000231659c1960, 0x00000231659c1b88]
Event: 26.594 Thread 0x000002317955b000 13185       3       java.util.logging.Logger$LoggerBundle::isSystemBundle (10 bytes)
Event: 26.594 Thread 0x000002317955b000 nmethod 13185 0x00000231659c1c90 code [0x00000231659c1e40, 0x00000231659c1f88]
Event: 26.601 Thread 0x000002317955b000 13186 % !   3       java.io.ObjectInputStream$BlockDataInputStream::readUTFSpan @ 53 (502 bytes)
Event: 26.602 Thread 0x000002317955b000 nmethod 13186% 0x00000231659c2010 code [0x00000231659c22c0, 0x00000231659c3328]
Event: 26.604 Thread 0x0000023179554800 13187  s!   4       java.lang.StackTraceElement::computeFormat (71 bytes)
Event: 26.605 Thread 0x000002317955b000 13188   !   3       java.io.ObjectInputStream$BlockDataInputStream::readUTFSpan (502 bytes)
Event: 26.607 Thread 0x000002317955b000 nmethod 13188 0x00000231659c3d90 code [0x00000231659c4040, 0x00000231659c4de8]

GC Heap History (20 events):
Event: 15.064 GC heap before
{Heap before GC invocations=36 (full 0):
 garbage-first heap   total 157696K, used 130970K [0x00000000a0000000, 0x0000000100000000)
  region size 1024K, 27 young (27648K), 4 survivors (4096K)
 Metaspace       used 82860K, capacity 85156K, committed 85712K, reserved 1124352K
  class space    used 10598K, capacity 11438K, committed 11648K, reserved 1048576K
}
Event: 15.069 GC heap after
{Heap after GC invocations=37 (full 0):
 garbage-first heap   total 157696K, used 109508K [0x00000000a0000000, 0x0000000100000000)
  region size 1024K, 3 young (3072K), 3 survivors (3072K)
 Metaspace       used 82860K, capacity 85156K, committed 85712K, reserved 1124352K
  class space    used 10598K, capacity 11438K, committed 11648K, reserved 1048576K
}
Event: 15.284 GC heap before
{Heap before GC invocations=38 (full 0):
 garbage-first heap   total 157696K, used 131012K [0x00000000a0000000, 0x0000000100000000)
  region size 1024K, 25 young (25600K), 3 survivors (3072K)
 Metaspace       used 83267K, capacity 85550K, committed 85968K, reserved 1124352K
  class space    used 10651K, capacity 11494K, committed 11648K, reserved 1048576K
}
Event: 15.290 GC heap after
{Heap after GC invocations=39 (full 0):
 garbage-first heap   total 157696K, used 110910K [0x00000000a0000000, 0x0000000100000000)
  region size 1024K, 2 young (2048K), 2 survivors (2048K)
 Metaspace       used 83267K, capacity 85550K, committed 85968K, reserved 1124352K
  class space    used 10651K, capacity 11494K, committed 11648K, reserved 1048576K
}
Event: 15.343 GC heap before
{Heap before GC invocations=39 (full 0):
 garbage-first heap   total 157696K, used 115006K [0x00000000a0000000, 0x0000000100000000)
  region size 1024K, 7 young (7168K), 2 survivors (2048K)
 Metaspace       used 83326K, capacity 85573K, committed 85968K, reserved 1124352K
  class space    used 10657K, capacity 11498K, committed 11648K, reserved 1048576K
}
Event: 15.347 GC heap after
{Heap after GC invocations=40 (full 0):
 garbage-first heap   total 157696K, used 110774K [0x00000000a0000000, 0x0000000100000000)
  region size 1024K, 1 young (1024K), 1 survivors (1024K)
 Metaspace       used 83326K, capacity 85573K, committed 85968K, reserved 1124352K
  class space    used 10657K, capacity 11498K, committed 11648K, reserved 1048576K
}
Event: 15.429 GC heap before
{Heap before GC invocations=40 (full 0):
 garbage-first heap   total 157696K, used 132278K [0x00000000a0000000, 0x0000000100000000)
  region size 1024K, 22 young (22528K), 1 survivors (1024K)
 Metaspace       used 83333K, capacity 85573K, committed 85968K, reserved 1124352K
  class space    used 10657K, capacity 11498K, committed 11648K, reserved 1048576K
}
Event: 15.435 GC heap after
{Heap after GC invocations=41 (full 0):
 garbage-first heap   total 189440K, used 112516K [0x00000000a0000000, 0x0000000100000000)
  region size 1024K, 3 young (3072K), 3 survivors (3072K)
 Metaspace       used 83333K, capacity 85573K, committed 85968K, reserved 1124352K
  class space    used 10657K, capacity 11498K, committed 11648K, reserved 1048576K
}
Event: 15.661 GC heap before
{Heap before GC invocations=42 (full 0):
 garbage-first heap   total 189440K, used 146308K [0x00000000a0000000, 0x0000000100000000)
  region size 1024K, 37 young (37888K), 3 survivors (3072K)
 Metaspace       used 83382K, capacity 85684K, committed 86096K, reserved 1124352K
  class space    used 10665K, capacity 11535K, committed 11776K, reserved 1048576K
}
Event: 15.667 GC heap after
{Heap after GC invocations=43 (full 0):
 garbage-first heap   total 189440K, used 114683K [0x00000000a0000000, 0x0000000100000000)
  region size 1024K, 5 young (5120K), 5 survivors (5120K)
 Metaspace       used 83382K, capacity 85684K, committed 86096K, reserved 1124352K
  class space    used 10665K, capacity 11535K, committed 11776K, reserved 1048576K
}
Event: 15.832 GC heap before
{Heap before GC invocations=43 (full 0):
 garbage-first heap   total 189440K, used 142331K [0x00000000a0000000, 0x0000000100000000)
  region size 1024K, 34 young (34816K), 5 survivors (5120K)
 Metaspace       used 83440K, capacity 85711K, committed 86096K, reserved 1124352K
  class space    used 10674K, capacity 11544K, committed 11776K, reserved 1048576K
}
Event: 15.839 GC heap after
{Heap after GC invocations=44 (full 0):
 garbage-first heap   total 189440K, used 116208K [0x00000000a0000000, 0x0000000100000000)
  region size 1024K, 3 young (3072K), 3 survivors (3072K)
 Metaspace       used 83440K, capacity 85711K, committed 86096K, reserved 1124352K
  class space    used 10674K, capacity 11544K, committed 11776K, reserved 1048576K
}
Event: 16.137 GC heap before
{Heap before GC invocations=45 (full 0):
 garbage-first heap   total 189440K, used 152048K [0x00000000a0000000, 0x0000000100000000)
  region size 1024K, 38 young (38912K), 3 survivors (3072K)
 Metaspace       used 83586K, capacity 85878K, committed 86352K, reserved 1124352K
  class space    used 10698K, capacity 11578K, committed 11776K, reserved 1048576K
}
Event: 16.144 GC heap after
{Heap after GC invocations=46 (full 0):
 garbage-first heap   total 189440K, used 119199K [0x00000000a0000000, 0x0000000100000000)
  region size 1024K, 5 young (5120K), 5 survivors (5120K)
 Metaspace       used 83586K, capacity 85878K, committed 86352K, reserved 1124352K
  class space    used 10698K, capacity 11578K, committed 11776K, reserved 1048576K
}
Event: 16.156 GC heap before
{Heap before GC invocations=46 (full 0):
 garbage-first heap   total 189440K, used 122271K [0x00000000a0000000, 0x0000000100000000)
  region size 1024K, 9 young (9216K), 5 survivors (5120K)
 Metaspace       used 83586K, capacity 85878K, committed 86352K, reserved 1124352K
  class space    used 10698K, capacity 11578K, committed 11776K, reserved 1048576K
}
Event: 16.162 GC heap after
{Heap after GC invocations=47 (full 0):
 garbage-first heap   total 233472K, used 119448K [0x00000000a0000000, 0x0000000100000000)
  region size 1024K, 1 young (1024K), 1 survivors (1024K)
 Metaspace       used 83586K, capacity 85878K, committed 86352K, reserved 1124352K
  class space    used 10698K, capacity 11578K, committed 11776K, reserved 1048576K
}
Event: 16.808 GC heap before
{Heap before GC invocations=47 (full 0):
 garbage-first heap   total 233472K, used 175768K [0x00000000a0000000, 0x0000000100000000)
  region size 1024K, 57 young (58368K), 1 survivors (1024K)
 Metaspace       used 88187K, capacity 90541K, committed 90960K, reserved 1128448K
  class space    used 11275K, capacity 12163K, committed 12288K, reserved 1048576K
}
Event: 16.817 GC heap after
{Heap after GC invocations=48 (full 0):
 garbage-first heap   total 233472K, used 123145K [0x00000000a0000000, 0x0000000100000000)
  region size 1024K, 5 young (5120K), 5 survivors (5120K)
 Metaspace       used 88187K, capacity 90541K, committed 90960K, reserved 1128448K
  class space    used 11275K, capacity 12163K, committed 12288K, reserved 1048576K
}
Event: 18.934 GC heap before
{Heap before GC invocations=49 (full 0):
 garbage-first heap   total 233472K, used 180489K [0x00000000a0000000, 0x0000000100000000)
  region size 1024K, 61 young (62464K), 5 survivors (5120K)
 Metaspace       used 90354K, capacity 92804K, committed 93136K, reserved 1130496K
  class space    used 11585K, capacity 12512K, committed 12672K, reserved 1048576K
}
Event: 18.941 GC heap after
{Heap after GC invocations=50 (full 0):
 garbage-first heap   total 233472K, used 125369K [0x00000000a0000000, 0x0000000100000000)
  region size 1024K, 3 young (3072K), 3 survivors (3072K)
 Metaspace       used 90354K, capacity 92804K, committed 93136K, reserved 1130496K
  class space    used 11585K, capacity 12512K, committed 12672K, reserved 1048576K
}

Deoptimization events (20 events):
Event: 19.144 Thread 0x00000231027ee800 DEOPT PACKING pc=0x00000231659b537d sp=0x000000a4c8df9c40
Event: 19.144 Thread 0x00000231027ee800 DEOPT UNPACKING pc=0x0000023163796d5e sp=0x000000a4c8df9108 mode 0
Event: 19.148 Thread 0x00000231027ee800 DEOPT PACKING pc=0x00000231659b537d sp=0x000000a4c8df9fa0
Event: 19.148 Thread 0x00000231027ee800 DEOPT UNPACKING pc=0x0000023163796d5e sp=0x000000a4c8df9468 mode 0
Event: 19.149 Thread 0x00000231027ee800 DEOPT PACKING pc=0x00000231659b537d sp=0x000000a4c8df8db0
Event: 19.149 Thread 0x00000231027ee800 DEOPT UNPACKING pc=0x0000023163796d5e sp=0x000000a4c8df8278 mode 0
Event: 19.150 Thread 0x00000231027ee800 DEOPT PACKING pc=0x00000231659b537d sp=0x000000a4c8df8c80
Event: 19.150 Thread 0x00000231027ee800 DEOPT UNPACKING pc=0x0000023163796d5e sp=0x000000a4c8df8148 mode 0
Event: 19.204 Thread 0x00000231027f6800 Uncommon trap: trap_request=0xffffffde fr.pc=0x000002316b5c70fc relative=0x00000000000000bc
Event: 19.204 Thread 0x00000231027f6800 Uncommon trap: reason=class_check action=maybe_recompile pc=0x000002316b5c70fc method=java.lang.ThreadLocal.set(Ljava/lang/Object;)V @ 26 c2
Event: 19.204 Thread 0x00000231027f6800 DEOPT PACKING pc=0x000002316b5c70fc sp=0x000000a4c96fd600
Event: 19.204 Thread 0x00000231027f6800 DEOPT UNPACKING pc=0x00000231637965af sp=0x000000a4c96fd590 mode 2
Event: 22.156 Thread 0x000002317aca7800 Uncommon trap: trap_request=0xffffff6e fr.pc=0x000002316b656208 relative=0x00000000000001c8
Event: 22.156 Thread 0x000002317aca7800 Uncommon trap: reason=speculate_class_check action=maybe_recompile pc=0x000002316b656208 method=java.util.AbstractList.listIterator()Ljava/util/ListIterator; @ 2 c2
Event: 22.156 Thread 0x000002317aca7800 DEOPT PACKING pc=0x000002316b656208 sp=0x000000a4c62fea20
Event: 22.157 Thread 0x000002317aca7800 DEOPT UNPACKING pc=0x00000231637965af sp=0x000000a4c62fe978 mode 2
Event: 26.601 Thread 0x00000231027f6800 Uncommon trap: trap_request=0xffffff4d fr.pc=0x000002316b8698d8 relative=0x0000000000000b58
Event: 26.601 Thread 0x00000231027f6800 Uncommon trap: reason=unstable_if action=reinterpret pc=0x000002316b8698d8 method=java.io.ObjectInputStream$BlockDataInputStream.readUTFSpan(Ljava/lang/StringBuilder;J)J @ 35 c2
Event: 26.601 Thread 0x00000231027f6800 DEOPT PACKING pc=0x000002316b8698d8 sp=0x000000a4c96fb420
Event: 26.601 Thread 0x00000231027f6800 DEOPT UNPACKING pc=0x00000231637965af sp=0x000000a4c96fb3d0 mode 2

Classes redefined (0 events):
No events

Internal exceptions (20 events):
Event: 19.024 Thread 0x00000231027ee800 Exception <a 'java/lang/NoSuchMethodError'{0x00000000ae174230}: 'java.lang.Object java.lang.invoke.DirectMethodHandle$Holder.invokeSpecial(java.lang.Object, java.lang.Object, int, int, int, java.lang.Object, java.lang.Object, java.lang.Object)'> (0x00000000ae174230) thrown at [./src/hotspot/share/interpreter/linkResolver.cpp, line 773]
Event: 19.024 Thread 0x00000231027ee800 Exception <a 'java/lang/NoSuchMethodError'{0x00000000ae178310}: 'java.lang.Object java.lang.invoke.DelegatingMethodHandle$Holder.reinvoke_L(java.lang.Object, int, int, int, java.lang.Object, java.lang.Object, java.lang.Object)'> (0x00000000ae178310) thrown at [./src/hotspot/share/interpreter/linkResolver.cpp, line 773]
Event: 19.025 Thread 0x00000231027ee800 Exception <a 'java/lang/NoSuchMethodError'{0x00000000ae1801e8}: 'java.lang.Object java.lang.invoke.DirectMethodHandle$Holder.invokeStatic(java.lang.Object, java.lang.Object, java.lang.Object, java.lang.Object, java.lang.Object, int)'> (0x00000000ae1801e8) thrown at [./src/hotspot/share/interpreter/linkResolver.cpp, line 773]
Event: 19.048 Thread 0x00000231027ee800 Exception <a 'java/lang/NoSuchMethodError'{0x00000000adf18c50}: <clinit>> (0x00000000adf18c50) thrown at [./src/hotspot/share/prims/jni.cpp, line 1362]
Event: 19.048 Thread 0x00000231027ee800 Exception <a 'java/lang/NoSuchMethodError'{0x00000000adf28a38}: <clinit>> (0x00000000adf28a38) thrown at [./src/hotspot/share/prims/jni.cpp, line 1362]
Event: 19.062 Thread 0x00000231027ee800 Exception <a 'java/lang/NoSuchMethodError'{0x00000000adf6f208}: <clinit>> (0x00000000adf6f208) thrown at [./src/hotspot/share/prims/jni.cpp, line 1362]
Event: 19.064 Thread 0x00000231027ee800 Exception <a 'java/lang/NoSuchMethodError'{0x00000000adfbe870}: <clinit>> (0x00000000adfbe870) thrown at [./src/hotspot/share/prims/jni.cpp, line 1362]
Event: 19.076 Thread 0x00000231027f1000 Exception <a 'java/lang/InterruptedException'{0x00000000ade00000}> (0x00000000ade00000) thrown at [./src/hotspot/share/runtime/objectMonitor.cpp, line 1635]
Event: 19.076 Thread 0x00000231027f1000 Exception <a 'java/lang/NoSuchMethodError'{0x00000000ade08058}: 'java.lang.Object java.lang.invoke.DirectMethodHandle$Holder.invokeStatic(java.lang.Object, java.lang.Object, int, java.lang.Object, long)'> (0x00000000ade08058) thrown at [./src/hotspot/share/interpreter/linkResolver.cpp, line 773]
Event: 19.093 Thread 0x00000231027ee800 Exception <a 'java/lang/NoSuchMethodError'{0x00000000ade380f0}: <clinit>> (0x00000000ade380f0) thrown at [./src/hotspot/share/prims/jni.cpp, line 1362]
Event: 19.094 Thread 0x00000231027ee800 Exception <a 'java/lang/NoSuchMethodError'{0x00000000ade47f08}: <clinit>> (0x00000000ade47f08) thrown at [./src/hotspot/share/prims/jni.cpp, line 1362]
Event: 19.094 Thread 0x00000231027ee800 Exception <a 'java/lang/NoSuchMethodError'{0x00000000ade5bab0}: <clinit>> (0x00000000ade5bab0) thrown at [./src/hotspot/share/prims/jni.cpp, line 1362]
Event: 19.101 Thread 0x00000231027ee800 Exception <a 'java/lang/NoSuchMethodError'{0x00000000ade8e798}: <clinit>> (0x00000000ade8e798) thrown at [./src/hotspot/share/prims/jni.cpp, line 1362]
Event: 19.121 Thread 0x00000231027ee800 Exception <a 'java/lang/NoSuchMethodError'{0x00000000addfe228}: 'java.lang.Object java.lang.invoke.DirectMethodHandle$Holder.invokeSpecial(java.lang.Object, java.lang.Object, int, int, int, java.lang.Object, java.lang.Object, int)'> (0x00000000addfe228) thrown at [./src/hotspot/share/interpreter/linkResolver.cpp, line 773]
Event: 19.121 Thread 0x00000231027ee800 Exception <a 'java/lang/NoSuchMethodError'{0x00000000adc023e0}: 'java.lang.Object java.lang.invoke.DelegatingMethodHandle$Holder.reinvoke_L(java.lang.Object, int, int, int, java.lang.Object, java.lang.Object, int)'> (0x00000000adc023e0) thrown at [./src/hotspot/share/interpreter/linkResolver.cpp, line 773]
Event: 19.127 Thread 0x00000231027ee800 Exception <a 'java/lang/NoSuchMethodError'{0x00000000adc3c810}: <clinit>> (0x00000000adc3c810) thrown at [./src/hotspot/share/prims/jni.cpp, line 1362]
Event: 19.136 Thread 0x00000231027ee800 Exception <a 'java/lang/NoSuchMethodError'{0x00000000adcbcc50}: <clinit>> (0x00000000adcbcc50) thrown at [./src/hotspot/share/prims/jni.cpp, line 1362]
Event: 19.139 Thread 0x00000231027ee800 Exception <a 'java/lang/NoSuchMethodError'{0x00000000adb02680}: <clinit>> (0x00000000adb02680) thrown at [./src/hotspot/share/prims/jni.cpp, line 1362]
Event: 19.140 Thread 0x00000231027ee800 Exception <a 'java/lang/NoSuchMethodError'{0x00000000adb1ee60}: <clinit>> (0x00000000adb1ee60) thrown at [./src/hotspot/share/prims/jni.cpp, line 1362]
Event: 19.140 Thread 0x00000231027ee800 Exception <a 'java/lang/NoSuchMethodError'{0x00000000adb3b900}: <clinit>> (0x00000000adb3b900) thrown at [./src/hotspot/share/prims/jni.cpp, line 1362]

Events (20 events):
Event: 19.217 loading class sun/rmi/transport/DGCImpl$LeaseInfo
Event: 19.217 loading class sun/rmi/transport/DGCImpl$LeaseInfo done
Event: 19.217 loading class sun/rmi/transport/DGCImpl$1
Event: 19.217 loading class sun/rmi/transport/DGCImpl$1 done
Event: 19.217 loading class sun/rmi/transport/SequenceEntry
Event: 19.217 loading class sun/rmi/transport/SequenceEntry done
Event: 19.511 Thread 0x000002317e7ef800 Thread exited: 0x000002317e7ef800
Event: 19.511 Thread 0x000002310350d800 Thread exited: 0x000002310350d800
Event: 26.592 loading class org/jetbrains/kotlin/daemon/common/CompileIterationResult
Event: 26.592 loading class org/jetbrains/kotlin/daemon/common/CompileIterationResult done
Event: 26.593 loading class org/jetbrains/kotlin/daemon/common/CompileIterationResult$Companion
Event: 26.593 loading class org/jetbrains/kotlin/daemon/common/CompileIterationResult$Companion done
Event: 26.601 loading class org/jetbrains/kotlin/compilerRunner/GradleCompilerServicesFacadeImpl$WhenMappings
Event: 26.601 loading class org/jetbrains/kotlin/compilerRunner/GradleCompilerServicesFacadeImpl$WhenMappings done
Event: 26.601 loading class org/jetbrains/kotlin/daemon/client/BasicCompilerServicesWithResultsFacadeServerKt
Event: 26.601 loading class org/jetbrains/kotlin/daemon/client/BasicCompilerServicesWithResultsFacadeServerKt done
Event: 26.602 loading class org/jetbrains/kotlin/daemon/client/BasicCompilerServicesWithResultsFacadeServerKt$WhenMappings
Event: 26.602 loading class org/jetbrains/kotlin/daemon/client/BasicCompilerServicesWithResultsFacadeServerKt$WhenMappings done
Event: 26.602 loading class org/jetbrains/kotlin/gradle/logging/GradleBufferingMessageCollector$MessageData
Event: 26.602 loading class org/jetbrains/kotlin/gradle/logging/GradleBufferingMessageCollector$MessageData done


Dynamic libraries:
0x00007ff6185d0000 - 0x00007ff6185da000 	C:\Program Files\Android\Android Studio\jre\bin\java.exe
0x00007ffa0b7b0000 - 0x00007ffa0b9a8000 	C:\WINDOWS\SYSTEM32\ntdll.dll
0x00007ffa0a9d0000 - 0x00007ffa0aa8d000 	C:\WINDOWS\System32\KERNEL32.DLL
0x00007ffa09240000 - 0x00007ffa0950e000 	C:\WINDOWS\System32\KERNELBASE.dll
0x00007ffa09710000 - 0x00007ffa09810000 	C:\WINDOWS\System32\ucrtbase.dll
0x00007ffa01b40000 - 0x00007ffa01b59000 	C:\Program Files\Android\Android Studio\jre\bin\jli.dll
0x00007ff9f9a70000 - 0x00007ff9f9a87000 	C:\Program Files\Android\Android Studio\jre\bin\VCRUNTIME140.dll
0x00007ffa0b110000 - 0x00007ffa0b2b0000 	C:\WINDOWS\System32\USER32.dll
0x00007ffa096e0000 - 0x00007ffa09702000 	C:\WINDOWS\System32\win32u.dll
0x00007ffa0aa90000 - 0x00007ffa0aaba000 	C:\WINDOWS\System32\GDI32.dll
0x00007ffa09560000 - 0x00007ffa0966b000 	C:\WINDOWS\System32\gdi32full.dll
0x00007ffa08f00000 - 0x00007ffa08f9d000 	C:\WINDOWS\System32\msvcp_win.dll
0x00007ff9fc250000 - 0x00007ff9fc4ea000 	C:\WINDOWS\WinSxS\amd64_microsoft.windows.common-controls_6595b64144ccf1df_6.0.19041.1110_none_60b5254171f9507e\COMCTL32.dll
0x00007ffa0b6d0000 - 0x00007ffa0b76e000 	C:\WINDOWS\System32\msvcrt.dll
0x00007ffa09aa0000 - 0x00007ffa09ad0000 	C:\WINDOWS\System32\IMM32.DLL
0x00007ff9abb60000 - 0x00007ff9abbfd000 	C:\Program Files\Android\Android Studio\jre\bin\msvcp140.dll
0x00007ff9b95f0000 - 0x00007ff9ba0c5000 	C:\Program Files\Android\Android Studio\jre\bin\server\jvm.dll
0x00007ffa0b2c0000 - 0x00007ffa0b36e000 	C:\WINDOWS\System32\ADVAPI32.dll
0x00007ffa0b4a0000 - 0x00007ffa0b53c000 	C:\WINDOWS\System32\sechost.dll
0x00007ffa0b370000 - 0x00007ffa0b495000 	C:\WINDOWS\System32\RPCRT4.dll
0x00007ffa0b540000 - 0x00007ffa0b548000 	C:\WINDOWS\System32\PSAPI.DLL
0x00007ff9f85b0000 - 0x00007ff9f85b9000 	C:\WINDOWS\SYSTEM32\WSOCK32.dll
0x00007ffa09bd0000 - 0x00007ffa09c3b000 	C:\WINDOWS\System32\WS2_32.dll
0x00007ffa01ad0000 - 0x00007ffa01ada000 	C:\WINDOWS\SYSTEM32\VERSION.dll
0x00007ffa00390000 - 0x00007ffa003b7000 	C:\WINDOWS\SYSTEM32\WINMM.dll
0x00007ffa06de0000 - 0x00007ffa06df2000 	C:\WINDOWS\SYSTEM32\kernel.appcore.dll
0x00007ff9cdb50000 - 0x00007ff9cdb61000 	C:\Program Files\Android\Android Studio\jre\bin\verify.dll
0x00007ff9f40c0000 - 0x00007ff9f42a4000 	C:\WINDOWS\SYSTEM32\DBGHELP.DLL
0x00007ff9f4090000 - 0x00007ff9f40bc000 	C:\WINDOWS\SYSTEM32\dbgcore.DLL
0x00007ffa09050000 - 0x00007ffa090d2000 	C:\WINDOWS\System32\bcryptPrimitives.dll
0x00007ff9bdb70000 - 0x00007ff9bdb99000 	C:\Program Files\Android\Android Studio\jre\bin\java.dll
0x00007ff9eb000000 - 0x00007ff9eb00b000 	C:\Program Files\Android\Android Studio\jre\bin\jimage.dll
0x00007ff9c1e90000 - 0x00007ff9c1ea8000 	C:\Program Files\Android\Android Studio\jre\bin\zip.dll
0x00007ffa0a1d0000 - 0x00007ffa0a914000 	C:\WINDOWS\System32\SHELL32.dll
0x00007ffa06fa0000 - 0x00007ffa07734000 	C:\WINDOWS\SYSTEM32\windows.storage.dll
0x00007ffa0ac70000 - 0x00007ffa0afc4000 	C:\WINDOWS\System32\combase.dll
0x00007ffa08860000 - 0x00007ffa08890000 	C:\WINDOWS\SYSTEM32\Wldp.dll
0x00007ffa0a920000 - 0x00007ffa0a9cd000 	C:\WINDOWS\System32\SHCORE.dll
0x00007ffa0afd0000 - 0x00007ffa0b025000 	C:\WINDOWS\System32\shlwapi.dll
0x00007ffa08e10000 - 0x00007ffa08e2f000 	C:\WINDOWS\SYSTEM32\profapi.dll
0x00007ff9bdcf0000 - 0x00007ff9bdd0a000 	C:\Program Files\Android\Android Studio\jre\bin\net.dll
0x00007ff9fcd10000 - 0x00007ff9fce1a000 	C:\WINDOWS\SYSTEM32\WINHTTP.dll
0x00007ffa085c0000 - 0x00007ffa0862a000 	C:\WINDOWS\system32\mswsock.dll
0x00007ff9bdc20000 - 0x00007ff9bdc34000 	C:\Program Files\Android\Android Studio\jre\bin\nio.dll
0x00007ff9ec3e0000 - 0x00007ff9ec406000 	C:\Users\HP\.gradle\native\31\windows-amd64\native-platform.dll
0x00007ff9e89c0000 - 0x00007ff9e89ca000 	C:\Program Files\Android\Android Studio\jre\bin\management.dll
0x00007ff9e88e0000 - 0x00007ff9e88ed000 	C:\Program Files\Android\Android Studio\jre\bin\management_ext.dll
0x00007ffa087c0000 - 0x00007ffa087d8000 	C:\WINDOWS\SYSTEM32\CRYPTSP.dll
0x00007ffa07f40000 - 0x00007ffa07f74000 	C:\WINDOWS\system32\rsaenh.dll
0x00007ffa08ed0000 - 0x00007ffa08ef7000 	C:\WINDOWS\System32\bcrypt.dll
0x00007ffa08dd0000 - 0x00007ffa08dfe000 	C:\WINDOWS\SYSTEM32\USERENV.dll
0x00007ffa087b0000 - 0x00007ffa087bc000 	C:\WINDOWS\SYSTEM32\CRYPTBASE.dll
0x00007ffa082b0000 - 0x00007ffa082eb000 	C:\WINDOWS\SYSTEM32\IPHLPAPI.DLL
0x00007ffa09b60000 - 0x00007ffa09b68000 	C:\WINDOWS\System32\NSI.dll
0x00007ffa02810000 - 0x00007ffa02827000 	C:\WINDOWS\SYSTEM32\dhcpcsvc6.DLL
0x00007ffa03280000 - 0x00007ffa0329d000 	C:\WINDOWS\SYSTEM32\dhcpcsvc.DLL
0x00007ffa082f0000 - 0x00007ffa083bb000 	C:\WINDOWS\SYSTEM32\DNSAPI.dll
0x00007ff9b39b0000 - 0x00007ff9b39d7000 	C:\Program Files\Android\Android Studio\jre\bin\sunec.dll
0x00007ff9fca60000 - 0x00007ff9fca6a000 	C:\Windows\System32\rasadhlp.dll
0x00007ff9fcc90000 - 0x00007ff9fcd10000 	C:\WINDOWS\System32\fwpuclnt.dll
0x00007ffa01bf0000 - 0x00007ffa01c0e000 	C:\Users\HP\AppData\Local\Temp\native-platform547589555938393551dir\native-platform.dll
0x00007ffa01b70000 - 0x00007ffa01b78000 	C:\Program Files\Android\Android Studio\jre\bin\rmi.dll

dbghelp: loaded successfully - version: 4.0.5 - missing functions: none
symbol engine: initialized successfully - sym options: 0x614 - pdb path: .;C:\Program Files\Android\Android Studio\jre\bin;C:\WINDOWS\SYSTEM32;C:\WINDOWS\WinSxS\amd64_microsoft.windows.common-controls_6595b64144ccf1df_6.0.19041.1110_none_60b5254171f9507e;C:\Program Files\Android\Android Studio\jre\bin\server;C:\Users\HP\.gradle\native\31\windows-amd64;C:\Users\HP\AppData\Local\Temp\native-platform547589555938393551dir

VM Arguments:
jvm_args: --add-opens=java.base/java.util=ALL-UNNAMED --add-opens=java.base/java.lang=ALL-UNNAMED --add-opens=java.base/java.lang.invoke=ALL-UNNAMED --add-opens=java.prefs/java.util.prefs=ALL-UNNAMED -Xmx1536m -Dfile.encoding=windows-1252 -Duser.country=IN -Duser.language=en -Duser.variant 
java_command: org.gradle.launcher.daemon.bootstrap.GradleDaemon 6.1.1
java_class_path (initial): C:\Users\HP\.gradle\wrapper\dists\gradle-6.1.1-all\cfmwm155h49vnt3hynmlrsdst\gradle-6.1.1\lib\gradle-launcher-6.1.1.jar
Launcher Type: SUN_STANDARD

[Global flags]
     intx CICompilerCount                          = 4                                         {product} {ergonomic}
     uint ConcGCThreads                            = 2                                         {product} {ergonomic}
     uint G1ConcRefinementThreads                  = 8                                         {product} {ergonomic}
   size_t G1HeapRegionSize                         = 1048576                                   {product} {ergonomic}
    uintx GCDrainStackTargetSize                   = 64                                        {product} {ergonomic}
   size_t InitialHeapSize                          = 134217728                                 {product} {ergonomic}
   size_t MarkStackSize                            = 4194304                                   {product} {ergonomic}
   size_t MaxHeapSize                              = 1610612736                                {product} {command line}
   size_t MaxNewSize                               = 965738496                                 {product} {ergonomic}
   size_t MinHeapDeltaBytes                        = 1048576                                   {product} {ergonomic}
    uintx NonNMethodCodeHeapSize                   = 5836300                                {pd product} {ergonomic}
    uintx NonProfiledCodeHeapSize                  = 122910970                              {pd product} {ergonomic}
    uintx ProfiledCodeHeapSize                     = 122910970                              {pd product} {ergonomic}
    uintx ReservedCodeCacheSize                    = 251658240                              {pd product} {ergonomic}
     bool SegmentedCodeCache                       = true                                      {product} {ergonomic}
     bool UseCompressedClassPointers               = true                                 {lp64_product} {ergonomic}
     bool UseCompressedOops                        = true                                 {lp64_product} {ergonomic}
     bool UseG1GC                                  = true                                      {product} {ergonomic}
     bool UseLargePagesIndividualAllocation        = false                                  {pd product} {ergonomic}

Logging:
Log output configuration:
 #0: stdout all=warning uptime,level,tags
 #1: stderr all=off uptime,level,tags

Environment Variables:
PATH=C:\WINDOWS\system32;C:\WINDOWS;C:\WINDOWS\System32\Wbem;C:\WINDOWS\System32\WindowsPowerShell\v1.0\;C:\WINDOWS\System32\OpenSSH\;C:\Program Files\dotnet\;C:\Program Files\Microsoft SQL Server\130\Tools\Binn\;C:\Program Files (x86)\Microsoft SQL Server\Client SDK\ODBC\130\Tools\Binn\;C:\Program Files (x86)\Microsoft SQL Server\140\Tools\Binn\;C:\Program Files (x86)\Microsoft SQL Server\140\DTS\Binn\;C:\Program Files (x86)\Microsoft SQL Server\140\Tools\Binn\ManagementStudio\;C:\Program Files\Microsoft SQL Server\Client SDK\ODBC\130\Tools\Binn\;C:\Program Files\Microsoft SQL Server\140\Tools\Binn\;C:\Program Files\Microsoft SQL Server\140\DTS\Binn\;C:\Program Files\nodejs\;C:\Program Files\TortoiseSVN\bin;C:\Program Files\Git\cmd;C:\Users\HP\AppData\Local\Microsoft\WindowsApps;C:\Users\HP\AppData\Roaming\npm;C:\Users\HP\.dotnet\tools;C:\Users\HP\AppData\Local\Programs\Fiddler;C:\Program Files\JetBrains\CLion 2019.2.4\bin;;C:\Users\HP\AppData\Local\Microsoft\WindowsApps;C:\Users\HP\AppData\Local\GitHubDesktop\bin
USERNAME=HP
OS=Windows_NT
PROCESSOR_IDENTIFIER=Intel64 Family 6 Model 58 Stepping 9, GenuineIntel



---------------  S Y S T E M  ---------------

OS: Windows 10 , 64 bit Build 19041 (10.0.19041.1806)
OS uptime: 1 days 4:57 hours

CPU:total 8 (initial active 8) (4 cores per cpu, 2 threads per core) family 6 model 58 stepping 9 microcode 0x21, cmov, cx8, fxsr, mmx, sse, sse2, sse3, ssse3, sse4.1, sse4.2, popcnt, avx, aes, clmul, erms, ht, tsc, tscinvbit, tscinv

Memory: 4k page, system-wide physical 8066M (1021M free)
TotalPageFile size 18916M (AvailPageFile size 3M)
current process WorkingSet (physical memory assigned to process): 469M, peak: 511M
current process commit charge ("private bytes"): 513M, peak: 548M

vm_info: OpenJDK 64-Bit Server VM (11.0.11+9-b60-7590822) for windows-amd64 JRE (11.0.11+9-b60-7590822), built on Jul 29 2021 21:43:44 by "builder" with MS VC++ 14.0 (VS2015)

END.
